Log file open, 02/18/15 13:17:34
LogInit:Display: Running engine for game: Blindness
LogInit: Version: 4.6.1-2386410+++depot+UE4-Releases+4.6
LogInit: API Version: 2369412
LogInit: Compiled (64-bit): Dec 11 2014 21:31:39
LogInit: Compiled with Visual C++: 18.00.21005.01
LogInit: Build Configuration: Development
LogInit: Branch Name: ++depot+UE4-Releases+4.6
LogInit: Command line: 
LogInit: Base directory: C:/Program Files/Epic Games/4.6/Engine/Binaries/Win64/
LogInit: Rocket: 1
[2015.02.18-12.17.34:506][  0]LogTaskGraph: Started task graph with 3 named threads and 6 total threads.
[2015.02.18-12.17.34:561][  0]LogOnline:Warning: No default platform service specified for OnlineSubsystem
[2015.02.18-12.17.34:585][  0]LogInit: Presizing for 0 objects not considered by GC, pre-allocating 0 bytes.
[2015.02.18-12.17.34:597][  0]LogInit: Object subsystem initialized
[2015.02.18-12.17.34:605][  0]LogInit: Selected Device Profile: [Windows]
[2015.02.18-12.17.34:605][  0]LogInit: Applying CVar settings loaded from the selected device profile: [Windows]
[2015.02.18-12.17.34:610][  0]LogInit: Computer: LETO
[2015.02.18-12.17.34:610][  0]LogInit: User: Edi
[2015.02.18-12.17.34:610][  0]LogInit: CPU Page size=4096, Cores=4
[2015.02.18-12.17.34:610][  0]LogInit: High frequency timer resolution =2.571678 MHz
[2015.02.18-12.17.34:610][  0]LogMemory: Memory total: Physical=12.0GB (12GB approx) Virtual=131072.0GB
[2015.02.18-12.17.34:611][  0]LogMemory: Platform Memory Stats for Windows
[2015.02.18-12.17.34:611][  0]LogMemory: Process Physical Memory: 47.03 MB used, 47.03 MB peak
[2015.02.18-12.17.34:611][  0]LogMemory: Process Virtual Memory: 22.21 MB used, 24.43 MB peak
[2015.02.18-12.17.34:611][  0]LogMemory: Physical Memory: 3246.68 MB used, 12279.11 MB total
[2015.02.18-12.17.34:611][  0]LogMemory: Virtual Memory: 269.87 MB used, 134217728.00 MB total
[2015.02.18-12.17.34:624][  0]LogD3D11RHI: Found D3D11 adapter 0: AMD Radeon HD 5800 Series (Feature Level 11_0)
[2015.02.18-12.17.34:624][  0]LogD3D11RHI: Adapter has 1010MB of dedicated video memory, 0MB of dedicated system memory, and 3840MB of shared system memory, 2 output[s]
[2015.02.18-12.17.34:625][  0]LogD3D11RHI: Found D3D11 adapter 1: Microsoft Basic Render Driver (Feature Level 11_0)
[2015.02.18-12.17.34:625][  0]LogD3D11RHI: Adapter has 0MB of dedicated video memory, 0MB of dedicated system memory, and 256MB of shared system memory, 0 output[s]
[2015.02.18-12.17.34:625][  0]LogD3D11RHI: Chosen D3D11 Adapter Id = 0
[2015.02.18-12.17.34:629][  0]LogRHI: Texture pool is 707 MB (70% of 1010 MB)
[2015.02.18-12.17.34:635][  0]LogD3D11RHI: Async texture creation disabled: no driver support
[2015.02.18-12.17.34:688][  0]LogTextLocalizationManager: The requested culture ('hr_HR') has no localization data; falling back to 'en' for localization and internationalization data.
[2015.02.18-12.17.34:904][  0]LogContentStreaming: Texture pool size is 0.000000MB
[2015.02.18-12.17.42:608][  0]LogTargetPlatformManager:Display: Building Assets For Windows
[2015.02.18-12.17.43:208][  0]LogTargetPlatformManager:Display: Building Assets For Windows
[2015.02.18-12.17.43:277][  0]LogDerivedDataCache:Display: Max Cache Size: 512 MB
[2015.02.18-12.17.43:645][  0]LogDerivedDataCache: Loaded boot cache 0.37s 39MB C:/Users/Edi/AppData/Local/UnrealEngine/4.6/DerivedDataCache/Boot.ddc.
[2015.02.18-12.17.43:645][  0]LogDerivedDataCache:Display: Loaded Boot cache: C:/Users/Edi/AppData/Local/UnrealEngine/4.6/DerivedDataCache/Boot.ddc
[2015.02.18-12.17.43:645][  0]LogDerivedDataCache: FDerivedDataBackendGraph:  Pak pak cache file ../../../../../../Users/Edi/Documents/Unreal Projects/Blindness/DerivedDataCache/DDC.ddp not found, will not use a pak cache.
[2015.02.18-12.17.43:645][  0]LogDerivedDataCache: Unable to find inner node Pak for hierarchical cache Hierarchy.
[2015.02.18-12.17.43:733][  0]LogDerivedDataCache:Display: Pak cache opened for reading ../../../Engine/DerivedDataCache/DDC.ddp.
[2015.02.18-12.17.43:745][  0]LogDerivedDataCache: Using Local data cache path C:/Users/Edi/AppData/Local/UnrealEngine/Common/DerivedDataCache: Writable
[2015.02.18-12.17.43:919][  0]LogCollisionProfile:Warning: Profile (UI) - Custom Channel Name = 'Weapon' hasn't been found
[2015.02.18-12.17.44:116][  0]LogMeshUtilities: No automatic mesh reduction module available
[2015.02.18-12.17.44:116][  0]LogMeshUtilities: No automatic mesh merging module available
[2015.02.18-12.17.44:589][  0]LogInit: WinSock: version 1.1 (2.2), MaxSocks=32767, MaxUdp=65467
[2015.02.18-12.17.44:671][  0]LogSlate:Warning: Failed to load font data from '../../../Engine/Content/Slate/Fonts/Roboto-Italic.ttf'
[2015.02.18-12.17.47:944][  0]UdpMessaging: Initializing bridge on interface 0.0.0.0:0 to multicast group 230.0.0.1:6666.
[2015.02.18-12.17.48:139][  0]LogDirectoryWatcher:Warning: Failed to begin reading directory changes for C:/Users/Edi/Documents/Unreal Projects/Blindness/Binaries/Win64. Error: 0
[2015.02.18-12.17.48:350][  0]SourceControl: Info Source control is disabled
[2015.02.18-12.17.48:350][  0]SourceControl: Info Source control is disabled
[2015.02.18-12.17.48:359][  0]SourceControl: Info Source control is disabled
[2015.02.18-12.17.48:563][  0]LogObj: 23754 objects as part of root set at end of initial load.
[2015.02.18-12.17.48:563][  0]LogUObjectAllocator: 5168136 out of 0 bytes used by permanent object pool.
[2015.02.18-12.17.48:640][  0]LogEngine: Initializing Engine...
[2015.02.18-12.17.48:868][  0]LogInit: XAudio2 using 'Speakers (High Definition Audio Device)' : 2 channels at 44.1 kHz using 16 bits per sample (channel mask 0x3)
[2015.02.18-12.17.48:875][  0]LogInit: FAudioDevice initialized.
[2015.02.18-12.17.48:900][  0]LogAIModule: Creating AISystem for world NewWorld
[2015.02.18-12.17.48:923][  0]LogDerivedDataCache: Saved boot cache 0.02s 39MB C:/Users/Edi/AppData/Local/UnrealEngine/4.6/DerivedDataCache/Boot.ddc.
[2015.02.18-12.17.48:931][  0]LogInit: Texture streaming: Enabled
[2015.02.18-12.17.48:966][  0]LogAnalytics: Creating configured Analytics provider AnalyticsET
[2015.02.18-12.17.48:966][  0]LogAnalytics: ET APIKey = Rocket.Release. APIServer = http://et2.epicgames.com/ET2/. AppVersion = 4.6.1-2386410+++depot+UE4-Releases+4.6
[2015.02.18-12.17.48:967][  0]LogAnalytics: SetUserId 88699552893175d1deffbf43a256080f
[2015.02.18-12.17.48:967][  0]LogAnalytics: AnalyticsET::StartSession [Rocket.Release]
[2015.02.18-12.17.48:988][  0]LogInit: Transaction tracking system initialized
[2015.02.18-12.17.49:106][  0]BlueprintLog: New page: Editor Load
[2015.02.18-12.17.49:142][  0]LogAssetRegistry: FAssetRegistry took 0.0105 seconds to start up
[2015.02.18-12.17.49:142][  0]LogDirectoryWatcher:Warning: Failed to begin reading directory changes for ../../../Engine/Plugins/Experimental/CharacterAI/Content/. Error: 0
[2015.02.18-12.17.49:815][  0]LogTargetPlatformManager:Display: Building Assets For Windows
[2015.02.18-12.17.50:314][  0]LogTargetPlatformManager:Display: Building Assets For Windows
[2015.02.18-12.17.54:771][  0]LogConsoleResponse:Display: 
[2015.02.18-12.17.54:831][  0]LogLinker:Warning: Asset '../../../Engine/Content/Functions/Engine_MaterialFunctions03/Procedurals/ComputeFilterWidth.uasset' has been saved with empty engine version. The asset will be loaded but may be incompatible.
[2015.02.18-12.17.55:137][  0]SourceControl: Info Source control is disabled
[2015.02.18-12.17.55:137][  0]Cmd: MAP LOAD FILE="../../../../../../Users/Edi/Documents/Unreal Projects/Blindness/Content/Maps/Example_Map.umap" TEMPLATE=0 SHOWPROGRESS=1
[2015.02.18-12.17.55:138][  0]LightingResults: New page: Lighting Build
[2015.02.18-12.17.55:150][  0]MapCheck: New page: Map Check
[2015.02.18-12.17.55:150][  0]LightingResults: New page: Lighting Build
[2015.02.18-12.17.55:159][  0]LogParticles: Destroying 0 GPU particle simulations for FXSystem 0x000000F63635FE20
[2015.02.18-12.17.55:696][  0]LogStaticMesh: Building static mesh TemplateCube_Rounded...
[2015.02.18-12.17.55:730][  0]LogStaticMesh: Built static mesh [33.913265ms] /Game/Meshes/TemplateCube_Rounded.TemplateCube_Rounded
[2015.02.18-12.17.55:806][  0]LogTexture:Display: Building textures: HQ_Lightmap0_1 (AutoDXT)
[2015.02.18-12.17.55:998][  0]LogTexture:Display: Building textures: HQ_Lightmap0_2 (AutoDXT)
[2015.02.18-12.17.56:005][  0]LogTexture:Display: Building textures: HQ_Lightmap1_2 (AutoDXT)
[2015.02.18-12.17.56:027][  0]LogTexture:Display: Building textures: LQ_Lightmap_0_1 (DXT1)
[2015.02.18-12.17.56:120][  0]LogTexture:Display: Building textures: LQ_Lightmap_1_2 (DXT1)
[2015.02.18-12.17.56:135][  0]LogTexture:Display: Building textures: ShadowMapTexture2D_0 (BGRA8)
[2015.02.18-12.17.56:181][  0]LogTexture:Display: Building textures: ShadowMapTexture2D_1 (BGRA8)
[2015.02.18-12.17.56:183][  0]LogTexture:Display: Building textures: ShadowMapTexture2D_2 (BGRA8)
[2015.02.18-12.17.56:303][  0]LogEditorServer: Finished looking for orphan Actors (0.000 secs)
[2015.02.18-12.17.56:303][  0]LogAIModule: Creating AISystem for world Example_Map
[2015.02.18-12.17.56:344][  0]Cmd: MAP CHECKDEP
[2015.02.18-12.17.56:344][  0]MapCheck: New page: Example_Map - Feb 18, 2015, 2:17:56 PM
[2015.02.18-12.17.56:448][  0]MapCheck: Info Map check complete: 0 Error(s), 0 Warning(s), took 103.456ms to complete.
[2015.02.18-12.17.56:448][  0]LogFileHelpers: Loading map 'Example_Map' took 1.311
[2015.02.18-12.17.56:978][  0]LogCollectionManager: Loaded 0 collections in 0.001513 seconds
[2015.02.18-12.17.57:625][  0]LogCrashTracker: Crashtracker disabled due to settings.
[2015.02.18-12.17.57:829][  0]LogLoad: Full Startup: 25.61 seconds (BP compile: 0.08 seconds)
[2015.02.18-12.17.58:277][  0]LogPackageName: SearchForPackageOnDisk took   0.099s to resolve LevelEditor.TutorialLaunchButton
[2015.02.18-12.17.58:277][  0]LogUObjectGlobals:Warning: LoadPackage can't find package LevelEditor.TutorialLaunchButton.
[2015.02.18-12.17.58:374][  0]LogPackageName: SearchForPackageOnDisk took   0.096s to resolve 
[2015.02.18-12.17.58:374][  0]LogUObjectGlobals:Warning: LoadPackage can't find package .
[2015.02.18-12.17.58:640][  0]LogRenderer:Warning: Reallocating scene render targets to support 1520x1264.
[2015.02.18-12.17.59:855][  3]LogAssetRegistry: Asset discovery search completed in 10.7248 seconds
[2015.02.18-12.18.20:423][306]LogPlayLevel: PIE:  No blueprints needed recompiling
[2015.02.18-12.18.20:424][306]PIE: New page: PIE session: Example_Map (Feb 18, 2015, 2:18:20 PM)
[2015.02.18-12.18.20:493][306]LogPlayLevel: PIE: StaticDuplicateObject took: (0.069060s)
[2015.02.18-12.18.20:494][306]LogPlayLevel: PIE: World Init took: (0.000913s)
[2015.02.18-12.18.20:502][306]LogPlayLevel: PIE: Created PIE world by copying editor world from /Game/Maps/Example_Map.Example_Map to /Game/Maps/UEDPIE_0_Example_Map.Example_Map (0.077718s)
[2015.02.18-12.18.20:911][306]LogLinker:Warning: Asset '../../../../../../Users/Edi/Documents/Unreal Projects/Blindness/Content/Blueprints/MyProjectile.uasset' has been saved with empty engine version. The asset will be loaded but may be incompatible.
[2015.02.18-12.18.21:311][306]LogAnimation:Warning: UAnimMontage::PostLoad: The actual sequence length for montage FPP_Fire_Montage does not match the length stored in the asset, please resave the montage asset.
[2015.02.18-12.18.21:335][306]LogAudioDerivedData:Display: Building compressed audio format OGG wave Template1rst_WeaponFire02...
[2015.02.18-12.18.21:482][306]LogTexture:Display: Building textures: crosshair (AutoDXT)
[2015.02.18-12.18.21:487][306]BlueprintLog:Warning: Warning Blueprint MyHUD has been migrated and requires re-saving to avoid import errors
[2015.02.18-12.18.21:489][306]BlueprintLog:Warning: Warning Blueprint MyGame has been migrated and requires re-saving to avoid import errors
[2015.02.18-12.18.21:490][306]LogWorld: Game class is 'MyGame_C'
[2015.02.18-12.18.21:659][306]LogAIModule: Creating AISystem for world Example_Map
[2015.02.18-12.18.21:674][306]LogWorld: Bringing World /Game/Maps/UEDPIE_0_Example_Map.Example_Map up for play (max tick rate 0) at 2015.02.18-13.18.21
[2015.02.18-12.18.21:716][306]LogWorld: Bringing up level for play took: 0.056523
[2015.02.18-12.18.21:876][306]PIE: Info Play in editor start time for /Game/Maps/UEDPIE_0_Example_Map 1.241
[2015.02.18-12.19.46:455][384]LogParticles: Destroying 0 GPU particle simulations for FXSystem 0x000000F6307F5760
[2015.02.18-12.19.49:165][417]Cmd: QUIT_EDITOR
[2015.02.18-12.19.49:655][417]LogExit: Preparing to exit.
[2015.02.18-12.19.50:051][417]LogExit: Editor shut down
[2015.02.18-12.19.50:051][417]LogExit: Transaction tracking system shut down
[2015.02.18-12.19.50:052][417]LogParticles: Destroying 0 GPU particle simulations for FXSystem 0x000000F634AFF9C0
[2015.02.18-12.19.50:082][417]LogExit: Object subsystem successfully closed.
[2015.02.18-12.19.50:145][417]LogModuleManager: Shutting down and abandoning module AndroidDeviceDetection (172)
[2015.02.18-12.19.50:145][417]LogModuleManager: Shutting down and abandoning module CrashTracker (171)
[2015.02.18-12.19.50:145][417]LogModuleManager: Shutting down and abandoning module SuperSearch (170)
[2015.02.18-12.19.50:145][417]LogModuleManager: Shutting down and abandoning module SceneOutliner (169)
[2015.02.18-12.19.50:145][417]LogModuleManager: Shutting down and abandoning module EditorWidgets (168)
[2015.02.18-12.19.50:145][417]LogModuleManager: Shutting down and abandoning module CollectionManager (167)
[2015.02.18-12.19.50:158][417]LogModuleManager: Shutting down and abandoning module StatsViewer (166)
[2015.02.18-12.19.50:158][417]LogModuleManager: Shutting down and abandoning module FoliageEdit (165)
[2015.02.18-12.19.50:158][417]LogModuleManager: Shutting down and abandoning module LandscapeEditor (164)
[2015.02.18-12.19.50:158][417]LogModuleManager: Shutting down and abandoning module MeshPaint (163)
[2015.02.18-12.19.50:158][417]LogModuleManager: Shutting down and abandoning module ActorPickerMode (162)
[2015.02.18-12.19.50:158][417]LogModuleManager: Shutting down and abandoning module GeometryMode (161)
[2015.02.18-12.19.50:158][417]LogModuleManager: Shutting down and abandoning module TextureAlignMode (160)
[2015.02.18-12.19.50:158][417]LogModuleManager: Shutting down and abandoning module BspMode (159)
[2015.02.18-12.19.50:158][417]LogModuleManager: Shutting down and abandoning module PlacementMode (158)
[2015.02.18-12.19.50:158][417]LogModuleManager: Shutting down and abandoning module AutomationWorker (157)
[2015.02.18-12.19.50:158][417]LogModuleManager: Shutting down and abandoning module CharacterAI (156)
[2015.02.18-12.19.50:158][417]LogModuleManager: Shutting down and abandoning module GameProjectGeneration (155)
[2015.02.18-12.19.50:158][417]LogModuleManager: Shutting down and abandoning module IntroTutorials (154)
[2015.02.18-12.19.50:166][417]LogModuleManager: Shutting down and abandoning module EditorLiveStreaming (153)
[2015.02.18-12.19.50:166][417]LogModuleManager: Shutting down and abandoning module HardwareTargeting (152)
[2015.02.18-12.19.50:166][417]LogModuleManager: Shutting down and abandoning module DeviceProfileEditor (151)
[2015.02.18-12.19.50:166][417]LogModuleManager: Shutting down and abandoning module UndoHistory (150)
[2015.02.18-12.19.50:166][417]LogModuleManager: Shutting down and abandoning module GameplayTagsEditor (149)
[2015.02.18-12.19.50:166][417]LogModuleManager: Shutting down and abandoning module UserFeedback (148)
[2015.02.18-12.19.50:166][417]LogModuleManager: Shutting down and abandoning module XmlParser (147)
[2015.02.18-12.19.50:166][417]LogModuleManager: Shutting down and abandoning module Blutility (146)
[2015.02.18-12.19.50:166][417]LogModuleManager: Shutting down and abandoning module IOSPlatformEditor (145)
[2015.02.18-12.19.50:166][417]LogModuleManager: Shutting down and abandoning module IOSRuntimeSettings (144)
[2015.02.18-12.19.50:166][417]LogModuleManager: Shutting down and abandoning module AndroidPlatformEditor (143)
[2015.02.18-12.19.50:166][417]LogModuleManager: Shutting down and abandoning module AndroidRuntimeSettings (142)
[2015.02.18-12.19.50:166][417]LogModuleManager: Shutting down and abandoning module ProjectTargetPlatformEditor (141)
[2015.02.18-12.19.50:166][417]LogModuleManager: Shutting down and abandoning module ProjectSettingsViewer (140)
[2015.02.18-12.19.50:166][417]LogModuleManager: Shutting down and abandoning module InputBindingEditor (139)
[2015.02.18-12.19.50:166][417]LogModuleManager: Shutting down and abandoning module EditorSettingsViewer (138)
[2015.02.18-12.19.50:166][417]LogModuleManager: Shutting down and abandoning module SettingsEditor (137)
[2015.02.18-12.19.50:166][417]LogModuleManager: Shutting down and abandoning module ProjectLauncher (136)
[2015.02.18-12.19.50:166][417]LogModuleManager: Shutting down and abandoning module SessionFrontend (135)
[2015.02.18-12.19.50:166][417]LogModuleManager: Shutting down and abandoning module ProfilerClient (134)
[2015.02.18-12.19.50:166][417]LogModuleManager: Shutting down and abandoning module TargetDeviceServices (133)
[2015.02.18-12.19.50:167][417]LogModuleManager: Shutting down and abandoning module DeviceManager (132)
[2015.02.18-12.19.50:167][417]LogModuleManager: Shutting down and abandoning module AutomationController (131)
[2015.02.18-12.19.50:167][417]LogModuleManager: Shutting down and abandoning module AutomationWindow (130)
[2015.02.18-12.19.50:167][417]LogModuleManager: Shutting down and abandoning module Layers (129)
[2015.02.18-12.19.50:167][417]LogModuleManager: Shutting down and abandoning module ComponentVisualizers (128)
[2015.02.18-12.19.50:167][417]LogModuleManager: Shutting down and abandoning module DetailCustomizations (127)
[2015.02.18-12.19.50:167][417]LogModuleManager: Shutting down and abandoning module PackagesDialog (126)
[2015.02.18-12.19.50:167][417]LogModuleManager: Shutting down and abandoning module AssetRegistry (125)
[2015.02.18-12.19.50:235][417]LogModuleManager: Shutting down and abandoning module Persona (124)
[2015.02.18-12.19.50:235][417]LogModuleManager: Shutting down and abandoning module Kismet (123)
[2015.02.18-12.19.50:235][417]LogModuleManager: Shutting down and abandoning module GraphEditor (122)
[2015.02.18-12.19.50:235][417]LogModuleManager: Shutting down and abandoning module ClassViewer (121)
[2015.02.18-12.19.50:235][417]LogModuleManager: Shutting down and abandoning module Toolbox (120)
[2015.02.18-12.19.50:235][417]LogModuleManager: Shutting down and abandoning module ModuleUI (119)
[2015.02.18-12.19.50:235][417]LogModuleManager: Shutting down and abandoning module MovieSceneTools (118)
[2015.02.18-12.19.50:236][417]LogModuleManager: Shutting down and abandoning module OutputLog (117)
[2015.02.18-12.19.50:236][417]LogModuleManager: Shutting down and abandoning module GammaUI (116)
[2015.02.18-12.19.50:236][417]LogModuleManager: Shutting down and abandoning module Documentation (115)
[2015.02.18-12.19.50:236][417]LogModuleManager: Shutting down and abandoning module GameLiveStreaming (114)
[2015.02.18-12.19.50:236][417]LogModuleManager: Shutting down and abandoning module StreamingPauseRendering (113)
[2015.02.18-12.19.50:236][417]LogModuleManager: Shutting down and abandoning module HTTP (112)
[2015.02.18-12.19.50:236][417]LogModuleManager: Shutting down and abandoning module AnalyticsET (111)
[2015.02.18-12.19.50:236][417]LogModuleManager: Shutting down and abandoning module Analytics (110)
[2015.02.18-12.19.50:236][417]LogModuleManager: Shutting down and abandoning module AITestSuite (109)
[2015.02.18-12.19.50:236][417]LogModuleManager: Shutting down and abandoning module AIModule (108)
[2015.02.18-12.19.50:236][417]LogModuleManager: Shutting down and abandoning module ProfilerService (107)
[2015.02.18-12.19.50:351][417]LogModuleManager: Shutting down and abandoning module TaskGraph (106)
[2015.02.18-12.19.50:351][417]LogModuleManager: Shutting down and abandoning module GameplayDebugger (105)
[2015.02.18-12.19.50:351][417]LogModuleManager: Shutting down and abandoning module SlateRemote (104)
[2015.02.18-12.19.50:351][417]LogModuleManager: Shutting down and abandoning module ScriptEditorPlugin (103)
[2015.02.18-12.19.50:351][417]LogModuleManager: Shutting down and abandoning module CustomMeshComponent (102)
[2015.02.18-12.19.50:351][417]LogModuleManager: Shutting down and abandoning module CableComponent (101)
[2015.02.18-12.19.50:351][417]LogModuleManager: Shutting down and abandoning module MessagingDebugger (100)
[2015.02.18-12.19.50:351][417]LogModuleManager: Shutting down and abandoning module MediaPlayerEditor (99)
[2015.02.18-12.19.50:351][417]LogModuleManager: Shutting down and abandoning module SpeedTreeImporter (98)
[2015.02.18-12.19.50:351][417]LogModuleManager: Shutting down and abandoning module PluginsEditor (97)
[2015.02.18-12.19.50:351][417]LogModuleManager: Shutting down and abandoning module EpicSurvey (96)
[2015.02.18-12.19.50:352][417]LogModuleManager: Shutting down and abandoning module DesktopPlatform (95)
[2015.02.18-12.19.50:352][417]LogModuleManager: Shutting down and abandoning module VisualStudioSourceCodeAccess (94)
[2015.02.18-12.19.50:352][417]LogModuleManager: Shutting down and abandoning module UObjectPlugin (93)
[2015.02.18-12.19.50:352][417]LogModuleManager: Shutting down and abandoning module SubversionSourceControl (92)
[2015.02.18-12.19.50:352][417]LogModuleManager: Shutting down and abandoning module SourceControl (91)
[2015.02.18-12.19.50:352][417]LogModuleManager: Shutting down and abandoning module PerforceSourceControl (90)
[2015.02.18-12.19.50:352][417]LogModuleManager: Shutting down and abandoning module BlankPlugin (89)
[2015.02.18-12.19.50:352][417]LogModuleManager: Shutting down and abandoning module SlateReflector (88)
[2015.02.18-12.19.50:352][417]LogModuleManager: Shutting down and abandoning module DirectoryWatcher (87)
[2015.02.18-12.19.50:352][417]LogModuleManager: Shutting down and abandoning module HotReload (86)
[2015.02.18-12.19.50:352][417]LogModuleManager: Shutting down and abandoning module MainFrame (85)
[2015.02.18-12.19.50:352][417]LogModuleManager: Shutting down and abandoning module LevelEditor (84)
[2015.02.18-12.19.50:354][417]LogModuleManager: Shutting down and abandoning module ViewportSnapping (83)
[2015.02.18-12.19.50:354][417]LogModuleManager: Shutting down and abandoning module SmartSnapping (82)
[2015.02.18-12.19.50:354][417]LogModuleManager: Shutting down and abandoning module PaperTiledImporter (81)
[2015.02.18-12.19.50:354][417]LogModuleManager: Shutting down and abandoning module PaperJsonImporter (80)
[2015.02.18-12.19.50:354][417]LogModuleManager: Shutting down and abandoning module ContentBrowser (79)
[2015.02.18-12.19.50:355][417]LogModuleManager: Shutting down and abandoning module Paper2DEditor (78)
[2015.02.18-12.19.50:355][417]LogModuleManager: Shutting down and abandoning module ScriptPlugin (77)
[2015.02.18-12.19.50:355][417]LogModuleManager: Shutting down and abandoning module UdpMessaging (76)
[2015.02.18-12.19.50:456][417]LogModuleManager: Shutting down and abandoning module Paper2D (75)
[2015.02.18-12.19.50:456][417]LogModuleManager: Shutting down and abandoning module UE4Game (74)
[2015.02.18-12.19.50:456][417]LogModuleManager: Shutting down and abandoning module WindowsMoviePlayer (73)
[2015.02.18-12.19.50:458][417]LogModuleManager: Shutting down and abandoning module Media (72)
[2015.02.18-12.19.50:458][417]LogModuleManager: Shutting down and abandoning module WmfMedia (71)
[2015.02.18-12.19.50:458][417]LogModuleManager: Shutting down and abandoning module OnlineBlueprintSupport (70)
[2015.02.18-12.19.50:458][417]LogModuleManager: Shutting down and abandoning module PropertyEditor (69)
[2015.02.18-12.19.50:458][417]LogModuleManager: Shutting down and abandoning module BehaviorTreeEditor (68)
[2015.02.18-12.19.50:458][417]LogModuleManager: Shutting down and abandoning module FunctionalTesting (67)
[2015.02.18-12.19.50:458][417]LogModuleManager: Shutting down and abandoning module CollisionAnalyzer (66)
[2015.02.18-12.19.50:458][417]LogModuleManager: Shutting down and abandoning module WorkspaceMenuStructure (65)
[2015.02.18-12.19.50:458][417]LogModuleManager: Shutting down and abandoning module MessageLog (64)
[2015.02.18-12.19.50:458][417]LogModuleManager: Shutting down and abandoning module Sequencer (63)
[2015.02.18-12.19.50:458][417]LogModuleManager: Shutting down and abandoning module AssetTools (62)
[2015.02.18-12.19.50:459][417]LogModuleManager: Shutting down and abandoning module UMGEditor (61)
[2015.02.18-12.19.50:459][417]LogModuleManager: Shutting down and abandoning module UMG (60)
[2015.02.18-12.19.50:459][417]LogModuleManager: Shutting down and abandoning module Slate (59)
[2015.02.18-12.19.50:459][417]LogModuleManager: Shutting down and abandoning module EditorStyle (58)
[2015.02.18-12.19.50:463][417]LogModuleManager: Shutting down and abandoning module SessionServices (57)
[2015.02.18-12.19.50:463][417]LogModuleManager: Shutting down and abandoning module SourceCodeAccess (56)
[2015.02.18-12.19.50:463][417]LogModuleManager: Shutting down and abandoning module HeadMountedDisplay (55)
[2015.02.18-12.19.50:463][417]LogModuleManager: Shutting down and abandoning module XAudio2 (54)
[2015.02.18-12.19.50:463][417]LogModuleManager: Shutting down and abandoning module Networking (52)
[2015.02.18-12.19.50:463][417]LogModuleManager: Shutting down and abandoning module Core (51)
[2015.02.18-12.19.50:463][417]LogModuleManager: Shutting down and abandoning module KismetCompiler (50)
[2015.02.18-12.19.50:463][417]LogModuleManager: Shutting down and abandoning module PhysXFormats (49)
[2015.02.18-12.19.50:463][417]LogModuleManager: Shutting down and abandoning module MeshUtilities (48)
[2015.02.18-12.19.50:463][417]LogModuleManager: Shutting down and abandoning module DerivedDataCache (47)
[2015.02.18-12.19.50:513][417]LogDerivedDataCache: Shutdown
[2015.02.18-12.19.50:513][417]LogModuleManager: Shutting down and abandoning module ShaderFormatOpenGL (46)
[2015.02.18-12.19.50:513][417]LogModuleManager: Shutting down and abandoning module ShaderFormatD3D (45)
[2015.02.18-12.19.50:513][417]LogModuleManager: Shutting down and abandoning module MetalShaderFormat (44)
[2015.02.18-12.19.50:513][417]LogModuleManager: Shutting down and abandoning module TextureFormatUncompressed (43)
[2015.02.18-12.19.50:513][417]LogModuleManager: Shutting down and abandoning module TextureFormatPVR (42)
[2015.02.18-12.19.50:513][417]LogModuleManager: Shutting down and abandoning module TextureFormatDXT (41)
[2015.02.18-12.19.50:513][417]LogModuleManager: Shutting down and abandoning module TextureFormatAndroid (40)
[2015.02.18-12.19.50:513][417]LogModuleManager: Shutting down and abandoning module AudioFormatOpus (39)
[2015.02.18-12.19.50:513][417]LogModuleManager: Shutting down and abandoning module AudioFormatOgg (38)
[2015.02.18-12.19.50:513][417]LogModuleManager: Shutting down and abandoning module AudioFormatADPCM (37)
[2015.02.18-12.19.50:513][417]LogModuleManager: Shutting down and abandoning module LinuxTargetPlatform (36)
[2015.02.18-12.19.50:513][417]LogModuleManager: Shutting down and abandoning module LinuxServerTargetPlatform (35)
[2015.02.18-12.19.50:513][417]LogModuleManager: Shutting down and abandoning module LinuxNoEditorTargetPlatform (34)
[2015.02.18-12.19.50:513][417]LogModuleManager: Shutting down and abandoning module Messaging (33)
[2015.02.18-12.19.50:513][417]LogModuleManager: Shutting down and abandoning module IOSTargetPlatform (32)
[2015.02.18-12.19.50:513][417]LogModuleManager: Shutting down and abandoning module Android_PVRTCTargetPlatform (31)
[2015.02.18-12.19.50:513][417]LogModuleManager: Shutting down and abandoning module Android_ETC2TargetPlatform (30)
[2015.02.18-12.19.50:513][417]LogModuleManager: Shutting down and abandoning module Android_ETC1TargetPlatform (29)
[2015.02.18-12.19.50:513][417]LogModuleManager: Shutting down and abandoning module Android_DXTTargetPlatform (28)
[2015.02.18-12.19.50:513][417]LogModuleManager: Shutting down and abandoning module Android_ATCTargetPlatform (27)
[2015.02.18-12.19.50:513][417]LogModuleManager: Shutting down and abandoning module AndroidTargetPlatform (26)
[2015.02.18-12.19.50:513][417]LogModuleManager: Shutting down and abandoning module WindowsTargetPlatform (25)
[2015.02.18-12.19.50:513][417]LogModuleManager: Shutting down and abandoning module WindowsServerTargetPlatform (24)
[2015.02.18-12.19.50:513][417]LogModuleManager: Shutting down and abandoning module WindowsNoEditorTargetPlatform (23)
[2015.02.18-12.19.50:513][417]LogModuleManager: Shutting down and abandoning module WindowsClientTargetPlatform (22)
[2015.02.18-12.19.50:513][417]LogModuleManager: Shutting down and abandoning module TargetPlatform (21)
[2015.02.18-12.19.50:513][417]LogModuleManager: Shutting down and abandoning module InputCore (20)
[2015.02.18-12.19.50:513][417]LogModuleManager: Shutting down and abandoning module Settings (19)
[2015.02.18-12.19.50:513][417]LogModuleManager: Shutting down and abandoning module ImageWrapper (18)
[2015.02.18-12.19.50:513][417]LogModuleManager: Shutting down and abandoning module OculusRift (15)
[2015.02.18-12.19.50:513][417]LogModuleManager: Shutting down and abandoning module ExampleDeviceProfileSelector (14)
[2015.02.18-12.19.50:513][417]LogModuleManager: Shutting down and abandoning module TextureCompressor (13)
[2015.02.18-12.19.50:513][417]LogModuleManager: Shutting down and abandoning module ShaderCore (12)
[2015.02.18-12.19.50:513][417]LogModuleManager: Shutting down and abandoning module Landscape (11)
[2015.02.18-12.19.50:513][417]LogModuleManager: Shutting down and abandoning module SlateRHIRenderer (10)
[2015.02.18-12.19.50:514][417]LogModuleManager: Shutting down and abandoning module OpenGLDrv (9)
[2015.02.18-12.19.50:514][417]LogModuleManager: Shutting down and abandoning module D3D11RHI (8)
[2015.02.18-12.19.50:514][417]LogModuleManager: Shutting down and abandoning module Renderer (7)
[2015.02.18-12.19.50:514][417]LogModuleManager: Shutting down and abandoning module Engine (6)
[2015.02.18-12.19.50:514][417]LogModuleManager: Shutting down and abandoning module CoreUObject (5)
[2015.02.18-12.19.50:514][417]LogModuleManager: Shutting down and abandoning module NetworkFile (4)
[2015.02.18-12.19.50:514][417]LogModuleManager: Shutting down and abandoning module StreamingFile (3)
[2015.02.18-12.19.50:514][417]LogModuleManager: Shutting down and abandoning module SandboxFile (2)
[2015.02.18-12.19.50:514][417]LogModuleManager: Shutting down and abandoning module PakFile (1)
[2015.02.18-12.19.50:515][417]LogExit: Exiting.
[2015.02.18-12.19.50:533][417]Log file closed, 02/18/15 13:19:50
