Log file open, 02/21/15 18:03:54
LogInit:Display: Running engine for game: Blindness
LogInit: Version: 4.6.1-2386410+++depot+UE4-Releases+4.6
LogInit: API Version: 2369412
LogInit: Compiled (64-bit): Dec 11 2014 21:31:39
LogInit: Compiled with Visual C++: 18.00.21005.01
LogInit: Build Configuration: Development
LogInit: Branch Name: ++depot+UE4-Releases+4.6
LogInit: Command line:  
LogInit: Base directory: C:/Program Files/Epic Games/4.6/Engine/Binaries/Win64/
LogInit: Rocket: 1
[2015.02.21-17.03.54:079][  0]LogTaskGraph: Started task graph with 3 named threads and 6 total threads.
[2015.02.21-17.03.54:133][  0]LogOnline:Warning: No default platform service specified for OnlineSubsystem
[2015.02.21-17.03.54:285][  0]LogInit: Presizing for 0 objects not considered by GC, pre-allocating 0 bytes.
[2015.02.21-17.03.54:297][  0]LogInit: Object subsystem initialized
[2015.02.21-17.03.54:299][  0]LogConsoleResponse:Warning: Skipping Unknown console variable: 'UIScaleRule = ShortestSide'
[2015.02.21-17.03.54:299][  0]LogConsoleResponse:Warning:   Found in ini file 'C:/Users/Edi/Documents/Unreal Projects/Blindness-dev/Saved/Config/Windows/Engine.ini', in section '[/Script/Engine.RendererSettings]'
[2015.02.21-17.03.54:299][  0]LogConsoleResponse:Warning: Skipping Unknown console variable: 'UIScaleCurve = (EditorCurveData=(Keys=),ExternalCurve=None)'
[2015.02.21-17.03.54:299][  0]LogConsoleResponse:Warning:   Found in ini file 'C:/Users/Edi/Documents/Unreal Projects/Blindness-dev/Saved/Config/Windows/Engine.ini', in section '[/Script/Engine.RendererSettings]'
[2015.02.21-17.03.54:300][  0]LogConsoleManager:Warning: Console variable 'r.MSAA.CompositingSampleCount' wasn't set (Priority ProjectSetting < Scalability)
[2015.02.21-17.03.54:300][  0]LogInit: Selected Device Profile: [Windows]
[2015.02.21-17.03.54:300][  0]LogInit: Applying CVar settings loaded from the selected device profile: [Windows]
[2015.02.21-17.03.54:309][  0]LogInit: Computer: LETO
[2015.02.21-17.03.54:309][  0]LogInit: User: Edi
[2015.02.21-17.03.54:309][  0]LogInit: CPU Page size=4096, Cores=4
[2015.02.21-17.03.54:309][  0]LogInit: High frequency timer resolution =2.571681 MHz
[2015.02.21-17.03.54:309][  0]LogMemory: Memory total: Physical=12.0GB (12GB approx) Virtual=131072.0GB
[2015.02.21-17.03.54:309][  0]LogMemory: Platform Memory Stats for Windows
[2015.02.21-17.03.54:309][  0]LogMemory: Process Physical Memory: 48.94 MB used, 48.94 MB peak
[2015.02.21-17.03.54:309][  0]LogMemory: Process Virtual Memory: 24.20 MB used, 24.20 MB peak
[2015.02.21-17.03.54:309][  0]LogMemory: Physical Memory: 2226.69 MB used, 12279.11 MB total
[2015.02.21-17.03.54:309][  0]LogMemory: Virtual Memory: 273.70 MB used, 134217728.00 MB total
[2015.02.21-17.03.54:327][  0]LogD3D11RHI: Found D3D11 adapter 0: AMD Radeon HD 5800 Series (Feature Level 11_0)
[2015.02.21-17.03.54:327][  0]LogD3D11RHI: Adapter has 1010MB of dedicated video memory, 0MB of dedicated system memory, and 3840MB of shared system memory, 2 output[s]
[2015.02.21-17.03.54:328][  0]LogD3D11RHI: Found D3D11 adapter 1: Microsoft Basic Render Driver (Feature Level 11_0)
[2015.02.21-17.03.54:328][  0]LogD3D11RHI: Adapter has 0MB of dedicated video memory, 0MB of dedicated system memory, and 256MB of shared system memory, 0 output[s]
[2015.02.21-17.03.54:328][  0]LogD3D11RHI: Chosen D3D11 Adapter Id = 0
[2015.02.21-17.03.54:331][  0]LogRHI: Texture pool is 707 MB (70% of 1010 MB)
[2015.02.21-17.03.54:336][  0]LogD3D11RHI: Async texture creation disabled: no driver support
[2015.02.21-17.03.54:759][  0]LogTextLocalizationManager: The requested culture ('hr_HR') has no localization data; falling back to 'en' for localization and internationalization data.
[2015.02.21-17.03.54:985][  0]LogContentStreaming: Texture pool size is 0.000000MB
[2015.02.21-17.04.03:162][  0]LogTargetPlatformManager:Display: Building Assets For Windows
[2015.02.21-17.04.04:147][  0]LogTargetPlatformManager:Display: Building Assets For Windows
[2015.02.21-17.04.04:249][  0]LogDerivedDataCache:Display: Max Cache Size: 512 MB
[2015.02.21-17.04.04:696][  0]LogDerivedDataCache: Loaded boot cache 0.45s 39MB C:/Users/Edi/AppData/Local/UnrealEngine/4.6/DerivedDataCache/Boot.ddc.
[2015.02.21-17.04.04:696][  0]LogDerivedDataCache:Display: Loaded Boot cache: C:/Users/Edi/AppData/Local/UnrealEngine/4.6/DerivedDataCache/Boot.ddc
[2015.02.21-17.04.04:696][  0]LogDerivedDataCache: FDerivedDataBackendGraph:  Pak pak cache file ../../../../../../Users/Edi/Documents/Unreal Projects/Blindness-dev/DerivedDataCache/DDC.ddp not found, will not use a pak cache.
[2015.02.21-17.04.04:696][  0]LogDerivedDataCache: Unable to find inner node Pak for hierarchical cache Hierarchy.
[2015.02.21-17.04.04:810][  0]LogDerivedDataCache:Display: Pak cache opened for reading ../../../Engine/DerivedDataCache/DDC.ddp.
[2015.02.21-17.04.04:823][  0]LogDerivedDataCache: Using Local data cache path C:/Users/Edi/AppData/Local/UnrealEngine/Common/DerivedDataCache: Writable
[2015.02.21-17.04.09:866][  0]LogCollisionProfile:Warning: Profile (UI) - Custom Channel Name = 'Weapon' hasn't been found
[2015.02.21-17.04.10:235][  0]LogMeshUtilities: No automatic mesh reduction module available
[2015.02.21-17.04.10:235][  0]LogMeshUtilities: No automatic mesh merging module available
[2015.02.21-17.04.11:047][  0]LogInit: WinSock: version 1.1 (2.2), MaxSocks=32767, MaxUdp=65467
[2015.02.21-17.04.11:181][  0]LogSlate:Warning: Failed to load font data from '../../../Engine/Content/Slate/Fonts/Roboto-Italic.ttf'
[2015.02.21-17.04.16:209][  0]UdpMessaging: Initializing bridge on interface 0.0.0.0:0 to multicast group 230.0.0.1:6666.
[2015.02.21-17.04.16:428][  0]LogDirectoryWatcher:Warning: Failed to begin reading directory changes for C:/Users/Edi/Documents/Unreal Projects/Blindness-dev/Binaries/Win64. Error: 0
[2015.02.21-17.04.16:705][  0]SourceControl: Info Source control is disabled
[2015.02.21-17.04.16:705][  0]SourceControl: Info Source control is disabled
[2015.02.21-17.04.16:713][  0]SourceControl: Info Source control is disabled
[2015.02.21-17.04.16:938][  0]LogObj: 23754 objects as part of root set at end of initial load.
[2015.02.21-17.04.16:938][  0]LogUObjectAllocator: 5168136 out of 0 bytes used by permanent object pool.
[2015.02.21-17.04.17:010][  0]LogEngine: Initializing Engine...
[2015.02.21-17.04.17:334][  0]LogInit: XAudio2 using 'Speakers (Realtek High Definition Audio)' : 2 channels at 48 kHz using 32 bits per sample (channel mask 0x3)
[2015.02.21-17.04.17:343][  0]LogInit: FAudioDevice initialized.
[2015.02.21-17.04.17:366][  0]LogAIModule: Creating AISystem for world NewWorld
[2015.02.21-17.04.17:389][  0]LogDerivedDataCache: Saved boot cache 0.02s 39MB C:/Users/Edi/AppData/Local/UnrealEngine/4.6/DerivedDataCache/Boot.ddc.
[2015.02.21-17.04.17:397][  0]LogInit: Texture streaming: Enabled
[2015.02.21-17.04.17:429][  0]LogAnalytics: Creating configured Analytics provider AnalyticsET
[2015.02.21-17.04.17:429][  0]LogAnalytics: ET APIKey = Rocket.Release. APIServer = http://et2.epicgames.com/ET2/. AppVersion = 4.6.1-2386410+++depot+UE4-Releases+4.6
[2015.02.21-17.04.17:430][  0]LogAnalytics: SetUserId 88699552893175d1deffbf43a256080f
[2015.02.21-17.04.17:430][  0]LogAnalytics: AnalyticsET::StartSession [Rocket.Release]
[2015.02.21-17.04.17:724][  0]LogInit: Transaction tracking system initialized
[2015.02.21-17.04.17:834][  0]BlueprintLog: New page: Editor Load
[2015.02.21-17.04.17:869][  0]LogAssetRegistry: FAssetRegistry took 0.0106 seconds to start up
[2015.02.21-17.04.17:869][  0]LogDirectoryWatcher:Warning: Failed to begin reading directory changes for ../../../Engine/Plugins/Experimental/CharacterAI/Content/. Error: 0
[2015.02.21-17.04.18:502][  0]LogTargetPlatformManager:Display: Building Assets For Windows
[2015.02.21-17.04.18:962][  0]LogTargetPlatformManager:Display: Building Assets For Windows
[2015.02.21-17.04.19:193][  0]LogConsoleResponse:Display: 
[2015.02.21-17.04.19:411][  0]LogLinker:Warning: Asset '../../../Engine/Content/Functions/Engine_MaterialFunctions03/Procedurals/ComputeFilterWidth.uasset' has been saved with empty engine version. The asset will be loaded but may be incompatible.
[2015.02.21-17.04.19:990][  0]SourceControl: Info Source control is disabled
[2015.02.21-17.04.19:990][  0]Cmd: MAP LOAD FILE="../../../../../../Users/Edi/Documents/Unreal Projects/Blindness-dev/Content/Maps/Example_Map.umap" TEMPLATE=0 SHOWPROGRESS=1
[2015.02.21-17.04.19:991][  0]LightingResults: New page: Lighting Build
[2015.02.21-17.04.20:002][  0]MapCheck: New page: Map Check
[2015.02.21-17.04.20:002][  0]LightingResults: New page: Lighting Build
[2015.02.21-17.04.20:010][  0]LogParticles: Destroying 0 GPU particle simulations for FXSystem 0x000000ABC0343E20
[2015.02.21-17.04.20:945][  0]LogEditorServer: Finished looking for orphan Actors (0.000 secs)
[2015.02.21-17.04.20:945][  0]LogAIModule: Creating AISystem for world Example_Map
[2015.02.21-17.04.20:946][  0]Cmd: MAP CHECKDEP
[2015.02.21-17.04.20:946][  0]MapCheck: New page: Example_Map - Feb 21, 2015, 7:04:20 PM
[2015.02.21-17.04.21:051][  0]MapCheck: Info Map check complete: 0 Error(s), 0 Warning(s), took 104.719ms to complete.
[2015.02.21-17.04.21:051][  0]LogFileHelpers: Loading map 'Example_Map' took 1.061
[2015.02.21-17.04.21:179][  0]LogCollectionManager: Loaded 0 collections in 0.001280 seconds
[2015.02.21-17.04.21:198][  0]LogContentBrowser:Verbose: The content browser source was changed by the sources view to '/Game'
[2015.02.21-17.04.21:361][  0]LogCrashTracker: Crashtracker disabled due to settings.
[2015.02.21-17.04.21:366][  0]LogUObjectGlobals:Warning: Failed to find object 'Class None.'
[2015.02.21-17.04.21:394][  0]LogLoad: Full Startup: 30.71 seconds (BP compile: 0.04 seconds)
[2015.02.21-17.04.22:035][  0]LogRenderer:Warning: Reallocating scene render targets to support 1520x1264.
[2015.02.21-17.04.23:342][  4]LogAssetRegistry: Asset discovery search completed in 5.4848 seconds
[2015.02.21-17.04.51:450][652]LogEditorViewport: Clicking on Actor (context menu): StaticMeshActor (cup)
[2015.02.21-17.04.51:609][652]LogPropertyNode:Warning: UI Min (0.001) >= UI Max () for Ranged Numeric
[2015.02.21-17.04.51:948][661]LogEditorViewport: Clicking Background
[2015.02.21-17.04.52:672][684]LogEditorViewport: Clicking on Actor (context menu): StaticMeshActor (cup)
[2015.02.21-17.04.52:684][684]LogPropertyNode:Warning: UI Min (0.001) >= UI Max () for Ranged Numeric
[2015.02.21-17.04.53:992][757]LogEditorViewport: Clicking on Actor (LMB): StaticMeshActor (cup)
[2015.02.21-17.04.54:004][757]LogPropertyNode:Warning: UI Min (0.001) >= UI Max () for Ranged Numeric
[2015.02.21-17.04.54:336][770]Cmd: DELETE
[2015.02.21-17.04.54:336][770]Cmd: ACTOR DELETE
[2015.02.21-17.04.54:339][770]LogEditorActor: Deleted Actor: StaticMeshActor
[2015.02.21-17.04.54:364][770]LogEditorActor: Deleted 1 Actors (0.028 secs)
[2015.02.21-17.04.58:248][899]LogContentBrowser:Verbose: The content browser source was changed by the sources view to '/Game/Meshes'
[2015.02.21-17.05.15:862][970]LogFactory: FactoryCreateBinary: StaticMesh with FbxFactory (0 0 ../../../../../../Users/Edi/Documents/Unreal Projects/Blindness-dev/Content/Meshes/ring.fbx)
[2015.02.21-17.05.15:866][970]LogFbx: ItemName: GlobalSettings, ItemCount : 1
[2015.02.21-17.05.15:866][970]LogFbx: ItemName: NodeAttribute, ItemCount : 2
[2015.02.21-17.05.15:866][970]LogFbx: ItemName: Geometry, ItemCount : 1
[2015.02.21-17.05.15:866][970]LogFbx: ItemName: Model, ItemCount : 3
[2015.02.21-17.05.15:866][970]LogFbx: ItemName: Material, ItemCount : 1
[2015.02.21-17.05.22:358][970]LogFbx: Loading FBX Scene from ../../../../../../Users/Edi/Documents/Unreal Projects/Blindness-dev/Content/Meshes/ring.fbx
[2015.02.21-17.05.22:373][970]LogFbx: FBX Scene Loaded Succesfully
[2015.02.21-17.05.22:378][970]LogLinker:Warning: Can't find file '/Game/Meshes/Material_002'
[2015.02.21-17.05.22:378][970]LogLinker:Warning: Can't find file '/Game/Meshes/Material_002'
[2015.02.21-17.05.22:379][970]LogUObjectGlobals:Warning: Failed to find object 'MaterialInterface /Game/Meshes/Material_002.Material_002'
[2015.02.21-17.05.22:383][970]LogMaterial: Missing cached shader map for material Material_002, compiling.
[2015.02.21-17.05.22:427][970]LogFbx:Warning: Triangulating static mesh BezierCircle
[2015.02.21-17.05.23:514][970]LogFbx: == Initial material list:
[2015.02.21-17.05.23:514][970]LogFbx: 0: Material.002
[2015.02.21-17.05.23:514][970]LogFbx: == After sorting:
[2015.02.21-17.05.23:514][970]LogFbx: 0: Material.002
[2015.02.21-17.05.23:514][970]LogFbx: == Mapping table:
[2015.02.21-17.05.23:514][970]LogFbx:   sort 0 -> 0
[2015.02.21-17.05.23:518][970]LogStaticMesh: Building static mesh ring...
[2015.02.21-17.05.23:548][970]LogLayoutUV:Display: FindCharts: 4 ms
[2015.02.21-17.05.23:554][970]LogLayoutUV:Display: PackCharts: 6 ms
[2015.02.21-17.05.23:554][970]LogLayoutUV:Display:   Rasterize: 16124
[2015.02.21-17.05.23:554][970]LogLayoutUV:Display:   Find: 9
[2015.02.21-17.05.23:561][970]LogLayoutUV:Display: PackCharts: 6 ms
[2015.02.21-17.05.23:561][970]LogLayoutUV:Display:   Rasterize: 16332
[2015.02.21-17.05.23:561][970]LogLayoutUV:Display:   Find: 8
[2015.02.21-17.05.23:567][970]LogLayoutUV:Display: PackCharts: 6 ms
[2015.02.21-17.05.23:567][970]LogLayoutUV:Display:   Rasterize: 16107
[2015.02.21-17.05.23:567][970]LogLayoutUV:Display:   Find: 9
[2015.02.21-17.05.23:573][970]LogLayoutUV:Display: PackCharts: 6 ms
[2015.02.21-17.05.23:573][970]LogLayoutUV:Display:   Rasterize: 16223
[2015.02.21-17.05.23:573][970]LogLayoutUV:Display:   Find: 7
[2015.02.21-17.05.23:580][970]LogLayoutUV:Display: PackCharts: 6 ms
[2015.02.21-17.05.23:580][970]LogLayoutUV:Display:   Rasterize: 16334
[2015.02.21-17.05.23:580][970]LogLayoutUV:Display:   Find: 7
[2015.02.21-17.05.23:586][970]LogLayoutUV:Display: PackCharts: 6 ms
[2015.02.21-17.05.23:586][970]LogLayoutUV:Display:   Rasterize: 16166
[2015.02.21-17.05.23:586][970]LogLayoutUV:Display:   Find: 6
[2015.02.21-17.05.23:592][970]LogLayoutUV:Display: PackCharts: 6 ms
[2015.02.21-17.05.23:592][970]LogLayoutUV:Display:   Rasterize: 16306
[2015.02.21-17.05.23:592][970]LogLayoutUV:Display:   Find: 5
[2015.02.21-17.05.23:599][970]LogLayoutUV:Display: PackCharts: 6 ms
[2015.02.21-17.05.23:599][970]LogLayoutUV:Display:   Rasterize: 16111
[2015.02.21-17.05.23:599][970]LogLayoutUV:Display:   Find: 8
[2015.02.21-17.05.23:684][970]LogStaticMesh: Built static mesh [166.345673ms] /Game/Meshes/ring.ring
[2015.02.21-17.05.23:750][970]FBXImport:Warning: Warning Warning: No smoothing group information was found in this FBX scene.  Please make sure to enable the 'Export Smoothing Groups' option in the FBX Exporter plug-in before exporting the file.  Even for tools that don't support smoothing groups, the FBX Exporter will generate appropriate smoothing data at export-time so that correct vertex normals can be inferred while importing. 
[2015.02.21-17.05.23:791][970]LogContentBrowser:Verbose: The content browser source was changed by the sources view to 'None'
[2015.02.21-17.05.23:792][970]LogContentBrowser:Verbose: The content browser source was changed by the sources view to '/Game/Meshes'
[2015.02.21-17.05.27:634][104]LogActorFactory: Actor Factory created ring
[2015.02.21-17.05.28:115][121]LogActorFactory: Actor Factory created ring
[2015.02.21-17.05.28:127][121]LogPropertyNode:Warning: UI Min (0.001) >= UI Max () for Ranged Numeric
[2015.02.21-17.05.28:159][121]LogPropertyNode:Warning: UI Min (0.001) >= UI Max () for Ranged Numeric
[2015.02.21-17.05.33:294][346]Cmd: SELECT NONE
[2015.02.21-17.05.38:517][537]LogEditorViewport: Clicking on Actor (LMB): StaticMeshActor (ring)
[2015.02.21-17.05.38:529][537]LogPropertyNode:Warning: UI Min (0.001) >= UI Max () for Ranged Numeric
[2015.02.21-17.05.49:886][955]LogEditorViewport: Clicking on Actor (context menu): PlayerStart (Player Start)
[2015.02.21-17.05.57:684][324]LogNavigationPoint: PostEditMove Clear paths rebuilt
[2015.02.21-17.05.59:584][401]LogEditorViewport: Clicking on Actor (LMB): StaticMeshActor (ring)
[2015.02.21-17.05.59:596][401]LogPropertyNode:Warning: UI Min (0.001) >= UI Max () for Ranged Numeric
[2015.02.21-17.06.07:115][699]LogPlayLevel: PIE:  No blueprints needed recompiling
[2015.02.21-17.06.07:115][699]PIE: New page: PIE session: Example_Map (Feb 21, 2015, 7:06:07 PM)
[2015.02.21-17.06.07:121][699]LogPlayLevel: PIE: StaticDuplicateObject took: (0.005571s)
[2015.02.21-17.06.07:122][699]LogPlayLevel: PIE: World Init took: (0.000712s)
[2015.02.21-17.06.07:122][699]LogPlayLevel: PIE: Created PIE world by copying editor world from /Game/Maps/Example_Map.Example_Map to /Game/Maps/UEDPIE_0_Example_Map.Example_Map (0.006467s)
[2015.02.21-17.06.07:444][699]LogLinker:Warning: Asset '../../../../../../Users/Edi/Documents/Unreal Projects/Blindness-dev/Content/Blueprints/MyProjectile.uasset' has been saved with empty engine version. The asset will be loaded but may be incompatible.
[2015.02.21-17.06.07:775][699]LogAnimation:Warning: UAnimMontage::PostLoad: The actual sequence length for montage FPP_Fire_Montage does not match the length stored in the asset, please resave the montage asset.
[2015.02.21-17.06.07:814][699]BlueprintLog:Warning: Warning Blueprint MyHUD has been migrated and requires re-saving to avoid import errors
[2015.02.21-17.06.07:816][699]BlueprintLog:Warning: Warning Blueprint MyGame has been migrated and requires re-saving to avoid import errors
[2015.02.21-17.06.07:818][699]LogWorld: Game class is 'MyGame_C'
[2015.02.21-17.06.07:820][699]LogAIModule: Creating AISystem for world Example_Map
[2015.02.21-17.06.07:824][699]LogWorld: Bringing World /Game/Maps/UEDPIE_0_Example_Map.Example_Map up for play (max tick rate 0) at 2015.02.21-18.06.07
[2015.02.21-17.06.07:824][699]LogWorld: Bringing up level for play took: 0.003520
[2015.02.21-17.06.07:827][699]PIE: Info Play in editor start time for /Game/Maps/UEDPIE_0_Example_Map 1.696
[2015.02.21-17.06.13:838][996]LogCharacterMovement: MyCharacter_C_0 is stuck and failed to move!
[2015.02.21-17.06.13:863][997]LogCharacterMovement: MyCharacter_C_0 is stuck and failed to move!
[2015.02.21-17.06.22:696][343]LogCharacterMovement: MyCharacter_C_0 is stuck and failed to move!
[2015.02.21-17.06.24:891][431]LogCharacterMovement: MyCharacter_C_0 is stuck and failed to move!
[2015.02.21-17.06.28:575][573]LogCharacterMovement: MyCharacter_C_0 is stuck and failed to move!
[2015.02.21-17.06.28:604][574]LogCharacterMovement: MyCharacter_C_0 is stuck and failed to move!
[2015.02.21-17.06.28:630][575]LogCharacterMovement: MyCharacter_C_0 is stuck and failed to move!
[2015.02.21-17.06.28:656][576]LogCharacterMovement: MyCharacter_C_0 is stuck and failed to move!
[2015.02.21-17.06.28:869][584]LogCharacterMovement: MyCharacter_C_0 is stuck and failed to move!
[2015.02.21-17.06.28:896][585]LogCharacterMovement: MyCharacter_C_0 is stuck and failed to move!
[2015.02.21-17.06.28:922][586]LogCharacterMovement: MyCharacter_C_0 is stuck and failed to move!
[2015.02.21-17.06.28:948][587]LogCharacterMovement: MyCharacter_C_0 is stuck and failed to move!
[2015.02.21-17.06.29:029][590]LogCharacterMovement: MyCharacter_C_0 is stuck and failed to move!
[2015.02.21-17.06.29:056][591]LogCharacterMovement: MyCharacter_C_0 is stuck and failed to move!
[2015.02.21-17.06.29:317][601]LogCharacterMovement: MyCharacter_C_0 is stuck and failed to move!
[2015.02.21-17.06.29:343][602]LogCharacterMovement: MyCharacter_C_0 is stuck and failed to move!
[2015.02.21-17.06.29:369][603]LogCharacterMovement: MyCharacter_C_0 is stuck and failed to move!
[2015.02.21-17.06.29:397][604]LogCharacterMovement: MyCharacter_C_0 is stuck and failed to move!
[2015.02.21-17.06.30:838][663]LogCharacterMovement: MyCharacter_C_0 is stuck and failed to move!
[2015.02.21-17.06.30:862][664]LogCharacterMovement: MyCharacter_C_0 is stuck and failed to move!
[2015.02.21-17.06.30:886][665]LogCharacterMovement: MyCharacter_C_0 is stuck and failed to move!
[2015.02.21-17.06.30:909][666]LogCharacterMovement: MyCharacter_C_0 is stuck and failed to move!
[2015.02.21-17.06.30:933][667]LogCharacterMovement: MyCharacter_C_0 is stuck and failed to move!
[2015.02.21-17.06.30:956][668]LogCharacterMovement: MyCharacter_C_0 is stuck and failed to move!
[2015.02.21-17.07.01:541][863]LogCharacterMovement: MyCharacter_C_0 is stuck and failed to move!
[2015.02.21-17.07.04:163][964]LogCharacterMovement: MyCharacter_C_0 is stuck and failed to move!
[2015.02.21-17.07.25:447][790]LogCharacterMovement: MyCharacter_C_0 is stuck and failed to move!
[2015.02.21-17.07.25:473][791]LogCharacterMovement: MyCharacter_C_0 is stuck and failed to move!
[2015.02.21-17.07.25:501][792]LogCharacterMovement: MyCharacter_C_0 is stuck and failed to move!
[2015.02.21-17.07.25:525][793]LogCharacterMovement: MyCharacter_C_0 is stuck and failed to move!
[2015.02.21-17.07.25:567][794]LogCharacterMovement: MyCharacter_C_0 is stuck and failed to move!
[2015.02.21-17.07.25:579][795]LogCharacterMovement: MyCharacter_C_0 is stuck and failed to move!
[2015.02.21-17.07.25:606][796]LogCharacterMovement: MyCharacter_C_0 is stuck and failed to move!
[2015.02.21-17.07.50:556][810]LogCharacterMovement: MyCharacter_C_0 is stuck and failed to move!
[2015.02.21-17.07.50:582][811]LogCharacterMovement: MyCharacter_C_0 is stuck and failed to move!
[2015.02.21-17.07.50:610][812]LogCharacterMovement: MyCharacter_C_0 is stuck and failed to move!
[2015.02.21-17.07.50:636][813]LogCharacterMovement: MyCharacter_C_0 is stuck and failed to move!
[2015.02.21-17.07.50:661][814]LogCharacterMovement: MyCharacter_C_0 is stuck and failed to move!
[2015.02.21-17.07.50:686][815]LogCharacterMovement: MyCharacter_C_0 is stuck and failed to move!
[2015.02.21-17.07.51:286][838]LogCharacterMovement: MyCharacter_C_0 is stuck and failed to move!
[2015.02.21-17.07.51:312][839]LogCharacterMovement: MyCharacter_C_0 is stuck and failed to move!
[2015.02.21-17.07.51:338][840]LogCharacterMovement: MyCharacter_C_0 is stuck and failed to move!
[2015.02.21-17.07.51:363][841]LogCharacterMovement: MyCharacter_C_0 is stuck and failed to move!
[2015.02.21-17.07.51:392][842]LogCharacterMovement: MyCharacter_C_0 is stuck and failed to move!
[2015.02.21-17.07.51:418][843]LogCharacterMovement: MyCharacter_C_0 is stuck and failed to move!
[2015.02.21-17.07.51:443][844]LogCharacterMovement: MyCharacter_C_0 is stuck and failed to move!
[2015.02.21-17.07.51:469][845]LogCharacterMovement: MyCharacter_C_0 is stuck and failed to move!
[2015.02.21-17.07.51:494][846]LogCharacterMovement: MyCharacter_C_0 is stuck and failed to move!
[2015.02.21-17.07.51:520][847]LogCharacterMovement: MyCharacter_C_0 is stuck and failed to move!
[2015.02.21-17.07.51:545][848]LogCharacterMovement: MyCharacter_C_0 is stuck and failed to move!
[2015.02.21-17.07.51:570][849]LogCharacterMovement: MyCharacter_C_0 is stuck and failed to move!
[2015.02.21-17.07.51:599][850]LogCharacterMovement: MyCharacter_C_0 is stuck and failed to move!
[2015.02.21-17.07.51:624][851]LogCharacterMovement: MyCharacter_C_0 is stuck and failed to move!
[2015.02.21-17.07.51:650][852]LogCharacterMovement: MyCharacter_C_0 is stuck and failed to move!
[2015.02.21-17.07.51:675][853]LogCharacterMovement: MyCharacter_C_0 is stuck and failed to move!
[2015.02.21-17.07.51:725][855]LogCharacterMovement: MyCharacter_C_0 is stuck and failed to move!
[2015.02.21-17.07.51:750][856]LogCharacterMovement: MyCharacter_C_0 is stuck and failed to move!
[2015.02.21-17.07.51:775][857]LogCharacterMovement: MyCharacter_C_0 is stuck and failed to move!
[2015.02.21-17.07.51:803][858]LogCharacterMovement: MyCharacter_C_0 is stuck and failed to move!
[2015.02.21-17.07.51:828][859]LogCharacterMovement: MyCharacter_C_0 is stuck and failed to move!
[2015.02.21-17.07.51:854][860]LogCharacterMovement: MyCharacter_C_0 is stuck and failed to move!
[2015.02.21-17.07.51:879][861]LogCharacterMovement: MyCharacter_C_0 is stuck and failed to move!
[2015.02.21-17.07.51:904][862]LogCharacterMovement: MyCharacter_C_0 is stuck and failed to move!
[2015.02.21-17.07.51:929][863]LogCharacterMovement: MyCharacter_C_0 is stuck and failed to move!
[2015.02.21-17.07.51:954][864]LogCharacterMovement: MyCharacter_C_0 is stuck and failed to move!
[2015.02.21-17.07.51:980][865]LogCharacterMovement: MyCharacter_C_0 is stuck and failed to move!
[2015.02.21-17.07.52:007][866]LogCharacterMovement: MyCharacter_C_0 is stuck and failed to move!
[2015.02.21-17.07.52:032][867]LogCharacterMovement: MyCharacter_C_0 is stuck and failed to move!
[2015.02.21-17.07.52:057][868]LogCharacterMovement: MyCharacter_C_0 is stuck and failed to move!
[2015.02.21-17.07.52:082][869]LogCharacterMovement: MyCharacter_C_0 is stuck and failed to move!
[2015.02.21-17.07.52:107][870]LogCharacterMovement: MyCharacter_C_0 is stuck and failed to move!
[2015.02.21-17.07.52:133][871]LogCharacterMovement: MyCharacter_C_0 is stuck and failed to move!
[2015.02.21-17.07.52:158][872]LogCharacterMovement: MyCharacter_C_0 is stuck and failed to move!
[2015.02.21-17.07.52:183][873]LogCharacterMovement: MyCharacter_C_0 is stuck and failed to move!
[2015.02.21-17.07.52:210][874]LogCharacterMovement: MyCharacter_C_0 is stuck and failed to move!
[2015.02.21-17.07.52:236][875]LogCharacterMovement: MyCharacter_C_0 is stuck and failed to move!
[2015.02.21-17.07.52:260][876]LogCharacterMovement: MyCharacter_C_0 is stuck and failed to move!
[2015.02.21-17.07.52:286][877]LogCharacterMovement: MyCharacter_C_0 is stuck and failed to move!
[2015.02.21-17.07.52:311][878]LogCharacterMovement: MyCharacter_C_0 is stuck and failed to move!
[2015.02.21-17.07.52:336][879]LogCharacterMovement: MyCharacter_C_0 is stuck and failed to move!
[2015.02.21-17.07.52:361][880]LogCharacterMovement: MyCharacter_C_0 is stuck and failed to move!
[2015.02.21-17.07.52:388][881]LogCharacterMovement: MyCharacter_C_0 is stuck and failed to move!
[2015.02.21-17.07.52:413][882]LogCharacterMovement: MyCharacter_C_0 is stuck and failed to move!
[2015.02.21-17.07.52:439][883]LogCharacterMovement: MyCharacter_C_0 is stuck and failed to move!
[2015.02.21-17.07.52:464][884]LogCharacterMovement: MyCharacter_C_0 is stuck and failed to move!
[2015.02.21-17.07.52:489][885]LogCharacterMovement: MyCharacter_C_0 is stuck and failed to move!
[2015.02.21-17.07.52:514][886]LogCharacterMovement: MyCharacter_C_0 is stuck and failed to move!
[2015.02.21-17.07.52:644][891]LogCharacterMovement: MyCharacter_C_0 is stuck and failed to move!
[2015.02.21-17.07.52:669][892]LogCharacterMovement: MyCharacter_C_0 is stuck and failed to move!
[2015.02.21-17.07.52:694][893]LogCharacterMovement: MyCharacter_C_0 is stuck and failed to move!
[2015.02.21-17.07.52:720][894]LogCharacterMovement: MyCharacter_C_0 is stuck and failed to move!
[2015.02.21-17.07.52:745][895]LogCharacterMovement: MyCharacter_C_0 is stuck and failed to move!
[2015.02.21-17.07.52:771][896]LogCharacterMovement: MyCharacter_C_0 is stuck and failed to move!
[2015.02.21-17.07.52:799][897]LogCharacterMovement: MyCharacter_C_0 is stuck and failed to move!
[2015.02.21-17.07.52:824][898]LogCharacterMovement: MyCharacter_C_0 is stuck and failed to move!
[2015.02.21-17.07.52:850][899]LogCharacterMovement: MyCharacter_C_0 is stuck and failed to move!
[2015.02.21-17.07.52:875][900]LogCharacterMovement: MyCharacter_C_0 is stuck and failed to move!
[2015.02.21-17.07.52:901][901]LogCharacterMovement: MyCharacter_C_0 is stuck and failed to move!
[2015.02.21-17.07.52:926][902]LogCharacterMovement: MyCharacter_C_0 is stuck and failed to move!
[2015.02.21-17.07.52:952][903]LogCharacterMovement: MyCharacter_C_0 is stuck and failed to move!
[2015.02.21-17.07.52:977][904]LogCharacterMovement: MyCharacter_C_0 is stuck and failed to move!
[2015.02.21-17.07.53:005][905]LogCharacterMovement: MyCharacter_C_0 is stuck and failed to move!
[2015.02.21-17.07.53:030][906]LogCharacterMovement: MyCharacter_C_0 is stuck and failed to move!
[2015.02.21-17.07.53:056][907]LogCharacterMovement: MyCharacter_C_0 is stuck and failed to move!
[2015.02.21-17.07.53:081][908]LogCharacterMovement: MyCharacter_C_0 is stuck and failed to move!
[2015.02.21-17.07.53:106][909]LogCharacterMovement: MyCharacter_C_0 is stuck and failed to move!
[2015.02.21-17.07.53:132][910]LogCharacterMovement: MyCharacter_C_0 is stuck and failed to move!
[2015.02.21-17.07.53:157][911]LogCharacterMovement: MyCharacter_C_0 is stuck and failed to move!
[2015.02.21-17.07.53:183][912]LogCharacterMovement: MyCharacter_C_0 is stuck and failed to move!
[2015.02.21-17.07.53:210][913]LogCharacterMovement: MyCharacter_C_0 is stuck and failed to move!
[2015.02.21-17.07.53:236][914]LogCharacterMovement: MyCharacter_C_0 is stuck and failed to move!
[2015.02.21-17.07.53:261][915]LogCharacterMovement: MyCharacter_C_0 is stuck and failed to move!
[2015.02.21-17.07.53:286][916]LogCharacterMovement: MyCharacter_C_0 is stuck and failed to move!
[2015.02.21-17.07.53:311][917]LogCharacterMovement: MyCharacter_C_0 is stuck and failed to move!
[2015.02.21-17.07.53:336][918]LogCharacterMovement: MyCharacter_C_0 is stuck and failed to move!
[2015.02.21-17.07.53:362][919]LogCharacterMovement: MyCharacter_C_0 is stuck and failed to move!
[2015.02.21-17.07.53:389][920]LogCharacterMovement: MyCharacter_C_0 is stuck and failed to move!
[2015.02.21-17.07.53:414][921]LogCharacterMovement: MyCharacter_C_0 is stuck and failed to move!
[2015.02.21-17.07.53:440][922]LogCharacterMovement: MyCharacter_C_0 is stuck and failed to move!
[2015.02.21-17.07.53:465][923]LogCharacterMovement: MyCharacter_C_0 is stuck and failed to move!
[2015.02.21-17.07.53:490][924]LogCharacterMovement: MyCharacter_C_0 is stuck and failed to move!
[2015.02.21-17.07.53:515][925]LogCharacterMovement: MyCharacter_C_0 is stuck and failed to move!
[2015.02.21-17.07.53:540][926]LogCharacterMovement: MyCharacter_C_0 is stuck and failed to move!
[2015.02.21-17.07.53:566][927]LogCharacterMovement: MyCharacter_C_0 is stuck and failed to move!
[2015.02.21-17.07.53:593][928]LogCharacterMovement: MyCharacter_C_0 is stuck and failed to move!
[2015.02.21-17.07.53:618][929]LogCharacterMovement: MyCharacter_C_0 is stuck and failed to move!
[2015.02.21-17.07.53:643][930]LogCharacterMovement: MyCharacter_C_0 is stuck and failed to move!
[2015.02.21-17.07.53:669][931]LogCharacterMovement: MyCharacter_C_0 is stuck and failed to move!
[2015.02.21-17.07.53:694][932]LogCharacterMovement: MyCharacter_C_0 is stuck and failed to move!
[2015.02.21-17.07.53:718][933]LogCharacterMovement: MyCharacter_C_0 is stuck and failed to move!
[2015.02.21-17.07.53:743][934]LogCharacterMovement: MyCharacter_C_0 is stuck and failed to move!
[2015.02.21-17.07.53:768][935]LogCharacterMovement: MyCharacter_C_0 is stuck and failed to move!
[2015.02.21-17.07.53:796][936]LogCharacterMovement: MyCharacter_C_0 is stuck and failed to move!
[2015.02.21-17.07.53:821][937]LogCharacterMovement: MyCharacter_C_0 is stuck and failed to move!
[2015.02.21-17.07.53:846][938]LogCharacterMovement: MyCharacter_C_0 is stuck and failed to move!
[2015.02.21-17.07.53:871][939]LogCharacterMovement: MyCharacter_C_0 is stuck and failed to move!
[2015.02.21-17.07.53:896][940]LogCharacterMovement: MyCharacter_C_0 is stuck and failed to move!
[2015.02.21-17.07.54:000][944]LogCharacterMovement: MyCharacter_C_0 is stuck and failed to move!
[2015.02.21-17.07.54:026][945]LogCharacterMovement: MyCharacter_C_0 is stuck and failed to move!
[2015.02.21-17.07.54:051][946]LogCharacterMovement: MyCharacter_C_0 is stuck and failed to move!
[2015.02.21-17.07.54:077][947]LogCharacterMovement: MyCharacter_C_0 is stuck and failed to move!
[2015.02.21-17.07.54:102][948]LogCharacterMovement: MyCharacter_C_0 is stuck and failed to move!
[2015.02.21-17.07.54:128][949]LogCharacterMovement: MyCharacter_C_0 is stuck and failed to move!
[2015.02.21-17.07.54:153][950]LogCharacterMovement: MyCharacter_C_0 is stuck and failed to move!
[2015.02.21-17.07.54:179][951]LogCharacterMovement: MyCharacter_C_0 is stuck and failed to move!
[2015.02.21-17.07.54:207][952]LogCharacterMovement: MyCharacter_C_0 is stuck and failed to move!
[2015.02.21-17.07.54:232][953]LogCharacterMovement: MyCharacter_C_0 is stuck and failed to move!
[2015.02.21-17.07.54:258][954]LogCharacterMovement: MyCharacter_C_0 is stuck and failed to move!
[2015.02.21-17.07.54:283][955]LogCharacterMovement: MyCharacter_C_0 is stuck and failed to move!
[2015.02.21-17.07.54:309][956]LogCharacterMovement: MyCharacter_C_0 is stuck and failed to move!
[2015.02.21-17.07.54:334][957]LogCharacterMovement: MyCharacter_C_0 is stuck and failed to move!
[2015.02.21-17.07.54:360][958]LogCharacterMovement: MyCharacter_C_0 is stuck and failed to move!
[2015.02.21-17.07.54:388][959]LogCharacterMovement: MyCharacter_C_0 is stuck and failed to move!
[2015.02.21-17.07.54:413][960]LogCharacterMovement: MyCharacter_C_0 is stuck and failed to move!
[2015.02.21-17.07.54:464][962]LogCharacterMovement: MyCharacter_C_0 is stuck and failed to move!
[2015.02.21-17.07.54:490][963]LogCharacterMovement: MyCharacter_C_0 is stuck and failed to move!
[2015.02.21-17.07.54:515][964]LogCharacterMovement: MyCharacter_C_0 is stuck and failed to move!
[2015.02.21-17.07.54:541][965]LogCharacterMovement: MyCharacter_C_0 is stuck and failed to move!
[2015.02.21-17.07.54:566][966]LogCharacterMovement: MyCharacter_C_0 is stuck and failed to move!
[2015.02.21-17.07.54:594][967]LogCharacterMovement: MyCharacter_C_0 is stuck and failed to move!
[2015.02.21-17.07.54:619][968]LogCharacterMovement: MyCharacter_C_0 is stuck and failed to move!
[2015.02.21-17.07.54:644][969]LogCharacterMovement: MyCharacter_C_0 is stuck and failed to move!
[2015.02.21-17.07.54:670][970]LogCharacterMovement: MyCharacter_C_0 is stuck and failed to move!
[2015.02.21-17.07.54:695][971]LogCharacterMovement: MyCharacter_C_0 is stuck and failed to move!
[2015.02.21-17.07.54:720][972]LogCharacterMovement: MyCharacter_C_0 is stuck and failed to move!
[2015.02.21-17.07.54:745][973]LogCharacterMovement: MyCharacter_C_0 is stuck and failed to move!
[2015.02.21-17.07.54:770][974]LogCharacterMovement: MyCharacter_C_0 is stuck and failed to move!
[2015.02.21-17.07.54:798][975]LogCharacterMovement: MyCharacter_C_0 is stuck and failed to move!
[2015.02.21-17.07.54:822][976]LogCharacterMovement: MyCharacter_C_0 is stuck and failed to move!
[2015.02.21-17.07.54:847][977]LogCharacterMovement: MyCharacter_C_0 is stuck and failed to move!
[2015.02.21-17.07.54:872][978]LogCharacterMovement: MyCharacter_C_0 is stuck and failed to move!
[2015.02.21-17.07.54:897][979]LogCharacterMovement: MyCharacter_C_0 is stuck and failed to move!
[2015.02.21-17.07.54:922][980]LogCharacterMovement: MyCharacter_C_0 is stuck and failed to move!
[2015.02.21-17.07.54:947][981]LogCharacterMovement: MyCharacter_C_0 is stuck and failed to move!
[2015.02.21-17.07.54:972][982]LogCharacterMovement: MyCharacter_C_0 is stuck and failed to move!
[2015.02.21-17.07.54:999][983]LogCharacterMovement: MyCharacter_C_0 is stuck and failed to move!
[2015.02.21-17.07.55:024][984]LogCharacterMovement: MyCharacter_C_0 is stuck and failed to move!
[2015.02.21-17.07.55:049][985]LogCharacterMovement: MyCharacter_C_0 is stuck and failed to move!
[2015.02.21-17.07.55:074][986]LogCharacterMovement: MyCharacter_C_0 is stuck and failed to move!
[2015.02.21-17.07.55:099][987]LogCharacterMovement: MyCharacter_C_0 is stuck and failed to move!
[2015.02.21-17.07.55:124][988]LogCharacterMovement: MyCharacter_C_0 is stuck and failed to move!
[2015.02.21-17.07.55:149][989]LogCharacterMovement: MyCharacter_C_0 is stuck and failed to move!
[2015.02.21-17.07.55:174][990]LogCharacterMovement: MyCharacter_C_0 is stuck and failed to move!
[2015.02.21-17.07.55:202][991]LogCharacterMovement: MyCharacter_C_0 is stuck and failed to move!
[2015.02.21-17.07.55:227][992]LogCharacterMovement: MyCharacter_C_0 is stuck and failed to move!
[2015.02.21-17.07.55:252][993]LogCharacterMovement: MyCharacter_C_0 is stuck and failed to move!
[2015.02.21-17.07.55:379][998]LogCharacterMovement: MyCharacter_C_0 is stuck and failed to move!
[2015.02.21-17.07.55:406][999]LogCharacterMovement: MyCharacter_C_0 is stuck and failed to move!
[2015.02.21-17.07.55:431][  0]LogCharacterMovement: MyCharacter_C_0 is stuck and failed to move!
[2015.02.21-17.07.55:456][  1]LogCharacterMovement: MyCharacter_C_0 is stuck and failed to move!
[2015.02.21-17.07.55:481][  2]LogCharacterMovement: MyCharacter_C_0 is stuck and failed to move!
[2015.02.21-17.07.55:506][  3]LogCharacterMovement: MyCharacter_C_0 is stuck and failed to move!
[2015.02.21-17.07.55:531][  4]LogCharacterMovement: MyCharacter_C_0 is stuck and failed to move!
[2015.02.21-17.07.55:555][  5]LogCharacterMovement: MyCharacter_C_0 is stuck and failed to move!
[2015.02.21-17.07.55:580][  6]LogCharacterMovement: MyCharacter_C_0 is stuck and failed to move!
[2015.02.21-17.07.55:607][  7]LogCharacterMovement: MyCharacter_C_0 is stuck and failed to move!
[2015.02.21-17.07.55:632][  8]LogCharacterMovement: MyCharacter_C_0 is stuck and failed to move!
[2015.02.21-17.07.55:656][  9]LogCharacterMovement: MyCharacter_C_0 is stuck and failed to move!
[2015.02.21-17.07.55:681][ 10]LogCharacterMovement: MyCharacter_C_0 is stuck and failed to move!
[2015.02.21-17.07.55:705][ 11]LogCharacterMovement: MyCharacter_C_0 is stuck and failed to move!
[2015.02.21-17.07.55:730][ 12]LogCharacterMovement: MyCharacter_C_0 is stuck and failed to move!
[2015.02.21-17.07.55:754][ 13]LogCharacterMovement: MyCharacter_C_0 is stuck and failed to move!
[2015.02.21-17.07.55:779][ 14]LogCharacterMovement: MyCharacter_C_0 is stuck and failed to move!
[2015.02.21-17.07.55:805][ 15]LogCharacterMovement: MyCharacter_C_0 is stuck and failed to move!
[2015.02.21-17.07.55:829][ 16]LogCharacterMovement: MyCharacter_C_0 is stuck and failed to move!
[2015.02.21-17.08.07:965][498]LogPropertyNode:Warning: UI Min (0.001) >= UI Max () for Ranged Numeric
[2015.02.21-17.08.07:997][498]LogParticles: Destroying 0 GPU particle simulations for FXSystem 0x000000ABB9432B60
[2015.02.21-17.08.15:217][685]LogContentBrowser:Verbose: The content browser source was changed by the sources view to '/Game/Meshes'
[2015.02.21-17.09.01:076][287]BlueprintLog: New page: Compile Rotator
[2015.02.21-17.09.01:158][287]BlueprintEditorCompileResults: Info [0310.47] Compile of Rotator successful! [in 81 ms]
[2015.02.21-17.09.24:684][422]LogContentBrowser:Verbose: The content browser source was changed by the sources view to 'None'
[2015.02.21-17.09.24:684][422]LogContentBrowser:Verbose: The content browser source was changed by the sources view to '/Game/Meshes'
[2015.02.21-17.09.27:227][480]LogContentBrowser:Verbose: The content browser source was changed by the sources view to '/Game/Textures'
[2015.02.21-17.09.28:517][518]LogContentBrowser:Verbose: The content browser source was changed by the sources view to '/Game/Meshes'
[2015.02.21-17.10.07:124][496]LogActorFactory: Actor Factory created TemplateCube_Rounded
[2015.02.21-17.10.07:417][501]LogPropertyNode:Warning: UI Min (0.001) >= UI Max () for Ranged Numeric
[2015.02.21-17.10.07:446][501]LogPropertyNode:Warning: UI Min (0.001) >= UI Max () for Ranged Numeric
[2015.02.21-17.10.07:483][501]LogPropertyNode:Warning: UI Min (0.001) >= UI Max () for Ranged Numeric
[2015.02.21-17.10.07:507][501]LogPropertyNode:Warning: UI Min (0.001) >= UI Max () for Ranged Numeric
[2015.02.21-17.10.39:467][432]LogPropertyNode:Warning: UI Min (0.001) >= UI Max () for Ranged Numeric
[2015.02.21-17.10.59:614][872]LogPropertyNode:Warning: UI Min (0.001) >= UI Max () for Ranged Numeric
[2015.02.21-17.11.00:727][896]LogPropertyNode:Warning: UI Min (0.001) >= UI Max () for Ranged Numeric
[2015.02.21-17.11.07:850][ 91]LogPropertyNode:Warning: UI Min (0.001) >= UI Max () for Ranged Numeric
[2015.02.21-17.11.07:879][ 91]LogPropertyNode:Warning: UI Min (0.001) >= UI Max () for Ranged Numeric
[2015.02.21-17.11.07:916][ 91]LogPropertyNode:Warning: UI Min (0.001) >= UI Max () for Ranged Numeric
[2015.02.21-17.11.07:941][ 91]LogPropertyNode:Warning: UI Min (0.001) >= UI Max () for Ranged Numeric
[2015.02.21-17.11.12:522][214]LogPropertyNode:Warning: UI Min (0.001) >= UI Max () for Ranged Numeric
[2015.02.21-17.11.13:290][234]LogPropertyNode:Warning: UI Min (0.001) >= UI Max () for Ranged Numeric
[2015.02.21-17.11.39:982][844]LogPropertyNode:Warning: UI Min (0.001) >= UI Max () for Ranged Numeric
[2015.02.21-17.12.19:494][700]LogPropertyNode:Warning: UI Min (0.001) >= UI Max () for Ranged Numeric
[2015.02.21-17.12.22:119][785]LogPropertyNode:Warning: UI Min (0.001) >= UI Max () for Ranged Numeric
[2015.02.21-17.12.22:148][785]LogPropertyNode:Warning: UI Min (0.001) >= UI Max () for Ranged Numeric
[2015.02.21-17.12.22:185][785]LogPropertyNode:Warning: UI Min (0.001) >= UI Max () for Ranged Numeric
[2015.02.21-17.12.22:211][785]LogPropertyNode:Warning: UI Min (0.001) >= UI Max () for Ranged Numeric
[2015.02.21-17.13.04:491][765]LogPropertyNode:Warning: UI Min (0.001) >= UI Max () for Ranged Numeric
[2015.02.21-17.13.05:724][793]LogPropertyNode:Warning: UI Min (0.001) >= UI Max () for Ranged Numeric
[2015.02.21-17.13.08:604][883]LogPropertyNode:Warning: UI Min (0.001) >= UI Max () for Ranged Numeric
[2015.02.21-17.13.08:633][883]LogPropertyNode:Warning: UI Min (0.001) >= UI Max () for Ranged Numeric
[2015.02.21-17.13.08:672][883]LogPropertyNode:Warning: UI Min (0.001) >= UI Max () for Ranged Numeric
[2015.02.21-17.13.08:698][883]LogPropertyNode:Warning: UI Min (0.001) >= UI Max () for Ranged Numeric
[2015.02.21-17.13.29:635][333]LogPropertyNode:Warning: UI Min (0.001) >= UI Max () for Ranged Numeric
[2015.02.21-17.13.45:929][683]LogPropertyNode:Warning: UI Min (0.001) >= UI Max () for Ranged Numeric
[2015.02.21-17.13.48:455][775]LogPropertyNode:Warning: UI Min (0.001) >= UI Max () for Ranged Numeric
[2015.02.21-17.13.48:484][775]LogPropertyNode:Warning: UI Min (0.001) >= UI Max () for Ranged Numeric
[2015.02.21-17.13.48:521][775]LogPropertyNode:Warning: UI Min (0.001) >= UI Max () for Ranged Numeric
[2015.02.21-17.13.48:548][775]LogPropertyNode:Warning: UI Min (0.001) >= UI Max () for Ranged Numeric
[2015.02.21-17.14.10:418][309]LogPropertyNode:Warning: UI Min (0.001) >= UI Max () for Ranged Numeric
[2015.02.21-17.14.12:406][375]LogPropertyNode:Warning: UI Min (0.001) >= UI Max () for Ranged Numeric
[2015.02.21-17.14.12:435][375]LogPropertyNode:Warning: UI Min (0.001) >= UI Max () for Ranged Numeric
[2015.02.21-17.14.12:473][375]LogPropertyNode:Warning: UI Min (0.001) >= UI Max () for Ranged Numeric
[2015.02.21-17.14.12:500][375]LogPropertyNode:Warning: UI Min (0.001) >= UI Max () for Ranged Numeric
[2015.02.21-17.14.26:125][670]LogPropertyNode:Warning: UI Min (0.001) >= UI Max () for Ranged Numeric
[2015.02.21-17.14.28:562][747]LogPropertyNode:Warning: UI Min (0.001) >= UI Max () for Ranged Numeric
[2015.02.21-17.14.28:591][747]LogPropertyNode:Warning: UI Min (0.001) >= UI Max () for Ranged Numeric
[2015.02.21-17.14.28:628][747]LogPropertyNode:Warning: UI Min (0.001) >= UI Max () for Ranged Numeric
[2015.02.21-17.14.28:656][747]LogPropertyNode:Warning: UI Min (0.001) >= UI Max () for Ranged Numeric
[2015.02.21-17.14.42:603][ 49]LogPropertyNode:Warning: UI Min (0.001) >= UI Max () for Ranged Numeric
[2015.02.21-17.14.43:752][ 73]LogPropertyNode:Warning: UI Min (0.001) >= UI Max () for Ranged Numeric
[2015.02.21-17.14.44:651][114]LogPropertyNode:Warning: UI Min (0.001) >= UI Max () for Ranged Numeric
[2015.02.21-17.14.46:225][189]LogPropertyNode:Warning: UI Min (0.001) >= UI Max () for Ranged Numeric
[2015.02.21-17.14.46:255][189]LogPropertyNode:Warning: UI Min (0.001) >= UI Max () for Ranged Numeric
[2015.02.21-17.14.46:293][189]LogPropertyNode:Warning: UI Min (0.001) >= UI Max () for Ranged Numeric
[2015.02.21-17.14.46:320][189]LogPropertyNode:Warning: UI Min (0.001) >= UI Max () for Ranged Numeric
[2015.02.21-17.15.02:477][575]LogPropertyNode:Warning: UI Min (0.001) >= UI Max () for Ranged Numeric
[2015.02.21-17.15.16:101][867]LogPropertyNode:Warning: UI Min (0.001) >= UI Max () for Ranged Numeric
[2015.02.21-17.16.02:542][603]LogPropertyNode:Warning: UI Min (0.001) >= UI Max () for Ranged Numeric
[2015.02.21-17.16.04:689][661]LogPropertyNode:Warning: UI Min (0.001) >= UI Max () for Ranged Numeric
[2015.02.21-17.16.15:251][ 67]BlueprintLog: New page: Compile Rotator
[2015.02.21-17.16.15:333][ 67]LogParticles: Destroying 0 GPU particle simulations for FXSystem 0x000000ABD301D580
[2015.02.21-17.16.15:352][ 67]BlueprintEditorCompileResults: Info [0744.66] Compile of Rotator successful! [in 99 ms]
[2015.02.21-17.16.21:896][237]LogLinker:Warning: Can't find file '/Game/Meshes/Rotator'
[2015.02.21-17.16.21:897][237]LogLinker: Can't find file '/Game/Meshes/Rotator'
[2015.02.21-17.16.21:897][237]LogLinker:Warning: Can't find file '/Game/Meshes/Rotator'
[2015.02.21-17.16.21:897][237]LogLinker: Can't find file '/Game/Meshes/Rotator'
[2015.02.21-17.16.23:460][286]LogLinker:Warning: Can't find file '/Game/Meshes/Rotator'
[2015.02.21-17.16.23:461][286]LogLinker: Can't find file '/Game/Meshes/Rotator'
[2015.02.21-17.16.23:461][286]LogLinker:Warning: Can't find file '/Game/Meshes/Rotator'
[2015.02.21-17.16.23:461][286]LogLinker: Can't find file '/Game/Meshes/Rotator'
[2015.02.21-17.16.27:770][416]LogSavePackage: Save=37.908669ms
[2015.02.21-17.16.27:770][416]LogSavePackage: Moving '../../../../../../Users/Edi/Documents/Unreal Projects/Blindness-dev/Saved/Example_Map_Auto19D5D1F764E65DC202651D5A3EA703BE1.tmp' to '../../../../../../Users/Edi/Documents/Unreal Projects/Blindness-dev/Saved/Autosaves/Game/Maps/Example_Map_Auto1.umap'
[2015.02.21-17.16.27:778][416]LogFileHelpers: Editor autosave (incl. sublevels) for '/Game/Maps/Example_Map' took 0.138
[2015.02.21-17.16.27:778][416]LogFileHelpers: Editor autosave (incl. sublevels) for all levels took 0.138
[2015.02.21-17.16.27:790][416]OBJ SavePackage: Generating thumbnails for [1] asset(s) in package [/Game/Meshes/ring] ([1] browsable assets)...
[2015.02.21-17.16.27:814][416]OBJ SavePackage:     Rendered thumbnail for [StaticMesh /Game/Meshes/ring.ring]
[2015.02.21-17.16.27:814][416]OBJ SavePackage: Finished generating thumbnails for package [/Game/Meshes/ring]
[2015.02.21-17.16.27:816][416]Cmd: OBJ SAVEPACKAGE PACKAGE="/Game/Meshes/ring" FILE="../../../../../../Users/Edi/Documents/Unreal Projects/Blindness-dev/Saved/Autosaves/Game/Meshes/ring_Auto1.uasset" SILENT=false AUTOSAVING=true
[2015.02.21-17.16.28:295][416]LogSavePackage: Save=477.186310ms
[2015.02.21-17.16.28:295][416]LogSavePackage: Moving '../../../../../../Users/Edi/Documents/Unreal Projects/Blindness-dev/Saved/ring_Auto1EA47108549469F0A3520D5B13B1F34A4.tmp' to '../../../../../../Users/Edi/Documents/Unreal Projects/Blindness-dev/Saved/Autosaves/Game/Meshes/ring_Auto1.uasset'
[2015.02.21-17.16.28:310][416]OBJ SavePackage: Generating thumbnails for [1] asset(s) in package [/Game/Meshes/Material_002] ([1] browsable assets)...
[2015.02.21-17.16.28:347][416]OBJ SavePackage:     Rendered thumbnail for [Material /Game/Meshes/Material_002.Material_002]
[2015.02.21-17.16.28:347][416]OBJ SavePackage: Finished generating thumbnails for package [/Game/Meshes/Material_002]
[2015.02.21-17.16.28:911][416]LogSavePackage: Save=560.360352ms
[2015.02.21-17.16.28:911][416]LogSavePackage: Moving '../../../../../../Users/Edi/Documents/Unreal Projects/Blindness-dev/Saved/Material_002_Auto1F5C4DE6C4FFB283BFC0E3BA8A17E833C.tmp' to '../../../../../../Users/Edi/Documents/Unreal Projects/Blindness-dev/Saved/Autosaves/Game/Meshes/Material_002_Auto1.uasset'
[2015.02.21-17.16.28:927][416]OBJ SavePackage: Generating thumbnails for [1] asset(s) in package [/Game/Meshes/Rotator] ([1] browsable assets)...
[2015.02.21-17.16.28:953][416]OBJ SavePackage:     Rendered thumbnail for [Blueprint /Game/Meshes/Rotator.Rotator]
[2015.02.21-17.16.28:953][416]OBJ SavePackage: Finished generating thumbnails for package [/Game/Meshes/Rotator]
[2015.02.21-17.16.28:954][416]Cmd: OBJ SAVEPACKAGE PACKAGE="/Game/Meshes/Rotator" FILE="../../../../../../Users/Edi/Documents/Unreal Projects/Blindness-dev/Saved/Autosaves/Game/Meshes/Rotator_Auto1.uasset" SILENT=false AUTOSAVING=true
[2015.02.21-17.16.29:324][416]LogSavePackage: Save=367.797180ms
[2015.02.21-17.16.29:324][416]LogSavePackage: Moving '../../../../../../Users/Edi/Documents/Unreal Projects/Blindness-dev/Saved/Rotator_Auto19C859736458E0A0D4E0C5DB57BCBA4B5.tmp' to '../../../../../../Users/Edi/Documents/Unreal Projects/Blindness-dev/Saved/Autosaves/Game/Meshes/Rotator_Auto1.uasset'
[2015.02.21-17.16.29:327][416]LogFileHelpers: Auto-saving content packages took 1.549
[2015.02.21-17.16.36:390][655]BlueprintLog: New page: Pre-PIE auto-recompile
[2015.02.21-17.16.36:394][655]LogPlayLevel: [PIE] Compiling Tutorial_BP_MacroLib before PIE...
[2015.02.21-17.16.36:474][655]LogPlayLevel: PIE:  Blueprint regeneration took 84 ms (1 blueprints)
[2015.02.21-17.16.36:475][655]PIE: New page: PIE session: Example_Map (Feb 21, 2015, 7:16:36 PM)
[2015.02.21-17.16.36:481][655]LogPlayLevel: PIE: StaticDuplicateObject took: (0.005768s)
[2015.02.21-17.16.36:481][655]LogPlayLevel: PIE: World Init took: (0.000687s)
[2015.02.21-17.16.36:482][655]LogPlayLevel: PIE: Created PIE world by copying editor world from /Game/Maps/Example_Map.Example_Map to /Game/Maps/UEDPIE_0_Example_Map.Example_Map (0.006633s)
[2015.02.21-17.16.36:513][655]LogWorld: Game class is 'MyGame_C'
[2015.02.21-17.16.36:514][655]LogAIModule: Creating AISystem for world Example_Map
[2015.02.21-17.16.36:518][655]LogWorld: Bringing World /Game/Maps/UEDPIE_0_Example_Map.Example_Map up for play (max tick rate 0) at 2015.02.21-18.16.36
[2015.02.21-17.16.36:519][655]LogWorld: Bringing up level for play took: 0.004086
[2015.02.21-17.16.36:521][655]PIE: Info Play in editor start time for /Game/Maps/UEDPIE_0_Example_Map 0.39
[2015.02.21-17.16.44:775][933]LogParticles: Destroying 0 GPU particle simulations for FXSystem 0x000000ABD27FD1C0
[2015.02.21-17.16.50:160][ 80]LogPropertyNode:Warning: UI Min (0.001) >= UI Max () for Ranged Numeric
[2015.02.21-17.16.57:662][315]LogPropertyNode:Warning: UI Min (0.001) >= UI Max () for Ranged Numeric
[2015.02.21-17.17.10:602][609]LogPropertyNode:Warning: UI Min (0.001) >= UI Max () for Ranged Numeric
[2015.02.21-17.17.11:343][631]LogPropertyNode:Warning: UI Min (0.001) >= UI Max () for Ranged Numeric
[2015.02.21-17.17.23:122][903]BlueprintLog: New page: Compile Rotator
[2015.02.21-17.17.23:238][903]LogPropertyNode:Warning: UI Min (0.001) >= UI Max () for Ranged Numeric
[2015.02.21-17.17.23:259][903]LogPropertyNode:Warning: UI Min (0.001) >= UI Max () for Ranged Numeric
[2015.02.21-17.17.23:280][903]LogPropertyNode:Warning: UI Min (0.001) >= UI Max () for Ranged Numeric
[2015.02.21-17.17.23:301][903]LogPropertyNode:Warning: UI Min (0.001) >= UI Max () for Ranged Numeric
[2015.02.21-17.17.23:321][903]LogPropertyNode:Warning: UI Min (0.001) >= UI Max () for Ranged Numeric
[2015.02.21-17.17.23:342][903]LogPropertyNode:Warning: UI Min (0.001) >= UI Max () for Ranged Numeric
[2015.02.21-17.17.23:363][903]LogPropertyNode:Warning: UI Min (0.001) >= UI Max () for Ranged Numeric
[2015.02.21-17.17.23:384][903]LogPropertyNode:Warning: UI Min (0.001) >= UI Max () for Ranged Numeric
[2015.02.21-17.17.23:404][903]BlueprintEditorCompileResults: Info [0812.72] Compile of Rotator successful! [in 279 ms]
[2015.02.21-17.17.23:437][903]LogPropertyNode:Warning: UI Min (0.001) >= UI Max () for Ranged Numeric
[2015.02.21-17.17.25:149][951]LogPlayLevel: PIE:  No blueprints needed recompiling
[2015.02.21-17.17.25:149][951]PIE: New page: PIE session: Example_Map (Feb 21, 2015, 7:17:25 PM)
[2015.02.21-17.17.25:156][951]LogPlayLevel: PIE: StaticDuplicateObject took: (0.005988s)
[2015.02.21-17.17.25:156][951]LogPlayLevel: PIE: World Init took: (0.000674s)
[2015.02.21-17.17.25:157][951]LogPlayLevel: PIE: Created PIE world by copying editor world from /Game/Maps/Example_Map.Example_Map to /Game/Maps/UEDPIE_0_Example_Map.Example_Map (0.006846s)
[2015.02.21-17.17.25:189][951]LogWorld: Game class is 'MyGame_C'
[2015.02.21-17.17.25:191][951]LogAIModule: Creating AISystem for world Example_Map
[2015.02.21-17.17.25:195][951]LogWorld: Bringing World /Game/Maps/UEDPIE_0_Example_Map.Example_Map up for play (max tick rate 0) at 2015.02.21-18.17.25
[2015.02.21-17.17.25:196][951]LogWorld: Bringing up level for play took: 0.003993
[2015.02.21-17.17.25:198][951]PIE: Info Play in editor start time for /Game/Maps/UEDPIE_0_Example_Map -0.933
[2015.02.21-17.17.29:305][ 84]LogPropertyNode:Warning: UI Min (0.001) >= UI Max () for Ranged Numeric
[2015.02.21-17.17.29:326][ 84]LogPropertyNode:Warning: UI Min (0.001) >= UI Max () for Ranged Numeric
[2015.02.21-17.17.29:347][ 84]LogPropertyNode:Warning: UI Min (0.001) >= UI Max () for Ranged Numeric
[2015.02.21-17.17.29:367][ 84]LogPropertyNode:Warning: UI Min (0.001) >= UI Max () for Ranged Numeric
[2015.02.21-17.17.29:388][ 84]LogPropertyNode:Warning: UI Min (0.001) >= UI Max () for Ranged Numeric
[2015.02.21-17.17.29:409][ 84]LogPropertyNode:Warning: UI Min (0.001) >= UI Max () for Ranged Numeric
[2015.02.21-17.17.29:430][ 84]LogPropertyNode:Warning: UI Min (0.001) >= UI Max () for Ranged Numeric
[2015.02.21-17.17.29:450][ 84]LogPropertyNode:Warning: UI Min (0.001) >= UI Max () for Ranged Numeric
[2015.02.21-17.17.29:543][ 84]LogParticles: Destroying 0 GPU particle simulations for FXSystem 0x000000ABC1085BC0
[2015.02.21-17.17.29:585][ 84]LogPropertyNode:Warning: UI Min (0.001) >= UI Max () for Ranged Numeric
[2015.02.21-17.17.34:793][200]LogPropertyNode:Warning: UI Min (0.001) >= UI Max () for Ranged Numeric
[2015.02.21-17.17.34:814][200]LogPropertyNode:Warning: UI Min (0.001) >= UI Max () for Ranged Numeric
[2015.02.21-17.17.34:835][200]LogPropertyNode:Warning: UI Min (0.001) >= UI Max () for Ranged Numeric
[2015.02.21-17.17.34:856][200]LogPropertyNode:Warning: UI Min (0.001) >= UI Max () for Ranged Numeric
[2015.02.21-17.17.34:877][200]LogPropertyNode:Warning: UI Min (0.001) >= UI Max () for Ranged Numeric
[2015.02.21-17.17.34:898][200]LogPropertyNode:Warning: UI Min (0.001) >= UI Max () for Ranged Numeric
[2015.02.21-17.17.34:919][200]LogPropertyNode:Warning: UI Min (0.001) >= UI Max () for Ranged Numeric
[2015.02.21-17.17.34:939][200]LogPropertyNode:Warning: UI Min (0.001) >= UI Max () for Ranged Numeric
[2015.02.21-17.17.50:224][752]BlueprintLog: New page: Compile Rotator
[2015.02.21-17.17.50:319][752]BlueprintEditorCompileResults: Info [0839.63] Compile of Rotator successful! [in 93 ms]
[2015.02.21-17.17.51:217][782]LogPropertyNode:Warning: UI Min (0.001) >= UI Max () for Ranged Numeric
[2015.02.21-17.17.52:330][816]LogPlayLevel: PIE:  No blueprints needed recompiling
[2015.02.21-17.17.52:330][816]PIE: New page: PIE session: Example_Map (Feb 21, 2015, 7:17:52 PM)
[2015.02.21-17.17.52:336][816]LogPlayLevel: PIE: StaticDuplicateObject took: (0.005672s)
[2015.02.21-17.17.52:337][816]LogPlayLevel: PIE: World Init took: (0.000757s)
[2015.02.21-17.17.52:337][816]LogPlayLevel: PIE: Created PIE world by copying editor world from /Game/Maps/Example_Map.Example_Map to /Game/Maps/UEDPIE_0_Example_Map.Example_Map (0.006611s)
[2015.02.21-17.17.52:369][816]LogWorld: Game class is 'MyGame_C'
[2015.02.21-17.17.52:371][816]LogAIModule: Creating AISystem for world Example_Map
[2015.02.21-17.17.52:374][816]LogWorld: Bringing World /Game/Maps/UEDPIE_0_Example_Map.Example_Map up for play (max tick rate 0) at 2015.02.21-18.17.52
[2015.02.21-17.17.52:375][816]LogWorld: Bringing up level for play took: 0.004244
[2015.02.21-17.17.52:377][816]PIE: Info Play in editor start time for /Game/Maps/UEDPIE_0_Example_Map 0.246
[2015.02.21-17.17.55:582][943]LogParticles: Destroying 0 GPU particle simulations for FXSystem 0x000000ABCC793100
[2015.02.21-17.18.02:312][151]Cmd: OBJ SAVEPACKAGE PACKAGE="/Game/Maps/Example_Map" FILE="../../../../../../Users/Edi/Documents/Unreal Projects/Blindness-dev/Content/Maps/Example_Map.umap" SILENT=true AUTOSAVING=false KEEPDIRTY=false
[2015.02.21-17.18.02:375][151]LogSavePackage: Save=37.918388ms
[2015.02.21-17.18.02:375][151]LogSavePackage: Moving '../../../../../../Users/Edi/Documents/Unreal Projects/Blindness-dev/Saved/Example_Map459A23DD4F233C6361C0C6AB12AE0458.tmp' to '../../../../../../Users/Edi/Documents/Unreal Projects/Blindness-dev/Content/Maps/Example_Map.umap'
[2015.02.21-17.18.02:411][151]LogFileHelpers: Saving map 'Example_Map' took 0.220
[2015.02.21-17.18.02:453][151]Cmd: OBJ SAVEPACKAGE PACKAGE="/Game/Meshes/ring" FILE="../../../../../../Users/Edi/Documents/Unreal Projects/Blindness-dev/Content/Meshes/ring.uasset" SILENT=true
[2015.02.21-17.18.02:899][151]LogSavePackage: Save=445.146576ms
[2015.02.21-17.18.02:900][151]LogSavePackage: Moving '../../../../../../Users/Edi/Documents/Unreal Projects/Blindness-dev/Saved/ring76B2D463464F64D9145039A2CDB3FEB1.tmp' to '../../../../../../Users/Edi/Documents/Unreal Projects/Blindness-dev/Content/Meshes/ring.uasset'
[2015.02.21-17.18.02:948][151]Cmd: OBJ SAVEPACKAGE PACKAGE="/Game/Meshes/Material_002" FILE="../../../../../../Users/Edi/Documents/Unreal Projects/Blindness-dev/Content/Meshes/Material_002.uasset" SILENT=true
[2015.02.21-17.18.03:500][151]LogSavePackage: Save=534.593933ms
[2015.02.21-17.18.03:500][151]LogSavePackage: Moving '../../../../../../Users/Edi/Documents/Unreal Projects/Blindness-dev/Saved/Material_002C94144A64A6BDF74D1F2E0BAA59135B8.tmp' to '../../../../../../Users/Edi/Documents/Unreal Projects/Blindness-dev/Content/Meshes/Material_002.uasset'
[2015.02.21-17.18.03:537][151]Cmd: OBJ SAVEPACKAGE PACKAGE="/Game/Meshes/Rotator" FILE="../../../../../../Users/Edi/Documents/Unreal Projects/Blindness-dev/Content/Meshes/Rotator.uasset" SILENT=true
[2015.02.21-17.18.03:817][151]LogSavePackage: Save=278.372009ms
[2015.02.21-17.18.03:817][151]LogSavePackage: Moving '../../../../../../Users/Edi/Documents/Unreal Projects/Blindness-dev/Saved/Rotator477D35E4495B858999313E8462718C04.tmp' to '../../../../../../Users/Edi/Documents/Unreal Projects/Blindness-dev/Content/Meshes/Rotator.uasset'
[2015.02.21-17.18.06:339][234]BlueprintLog: New page: Compile Rotator
[2015.02.21-17.18.06:435][234]BlueprintEditorCompileResults: Info [0855.75] Compile of Rotator successful! [in 94 ms]
[2015.02.21-17.18.08:932][306]LogPlayLevel: PIE:  No blueprints needed recompiling
[2015.02.21-17.18.08:932][306]PIE: New page: PIE session: Example_Map (Feb 21, 2015, 7:18:08 PM)
[2015.02.21-17.18.08:938][306]LogPlayLevel: PIE: StaticDuplicateObject took: (0.005695s)
[2015.02.21-17.18.08:938][306]LogPlayLevel: PIE: World Init took: (0.000659s)
[2015.02.21-17.18.08:939][306]LogPlayLevel: PIE: Created PIE world by copying editor world from /Game/Maps/Example_Map.Example_Map to /Game/Maps/UEDPIE_0_Example_Map.Example_Map (0.006535s)
[2015.02.21-17.18.08:986][306]LogWorld: Game class is 'MyGame_C'
[2015.02.21-17.18.08:987][306]LogAIModule: Creating AISystem for world Example_Map
[2015.02.21-17.18.08:991][306]LogWorld: Bringing World /Game/Maps/UEDPIE_0_Example_Map.Example_Map up for play (max tick rate 0) at 2015.02.21-18.18.08
[2015.02.21-17.18.08:992][306]LogWorld: Bringing up level for play took: 0.004138
[2015.02.21-17.18.08:994][306]PIE: Info Play in editor start time for /Game/Maps/UEDPIE_0_Example_Map 0.863
[2015.02.21-17.18.15:942][528]LogParticles: Destroying 0 GPU particle simulations for FXSystem 0x000000ABCC769EE0
[2015.02.21-17.18.17:596][573]LogPropertyNode:Warning: UI Min (0.001) >= UI Max () for Ranged Numeric
[2015.02.21-17.18.44:434][147]BlueprintLog: New page: Compile Rotator
[2015.02.21-17.18.44:587][147]BlueprintEditorCompileResults: Info [0893.90] Compile of Rotator successful! [in 150 ms]
[2015.02.21-17.18.46:504][199]LogPlayLevel: PIE:  No blueprints needed recompiling
[2015.02.21-17.18.46:504][199]PIE: New page: PIE session: Example_Map (Feb 21, 2015, 7:18:46 PM)
[2015.02.21-17.18.46:511][199]LogPlayLevel: PIE: StaticDuplicateObject took: (0.006030s)
[2015.02.21-17.18.46:511][199]LogPlayLevel: PIE: World Init took: (0.000674s)
[2015.02.21-17.18.46:511][199]LogPlayLevel: PIE: Created PIE world by copying editor world from /Game/Maps/Example_Map.Example_Map to /Game/Maps/UEDPIE_0_Example_Map.Example_Map (0.006887s)
[2015.02.21-17.18.46:541][199]LogWorld: Game class is 'MyGame_C'
[2015.02.21-17.18.46:543][199]LogAIModule: Creating AISystem for world Example_Map
[2015.02.21-17.18.46:546][199]LogWorld: Bringing World /Game/Maps/UEDPIE_0_Example_Map.Example_Map up for play (max tick rate 0) at 2015.02.21-18.18.46
[2015.02.21-17.18.46:547][199]LogWorld: Bringing up level for play took: 0.004014
[2015.02.21-17.18.46:549][199]PIE: Info Play in editor start time for /Game/Maps/UEDPIE_0_Example_Map 0.418
[2015.02.21-17.18.54:893][473]LogParticles: Destroying 0 GPU particle simulations for FXSystem 0x000000ABD1D7A160
[2015.02.21-17.19.01:771][666]LogPlayLevel: PIE:  No blueprints needed recompiling
[2015.02.21-17.19.01:771][666]PIE: New page: PIE session: Example_Map (Feb 21, 2015, 7:19:01 PM)
[2015.02.21-17.19.01:778][666]LogPlayLevel: PIE: StaticDuplicateObject took: (0.005942s)
[2015.02.21-17.19.01:778][666]LogPlayLevel: PIE: World Init took: (0.000662s)
[2015.02.21-17.19.01:779][666]LogPlayLevel: PIE: Created PIE world by copying editor world from /Game/Maps/Example_Map.Example_Map to /Game/Maps/UEDPIE_0_Example_Map.Example_Map (0.006787s)
[2015.02.21-17.19.01:814][666]LogWorld: Game class is 'MyGame_C'
[2015.02.21-17.19.01:815][666]LogAIModule: Creating AISystem for world Example_Map
[2015.02.21-17.19.01:819][666]LogWorld: Bringing World /Game/Maps/UEDPIE_0_Example_Map.Example_Map up for play (max tick rate 0) at 2015.02.21-18.19.01
[2015.02.21-17.19.01:820][666]LogWorld: Bringing up level for play took: 0.004106
[2015.02.21-17.19.01:822][666]PIE: Info Play in editor start time for /Game/Maps/UEDPIE_0_Example_Map -0.31
[2015.02.21-17.19.24:770][403]LogCharacterMovement: MyCharacter_C_6 is stuck and failed to move!
[2015.02.21-17.19.24:801][404]LogCharacterMovement: MyCharacter_C_6 is stuck and failed to move!
[2015.02.21-17.19.24:832][405]LogCharacterMovement: MyCharacter_C_6 is stuck and failed to move!
[2015.02.21-17.19.33:735][697]LogCharacterMovement: MyCharacter_C_6 is stuck and failed to move!
[2015.02.21-17.19.53:237][324]LogCharacterMovement: MyCharacter_C_6 is stuck and failed to move!
[2015.02.21-17.19.53:271][325]LogCharacterMovement: MyCharacter_C_6 is stuck and failed to move!
[2015.02.21-17.19.53:572][334]LogCharacterMovement: MyCharacter_C_6 is stuck and failed to move!
[2015.02.21-17.19.53:605][335]LogCharacterMovement: MyCharacter_C_6 is stuck and failed to move!
[2015.02.21-17.19.53:640][336]LogCharacterMovement: MyCharacter_C_6 is stuck and failed to move!
[2015.02.21-17.19.53:673][337]LogCharacterMovement: MyCharacter_C_6 is stuck and failed to move!
[2015.02.21-17.19.53:705][338]LogCharacterMovement: MyCharacter_C_6 is stuck and failed to move!
[2015.02.21-17.19.53:737][339]LogCharacterMovement: MyCharacter_C_6 is stuck and failed to move!
[2015.02.21-17.19.53:769][340]LogCharacterMovement: MyCharacter_C_6 is stuck and failed to move!
[2015.02.21-17.19.53:801][341]LogCharacterMovement: MyCharacter_C_6 is stuck and failed to move!
[2015.02.21-17.19.53:836][342]LogCharacterMovement: MyCharacter_C_6 is stuck and failed to move!
[2015.02.21-17.19.53:870][343]LogCharacterMovement: MyCharacter_C_6 is stuck and failed to move!
[2015.02.21-17.19.53:903][344]LogCharacterMovement: MyCharacter_C_6 is stuck and failed to move!
[2015.02.21-17.19.53:936][345]LogCharacterMovement: MyCharacter_C_6 is stuck and failed to move!
[2015.02.21-17.19.53:969][346]LogCharacterMovement: MyCharacter_C_6 is stuck and failed to move!
[2015.02.21-17.19.54:002][347]LogCharacterMovement: MyCharacter_C_6 is stuck and failed to move!
[2015.02.21-17.19.54:038][348]LogCharacterMovement: MyCharacter_C_6 is stuck and failed to move!
[2015.02.21-17.19.54:071][349]LogCharacterMovement: MyCharacter_C_6 is stuck and failed to move!
[2015.02.21-17.19.54:104][350]LogCharacterMovement: MyCharacter_C_6 is stuck and failed to move!
[2015.02.21-17.19.54:137][351]LogCharacterMovement: MyCharacter_C_6 is stuck and failed to move!
[2015.02.21-17.19.54:170][352]LogCharacterMovement: MyCharacter_C_6 is stuck and failed to move!
[2015.02.21-17.19.54:203][353]LogCharacterMovement: MyCharacter_C_6 is stuck and failed to move!
[2015.02.21-17.19.54:239][354]LogCharacterMovement: MyCharacter_C_6 is stuck and failed to move!
[2015.02.21-17.19.54:272][355]LogCharacterMovement: MyCharacter_C_6 is stuck and failed to move!
[2015.02.21-17.19.54:305][356]LogCharacterMovement: MyCharacter_C_6 is stuck and failed to move!
[2015.02.21-17.19.54:338][357]LogCharacterMovement: MyCharacter_C_6 is stuck and failed to move!
[2015.02.21-17.19.54:371][358]LogCharacterMovement: MyCharacter_C_6 is stuck and failed to move!
[2015.02.21-17.19.54:648][366]LogCharacterMovement: MyCharacter_C_6 is stuck and failed to move!
[2015.02.21-17.19.54:681][367]LogCharacterMovement: MyCharacter_C_6 is stuck and failed to move!
[2015.02.21-17.19.54:715][368]LogCharacterMovement: MyCharacter_C_6 is stuck and failed to move!
[2015.02.21-17.19.54:749][369]LogCharacterMovement: MyCharacter_C_6 is stuck and failed to move!
[2015.02.21-17.19.54:782][370]LogCharacterMovement: MyCharacter_C_6 is stuck and failed to move!
[2015.02.21-17.19.54:816][371]LogCharacterMovement: MyCharacter_C_6 is stuck and failed to move!
[2015.02.21-17.19.54:852][372]LogCharacterMovement: MyCharacter_C_6 is stuck and failed to move!
[2015.02.21-17.19.54:885][373]LogCharacterMovement: MyCharacter_C_6 is stuck and failed to move!
[2015.02.21-17.19.55:147][381]LogCharacterMovement: MyCharacter_C_6 is stuck and failed to move!
[2015.02.21-17.19.56:748][429]LogCharacterMovement: MyCharacter_C_6 is stuck and failed to move!
[2015.02.21-17.19.56:782][430]LogCharacterMovement: MyCharacter_C_6 is stuck and failed to move!
[2015.02.21-17.19.57:052][438]LogCharacterMovement: MyCharacter_C_6 is stuck and failed to move!
[2015.02.21-17.19.57:084][439]LogCharacterMovement: MyCharacter_C_6 is stuck and failed to move!
[2015.02.21-17.19.57:117][440]LogCharacterMovement: MyCharacter_C_6 is stuck and failed to move!
[2015.02.21-17.19.57:149][441]LogCharacterMovement: MyCharacter_C_6 is stuck and failed to move!
[2015.02.21-17.19.57:181][442]LogCharacterMovement: MyCharacter_C_6 is stuck and failed to move!
[2015.02.21-17.19.57:214][443]LogCharacterMovement: MyCharacter_C_6 is stuck and failed to move!
[2015.02.21-17.19.57:248][444]LogCharacterMovement: MyCharacter_C_6 is stuck and failed to move!
[2015.02.21-17.19.57:281][445]LogCharacterMovement: MyCharacter_C_6 is stuck and failed to move!
[2015.02.21-17.19.57:313][446]LogCharacterMovement: MyCharacter_C_6 is stuck and failed to move!
[2015.02.21-17.19.57:346][447]LogCharacterMovement: MyCharacter_C_6 is stuck and failed to move!
[2015.02.21-17.19.57:379][448]LogCharacterMovement: MyCharacter_C_6 is stuck and failed to move!
[2015.02.21-17.19.57:577][454]LogCharacterMovement: MyCharacter_C_6 is stuck and failed to move!
[2015.02.21-17.19.57:609][455]LogCharacterMovement: MyCharacter_C_6 is stuck and failed to move!
[2015.02.21-17.19.57:644][456]LogCharacterMovement: MyCharacter_C_6 is stuck and failed to move!
[2015.02.21-17.19.57:676][457]LogCharacterMovement: MyCharacter_C_6 is stuck and failed to move!
[2015.02.21-17.19.57:708][458]LogCharacterMovement: MyCharacter_C_6 is stuck and failed to move!
[2015.02.21-17.19.57:740][459]LogCharacterMovement: MyCharacter_C_6 is stuck and failed to move!
[2015.02.21-17.19.57:772][460]LogCharacterMovement: MyCharacter_C_6 is stuck and failed to move!
[2015.02.21-17.19.57:804][461]LogCharacterMovement: MyCharacter_C_6 is stuck and failed to move!
[2015.02.21-17.19.57:839][462]LogCharacterMovement: MyCharacter_C_6 is stuck and failed to move!
[2015.02.21-17.19.57:872][463]LogCharacterMovement: MyCharacter_C_6 is stuck and failed to move!
[2015.02.21-17.19.57:905][464]LogCharacterMovement: MyCharacter_C_6 is stuck and failed to move!
[2015.02.21-17.19.57:938][465]LogCharacterMovement: MyCharacter_C_6 is stuck and failed to move!
[2015.02.21-17.19.57:970][466]LogCharacterMovement: MyCharacter_C_6 is stuck and failed to move!
[2015.02.21-17.19.58:069][469]LogCharacterMovement: MyCharacter_C_6 is stuck and failed to move!
[2015.02.21-17.19.58:101][470]LogCharacterMovement: MyCharacter_C_6 is stuck and failed to move!
[2015.02.21-17.19.58:133][471]LogCharacterMovement: MyCharacter_C_6 is stuck and failed to move!
[2015.02.21-17.19.58:164][472]LogCharacterMovement: MyCharacter_C_6 is stuck and failed to move!
[2015.02.21-17.19.58:196][473]LogCharacterMovement: MyCharacter_C_6 is stuck and failed to move!
[2015.02.21-17.19.58:232][474]LogCharacterMovement: MyCharacter_C_6 is stuck and failed to move!
[2015.02.21-17.19.58:263][475]LogCharacterMovement: MyCharacter_C_6 is stuck and failed to move!
[2015.02.21-17.19.58:295][476]LogCharacterMovement: MyCharacter_C_6 is stuck and failed to move!
[2015.02.21-17.19.58:328][477]LogCharacterMovement: MyCharacter_C_6 is stuck and failed to move!
[2015.02.21-17.19.58:361][478]LogCharacterMovement: MyCharacter_C_6 is stuck and failed to move!
[2015.02.21-17.19.58:596][485]LogCharacterMovement: MyCharacter_C_6 is stuck and failed to move!
[2015.02.21-17.19.58:633][486]LogCharacterMovement: MyCharacter_C_6 is stuck and failed to move!
[2015.02.21-17.19.58:666][487]LogCharacterMovement: MyCharacter_C_6 is stuck and failed to move!
[2015.02.21-17.19.58:699][488]LogCharacterMovement: MyCharacter_C_6 is stuck and failed to move!
[2015.02.21-17.19.58:731][489]LogCharacterMovement: MyCharacter_C_6 is stuck and failed to move!
[2015.02.21-17.19.58:763][490]LogCharacterMovement: MyCharacter_C_6 is stuck and failed to move!
[2015.02.21-17.19.58:794][491]LogCharacterMovement: MyCharacter_C_6 is stuck and failed to move!
[2015.02.21-17.19.58:826][492]LogCharacterMovement: MyCharacter_C_6 is stuck and failed to move!
[2015.02.21-17.20.27:792][465]LogParticles: Destroying 0 GPU particle simulations for FXSystem 0x000000ABD27FE5C0
[2015.02.21-17.20.28:422][483]LogEditorViewport: Clicking Background
[2015.02.21-17.20.29:729][520]LogPlayLevel: PIE:  No blueprints needed recompiling
[2015.02.21-17.20.29:730][520]PIE: New page: PIE session: Example_Map (Feb 21, 2015, 7:20:29 PM)
[2015.02.21-17.20.29:736][520]LogPlayLevel: PIE: StaticDuplicateObject took: (0.005856s)
[2015.02.21-17.20.29:737][520]LogPlayLevel: PIE: World Init took: (0.000710s)
[2015.02.21-17.20.29:737][520]LogPlayLevel: PIE: Created PIE world by copying editor world from /Game/Maps/Example_Map.Example_Map to /Game/Maps/UEDPIE_0_Example_Map.Example_Map (0.006750s)
[2015.02.21-17.20.29:771][520]LogWorld: Game class is 'MyGame_C'
[2015.02.21-17.20.29:773][520]LogAIModule: Creating AISystem for world Example_Map
[2015.02.21-17.20.29:776][520]LogWorld: Bringing World /Game/Maps/UEDPIE_0_Example_Map.Example_Map up for play (max tick rate 0) at 2015.02.21-18.20.29
[2015.02.21-17.20.29:777][520]LogWorld: Bringing up level for play took: 0.004215
[2015.02.21-17.20.29:779][520]PIE: Info Play in editor start time for /Game/Maps/UEDPIE_0_Example_Map -0.352
[2015.02.21-17.20.32:683][609]LogParticles: Destroying 0 GPU particle simulations for FXSystem 0x000000ABC1085DA0
[2015.02.21-17.21.14:416][810]LogPlayLevel: PIE:  No blueprints needed recompiling
[2015.02.21-17.21.14:416][810]PIE: New page: PIE session: Example_Map (Feb 21, 2015, 7:21:14 PM)
[2015.02.21-17.21.14:422][810]LogPlayLevel: PIE: StaticDuplicateObject took: (0.005839s)
[2015.02.21-17.21.14:423][810]LogPlayLevel: PIE: World Init took: (0.000855s)
[2015.02.21-17.21.14:423][810]LogPlayLevel: PIE: Created PIE world by copying editor world from /Game/Maps/Example_Map.Example_Map to /Game/Maps/UEDPIE_0_Example_Map.Example_Map (0.006885s)
[2015.02.21-17.21.14:455][810]LogWorld: Game class is 'MyGame_C'
[2015.02.21-17.21.14:457][810]LogAIModule: Creating AISystem for world Example_Map
[2015.02.21-17.21.14:461][810]LogWorld: Bringing World /Game/Maps/UEDPIE_0_Example_Map.Example_Map up for play (max tick rate 0) at 2015.02.21-18.21.14
[2015.02.21-17.21.14:462][810]LogWorld: Bringing up level for play took: 0.004263
[2015.02.21-17.21.14:464][810]PIE: Info Play in editor start time for /Game/Maps/UEDPIE_0_Example_Map 0.333
[2015.02.21-17.21.16:785][904]LogCharacterMovement: MyCharacter_C_8 is stuck and failed to move!
[2015.02.21-17.21.16:808][905]LogCharacterMovement: MyCharacter_C_8 is stuck and failed to move!
[2015.02.21-17.21.42:563][883]LogParticles: Destroying 0 GPU particle simulations for FXSystem 0x000000ABC0D89300
[2015.02.21-17.30.15:286][458]LogSavePackage: Save=40.462639ms
[2015.02.21-17.30.15:286][458]LogSavePackage: Moving '../../../../../../Users/Edi/Documents/Unreal Projects/Blindness-dev/Saved/Example_Map_Auto2F335E6C4491F9DE5EA2EDE829BD06880.tmp' to '../../../../../../Users/Edi/Documents/Unreal Projects/Blindness-dev/Saved/Autosaves/Game/Maps/Example_Map_Auto2.umap'
[2015.02.21-17.30.15:294][458]LogFileHelpers: Editor autosave (incl. sublevels) for '/Game/Maps/Example_Map' took 0.121
[2015.02.21-17.30.15:294][458]LogFileHelpers: Editor autosave (incl. sublevels) for all levels took 0.121
[2015.02.21-17.30.15:306][458]OBJ SavePackage: Generating thumbnails for [1] asset(s) in package [/Game/Meshes/Rotator] ([1] browsable assets)...
[2015.02.21-17.30.15:333][458]OBJ SavePackage:     Rendered thumbnail for [Blueprint /Game/Meshes/Rotator.Rotator]
[2015.02.21-17.30.15:333][458]OBJ SavePackage: Finished generating thumbnails for package [/Game/Meshes/Rotator]
[2015.02.21-17.30.15:335][458]Cmd: OBJ SAVEPACKAGE PACKAGE="/Game/Meshes/Rotator" FILE="../../../../../../Users/Edi/Documents/Unreal Projects/Blindness-dev/Saved/Autosaves/Game/Meshes/Rotator_Auto2.uasset" SILENT=false AUTOSAVING=true
[2015.02.21-17.30.15:673][458]LogSavePackage: Save=328.576904ms
[2015.02.21-17.30.15:673][458]LogSavePackage: Moving '../../../../../../Users/Edi/Documents/Unreal Projects/Blindness-dev/Saved/Rotator_Auto20F83D02141A7E8AD17E44589F426B1CE.tmp' to '../../../../../../Users/Edi/Documents/Unreal Projects/Blindness-dev/Saved/Autosaves/Game/Meshes/Rotator_Auto2.uasset'
[2015.02.21-17.30.15:676][458]LogFileHelpers: Auto-saving content packages took 0.382
[2015.02.21-17.30.23:230][499]Cmd: OBJ SAVEPACKAGE PACKAGE="/Game/Maps/Example_Map" FILE="../../../../../../Users/Edi/Documents/Unreal Projects/Blindness-dev/Content/Maps/Example_Map.umap" SILENT=true AUTOSAVING=false KEEPDIRTY=false
[2015.02.21-17.30.23:296][499]LogSavePackage: Save=37.804844ms
[2015.02.21-17.30.23:296][499]LogSavePackage: Moving '../../../../../../Users/Edi/Documents/Unreal Projects/Blindness-dev/Saved/Example_MapB85A7E1A4F41CC21F14AA4863908CB1E.tmp' to '../../../../../../Users/Edi/Documents/Unreal Projects/Blindness-dev/Content/Maps/Example_Map.umap'
[2015.02.21-17.30.23:332][499]LogFileHelpers: Saving map 'Example_Map' took 0.226
[2015.02.21-17.30.23:335][499]Cmd: OBJ SAVEPACKAGE PACKAGE="/Game/Meshes/Rotator" FILE="../../../../../../Users/Edi/Documents/Unreal Projects/Blindness-dev/Content/Meshes/Rotator.uasset" SILENT=true
[2015.02.21-17.30.23:354][499]LogSavePackage: Save=13.519173ms
[2015.02.21-17.30.23:354][499]LogSavePackage: Moving '../../../../../../Users/Edi/Documents/Unreal Projects/Blindness-dev/Saved/RotatorADD516504C88922AC384F7AC3F67D814.tmp' to '../../../../../../Users/Edi/Documents/Unreal Projects/Blindness-dev/Content/Meshes/Rotator.uasset'
[2015.02.21-17.30.24:073][500]Cmd: QUIT_EDITOR
[2015.02.21-17.30.24:567][500]LogExit: Preparing to exit.
[2015.02.21-17.30.25:371][500]LogExit: Editor shut down
[2015.02.21-17.30.25:372][500]LogExit: Transaction tracking system shut down
[2015.02.21-17.30.25:373][500]LogParticles: Destroying 0 GPU particle simulations for FXSystem 0x000000ABB9352480
[2015.02.21-17.30.25:373][500]LogParticles: Destroying 0 GPU particle simulations for FXSystem 0x000000ABC7904360
[2015.02.21-17.30.25:373][500]LogParticles: Destroying 0 GPU particle simulations for FXSystem 0x000000ABC779FEC0
[2015.02.21-17.30.25:373][500]LogParticles: Destroying 0 GPU particle simulations for FXSystem 0x000000ABC75974C0
[2015.02.21-17.30.25:375][500]LogParticles: Destroying 0 GPU particle simulations for FXSystem 0x000000ABCE9C04A0
[2015.02.21-17.30.25:435][500]LogExit: Object subsystem successfully closed.
[2015.02.21-17.30.25:501][500]LogModuleManager: Shutting down and abandoning module StaticMeshEditor (173)
[2015.02.21-17.30.25:501][500]LogModuleManager: Shutting down and abandoning module AndroidDeviceDetection (172)
[2015.02.21-17.30.25:501][500]LogModuleManager: Shutting down and abandoning module CrashTracker (171)
[2015.02.21-17.30.25:501][500]LogModuleManager: Shutting down and abandoning module SuperSearch (170)
[2015.02.21-17.30.25:501][500]LogModuleManager: Shutting down and abandoning module SceneOutliner (169)
[2015.02.21-17.30.25:501][500]LogModuleManager: Shutting down and abandoning module EditorWidgets (168)
[2015.02.21-17.30.25:501][500]LogModuleManager: Shutting down and abandoning module CollectionManager (167)
[2015.02.21-17.30.25:502][500]LogModuleManager: Shutting down and abandoning module StatsViewer (166)
[2015.02.21-17.30.25:502][500]LogModuleManager: Shutting down and abandoning module FoliageEdit (165)
[2015.02.21-17.30.25:502][500]LogModuleManager: Shutting down and abandoning module LandscapeEditor (164)
[2015.02.21-17.30.25:502][500]LogModuleManager: Shutting down and abandoning module MeshPaint (163)
[2015.02.21-17.30.25:502][500]LogModuleManager: Shutting down and abandoning module ActorPickerMode (162)
[2015.02.21-17.30.25:502][500]LogModuleManager: Shutting down and abandoning module GeometryMode (161)
[2015.02.21-17.30.25:502][500]LogModuleManager: Shutting down and abandoning module TextureAlignMode (160)
[2015.02.21-17.30.25:502][500]LogModuleManager: Shutting down and abandoning module BspMode (159)
[2015.02.21-17.30.25:502][500]LogModuleManager: Shutting down and abandoning module PlacementMode (158)
[2015.02.21-17.30.25:502][500]LogModuleManager: Shutting down and abandoning module AutomationWorker (157)
[2015.02.21-17.30.25:502][500]LogModuleManager: Shutting down and abandoning module CharacterAI (156)
[2015.02.21-17.30.25:502][500]LogModuleManager: Shutting down and abandoning module GameProjectGeneration (155)
[2015.02.21-17.30.25:502][500]LogModuleManager: Shutting down and abandoning module IntroTutorials (154)
[2015.02.21-17.30.25:502][500]LogModuleManager: Shutting down and abandoning module EditorLiveStreaming (153)
[2015.02.21-17.30.25:502][500]LogModuleManager: Shutting down and abandoning module HardwareTargeting (152)
[2015.02.21-17.30.25:502][500]LogModuleManager: Shutting down and abandoning module DeviceProfileEditor (151)
[2015.02.21-17.30.25:502][500]LogModuleManager: Shutting down and abandoning module UndoHistory (150)
[2015.02.21-17.30.25:502][500]LogModuleManager: Shutting down and abandoning module GameplayTagsEditor (149)
[2015.02.21-17.30.25:502][500]LogModuleManager: Shutting down and abandoning module UserFeedback (148)
[2015.02.21-17.30.25:502][500]LogModuleManager: Shutting down and abandoning module XmlParser (147)
[2015.02.21-17.30.25:502][500]LogModuleManager: Shutting down and abandoning module Blutility (146)
[2015.02.21-17.30.25:502][500]LogModuleManager: Shutting down and abandoning module IOSPlatformEditor (145)
[2015.02.21-17.30.25:502][500]LogModuleManager: Shutting down and abandoning module IOSRuntimeSettings (144)
[2015.02.21-17.30.25:502][500]LogModuleManager: Shutting down and abandoning module AndroidPlatformEditor (143)
[2015.02.21-17.30.25:502][500]LogModuleManager: Shutting down and abandoning module AndroidRuntimeSettings (142)
[2015.02.21-17.30.25:502][500]LogModuleManager: Shutting down and abandoning module ProjectTargetPlatformEditor (141)
[2015.02.21-17.30.25:502][500]LogModuleManager: Shutting down and abandoning module ProjectSettingsViewer (140)
[2015.02.21-17.30.25:502][500]LogModuleManager: Shutting down and abandoning module InputBindingEditor (139)
[2015.02.21-17.30.25:503][500]LogModuleManager: Shutting down and abandoning module EditorSettingsViewer (138)
[2015.02.21-17.30.25:503][500]LogModuleManager: Shutting down and abandoning module SettingsEditor (137)
[2015.02.21-17.30.25:503][500]LogModuleManager: Shutting down and abandoning module ProjectLauncher (136)
[2015.02.21-17.30.25:503][500]LogModuleManager: Shutting down and abandoning module SessionFrontend (135)
[2015.02.21-17.30.25:503][500]LogModuleManager: Shutting down and abandoning module ProfilerClient (134)
[2015.02.21-17.30.25:503][500]LogModuleManager: Shutting down and abandoning module TargetDeviceServices (133)
[2015.02.21-17.30.25:503][500]LogModuleManager: Shutting down and abandoning module DeviceManager (132)
[2015.02.21-17.30.25:503][500]LogModuleManager: Shutting down and abandoning module AutomationController (131)
[2015.02.21-17.30.25:503][500]LogModuleManager: Shutting down and abandoning module AutomationWindow (130)
[2015.02.21-17.30.25:503][500]LogModuleManager: Shutting down and abandoning module Layers (129)
[2015.02.21-17.30.25:503][500]LogModuleManager: Shutting down and abandoning module ComponentVisualizers (128)
[2015.02.21-17.30.25:503][500]LogModuleManager: Shutting down and abandoning module DetailCustomizations (127)
[2015.02.21-17.30.25:503][500]LogModuleManager: Shutting down and abandoning module PackagesDialog (126)
[2015.02.21-17.30.25:503][500]LogModuleManager: Shutting down and abandoning module AssetRegistry (125)
[2015.02.21-17.30.25:561][500]LogModuleManager: Shutting down and abandoning module Persona (124)
[2015.02.21-17.30.25:561][500]LogModuleManager: Shutting down and abandoning module Kismet (123)
[2015.02.21-17.30.25:561][500]LogModuleManager: Shutting down and abandoning module GraphEditor (122)
[2015.02.21-17.30.25:561][500]LogModuleManager: Shutting down and abandoning module ClassViewer (121)
[2015.02.21-17.30.25:561][500]LogModuleManager: Shutting down and abandoning module Toolbox (120)
[2015.02.21-17.30.25:561][500]LogModuleManager: Shutting down and abandoning module ModuleUI (119)
[2015.02.21-17.30.25:561][500]LogModuleManager: Shutting down and abandoning module MovieSceneTools (118)
[2015.02.21-17.30.25:561][500]LogModuleManager: Shutting down and abandoning module OutputLog (117)
[2015.02.21-17.30.25:561][500]LogModuleManager: Shutting down and abandoning module GammaUI (116)
[2015.02.21-17.30.25:561][500]LogModuleManager: Shutting down and abandoning module Documentation (115)
[2015.02.21-17.30.25:562][500]LogModuleManager: Shutting down and abandoning module GameLiveStreaming (114)
[2015.02.21-17.30.25:562][500]LogModuleManager: Shutting down and abandoning module StreamingPauseRendering (113)
[2015.02.21-17.30.25:562][500]LogModuleManager: Shutting down and abandoning module HTTP (112)
[2015.02.21-17.30.25:562][500]LogModuleManager: Shutting down and abandoning module AnalyticsET (111)
[2015.02.21-17.30.25:562][500]LogModuleManager: Shutting down and abandoning module Analytics (110)
[2015.02.21-17.30.25:562][500]LogModuleManager: Shutting down and abandoning module AITestSuite (109)
[2015.02.21-17.30.25:562][500]LogModuleManager: Shutting down and abandoning module AIModule (108)
[2015.02.21-17.30.25:562][500]LogModuleManager: Shutting down and abandoning module ProfilerService (107)
[2015.02.21-17.30.25:702][500]LogModuleManager: Shutting down and abandoning module TaskGraph (106)
[2015.02.21-17.30.25:702][500]LogModuleManager: Shutting down and abandoning module GameplayDebugger (105)
[2015.02.21-17.30.25:702][500]LogModuleManager: Shutting down and abandoning module SlateRemote (104)
[2015.02.21-17.30.25:702][500]LogModuleManager: Shutting down and abandoning module ScriptEditorPlugin (103)
[2015.02.21-17.30.25:702][500]LogModuleManager: Shutting down and abandoning module CustomMeshComponent (102)
[2015.02.21-17.30.25:702][500]LogModuleManager: Shutting down and abandoning module CableComponent (101)
[2015.02.21-17.30.25:702][500]LogModuleManager: Shutting down and abandoning module MessagingDebugger (100)
[2015.02.21-17.30.25:702][500]LogModuleManager: Shutting down and abandoning module MediaPlayerEditor (99)
[2015.02.21-17.30.25:702][500]LogModuleManager: Shutting down and abandoning module SpeedTreeImporter (98)
[2015.02.21-17.30.25:702][500]LogModuleManager: Shutting down and abandoning module PluginsEditor (97)
[2015.02.21-17.30.25:702][500]LogModuleManager: Shutting down and abandoning module EpicSurvey (96)
[2015.02.21-17.30.25:702][500]LogModuleManager: Shutting down and abandoning module DesktopPlatform (95)
[2015.02.21-17.30.25:702][500]LogModuleManager: Shutting down and abandoning module VisualStudioSourceCodeAccess (94)
[2015.02.21-17.30.25:702][500]LogModuleManager: Shutting down and abandoning module UObjectPlugin (93)
[2015.02.21-17.30.25:702][500]LogModuleManager: Shutting down and abandoning module SubversionSourceControl (92)
[2015.02.21-17.30.25:702][500]LogModuleManager: Shutting down and abandoning module SourceControl (91)
[2015.02.21-17.30.25:702][500]LogModuleManager: Shutting down and abandoning module PerforceSourceControl (90)
[2015.02.21-17.30.25:702][500]LogModuleManager: Shutting down and abandoning module BlankPlugin (89)
[2015.02.21-17.30.25:702][500]LogModuleManager: Shutting down and abandoning module SlateReflector (88)
[2015.02.21-17.30.25:702][500]LogModuleManager: Shutting down and abandoning module DirectoryWatcher (87)
[2015.02.21-17.30.25:703][500]LogModuleManager: Shutting down and abandoning module HotReload (86)
[2015.02.21-17.30.25:703][500]LogModuleManager: Shutting down and abandoning module MainFrame (85)
[2015.02.21-17.30.25:703][500]LogModuleManager: Shutting down and abandoning module LevelEditor (84)
[2015.02.21-17.30.25:704][500]LogModuleManager: Shutting down and abandoning module ViewportSnapping (83)
[2015.02.21-17.30.25:704][500]LogModuleManager: Shutting down and abandoning module SmartSnapping (82)
[2015.02.21-17.30.25:704][500]LogModuleManager: Shutting down and abandoning module PaperTiledImporter (81)
[2015.02.21-17.30.25:704][500]LogModuleManager: Shutting down and abandoning module PaperJsonImporter (80)
[2015.02.21-17.30.25:704][500]LogModuleManager: Shutting down and abandoning module ContentBrowser (79)
[2015.02.21-17.30.25:704][500]LogModuleManager: Shutting down and abandoning module Paper2DEditor (78)
[2015.02.21-17.30.25:704][500]LogModuleManager: Shutting down and abandoning module ScriptPlugin (77)
[2015.02.21-17.30.25:704][500]LogModuleManager: Shutting down and abandoning module UdpMessaging (76)
[2015.02.21-17.30.25:805][500]LogModuleManager: Shutting down and abandoning module Paper2D (75)
[2015.02.21-17.30.25:805][500]LogModuleManager: Shutting down and abandoning module UE4Game (74)
[2015.02.21-17.30.25:805][500]LogModuleManager: Shutting down and abandoning module WindowsMoviePlayer (73)
[2015.02.21-17.30.25:807][500]LogModuleManager: Shutting down and abandoning module Media (72)
[2015.02.21-17.30.25:807][500]LogModuleManager: Shutting down and abandoning module WmfMedia (71)
[2015.02.21-17.30.25:807][500]LogModuleManager: Shutting down and abandoning module OnlineBlueprintSupport (70)
[2015.02.21-17.30.25:807][500]LogModuleManager: Shutting down and abandoning module PropertyEditor (69)
[2015.02.21-17.30.25:807][500]LogModuleManager: Shutting down and abandoning module BehaviorTreeEditor (68)
[2015.02.21-17.30.25:807][500]LogModuleManager: Shutting down and abandoning module FunctionalTesting (67)
[2015.02.21-17.30.25:807][500]LogModuleManager: Shutting down and abandoning module CollisionAnalyzer (66)
[2015.02.21-17.30.25:807][500]LogModuleManager: Shutting down and abandoning module WorkspaceMenuStructure (65)
[2015.02.21-17.30.25:807][500]LogModuleManager: Shutting down and abandoning module MessageLog (64)
[2015.02.21-17.30.25:808][500]LogModuleManager: Shutting down and abandoning module Sequencer (63)
[2015.02.21-17.30.25:808][500]LogModuleManager: Shutting down and abandoning module AssetTools (62)
[2015.02.21-17.30.25:808][500]LogModuleManager: Shutting down and abandoning module UMGEditor (61)
[2015.02.21-17.30.25:808][500]LogModuleManager: Shutting down and abandoning module UMG (60)
[2015.02.21-17.30.25:808][500]LogModuleManager: Shutting down and abandoning module Slate (59)
[2015.02.21-17.30.25:808][500]LogModuleManager: Shutting down and abandoning module EditorStyle (58)
[2015.02.21-17.30.25:812][500]LogModuleManager: Shutting down and abandoning module SessionServices (57)
[2015.02.21-17.30.25:812][500]LogModuleManager: Shutting down and abandoning module SourceCodeAccess (56)
[2015.02.21-17.30.25:812][500]LogModuleManager: Shutting down and abandoning module HeadMountedDisplay (55)
[2015.02.21-17.30.25:812][500]LogModuleManager: Shutting down and abandoning module XAudio2 (54)
[2015.02.21-17.30.25:812][500]LogModuleManager: Shutting down and abandoning module Networking (52)
[2015.02.21-17.30.25:812][500]LogModuleManager: Shutting down and abandoning module Core (51)
[2015.02.21-17.30.25:812][500]LogModuleManager: Shutting down and abandoning module KismetCompiler (50)
[2015.02.21-17.30.25:812][500]LogModuleManager: Shutting down and abandoning module PhysXFormats (49)
[2015.02.21-17.30.25:812][500]LogModuleManager: Shutting down and abandoning module MeshUtilities (48)
[2015.02.21-17.30.25:812][500]LogModuleManager: Shutting down and abandoning module DerivedDataCache (47)
[2015.02.21-17.30.25:830][500]LogDerivedDataCache: Shutdown
[2015.02.21-17.30.25:830][500]LogModuleManager: Shutting down and abandoning module ShaderFormatOpenGL (46)
[2015.02.21-17.30.25:830][500]LogModuleManager: Shutting down and abandoning module ShaderFormatD3D (45)
[2015.02.21-17.30.25:830][500]LogModuleManager: Shutting down and abandoning module MetalShaderFormat (44)
[2015.02.21-17.30.25:830][500]LogModuleManager: Shutting down and abandoning module TextureFormatUncompressed (43)
[2015.02.21-17.30.25:830][500]LogModuleManager: Shutting down and abandoning module TextureFormatPVR (42)
[2015.02.21-17.30.25:830][500]LogModuleManager: Shutting down and abandoning module TextureFormatDXT (41)
[2015.02.21-17.30.25:830][500]LogModuleManager: Shutting down and abandoning module TextureFormatAndroid (40)
[2015.02.21-17.30.25:830][500]LogModuleManager: Shutting down and abandoning module AudioFormatOpus (39)
[2015.02.21-17.30.25:830][500]LogModuleManager: Shutting down and abandoning module AudioFormatOgg (38)
[2015.02.21-17.30.25:830][500]LogModuleManager: Shutting down and abandoning module AudioFormatADPCM (37)
[2015.02.21-17.30.25:830][500]LogModuleManager: Shutting down and abandoning module LinuxTargetPlatform (36)
[2015.02.21-17.30.25:830][500]LogModuleManager: Shutting down and abandoning module LinuxServerTargetPlatform (35)
[2015.02.21-17.30.25:830][500]LogModuleManager: Shutting down and abandoning module LinuxNoEditorTargetPlatform (34)
[2015.02.21-17.30.25:830][500]LogModuleManager: Shutting down and abandoning module Messaging (33)
[2015.02.21-17.30.25:830][500]LogModuleManager: Shutting down and abandoning module IOSTargetPlatform (32)
[2015.02.21-17.30.25:830][500]LogModuleManager: Shutting down and abandoning module Android_PVRTCTargetPlatform (31)
[2015.02.21-17.30.25:830][500]LogModuleManager: Shutting down and abandoning module Android_ETC2TargetPlatform (30)
[2015.02.21-17.30.25:830][500]LogModuleManager: Shutting down and abandoning module Android_ETC1TargetPlatform (29)
[2015.02.21-17.30.25:830][500]LogModuleManager: Shutting down and abandoning module Android_DXTTargetPlatform (28)
[2015.02.21-17.30.25:830][500]LogModuleManager: Shutting down and abandoning module Android_ATCTargetPlatform (27)
[2015.02.21-17.30.25:830][500]LogModuleManager: Shutting down and abandoning module AndroidTargetPlatform (26)
[2015.02.21-17.30.25:830][500]LogModuleManager: Shutting down and abandoning module WindowsTargetPlatform (25)
[2015.02.21-17.30.25:830][500]LogModuleManager: Shutting down and abandoning module WindowsServerTargetPlatform (24)
[2015.02.21-17.30.25:830][500]LogModuleManager: Shutting down and abandoning module WindowsNoEditorTargetPlatform (23)
[2015.02.21-17.30.25:830][500]LogModuleManager: Shutting down and abandoning module WindowsClientTargetPlatform (22)
[2015.02.21-17.30.25:830][500]LogModuleManager: Shutting down and abandoning module TargetPlatform (21)
[2015.02.21-17.30.25:830][500]LogModuleManager: Shutting down and abandoning module InputCore (20)
[2015.02.21-17.30.25:830][500]LogModuleManager: Shutting down and abandoning module Settings (19)
[2015.02.21-17.30.25:830][500]LogModuleManager: Shutting down and abandoning module ImageWrapper (18)
[2015.02.21-17.30.25:830][500]LogModuleManager: Shutting down and abandoning module OculusRift (15)
[2015.02.21-17.30.25:830][500]LogModuleManager: Shutting down and abandoning module ExampleDeviceProfileSelector (14)
[2015.02.21-17.30.25:830][500]LogModuleManager: Shutting down and abandoning module TextureCompressor (13)
[2015.02.21-17.30.25:830][500]LogModuleManager: Shutting down and abandoning module ShaderCore (12)
[2015.02.21-17.30.25:830][500]LogModuleManager: Shutting down and abandoning module Landscape (11)
[2015.02.21-17.30.25:830][500]LogModuleManager: Shutting down and abandoning module SlateRHIRenderer (10)
[2015.02.21-17.30.25:832][500]LogModuleManager: Shutting down and abandoning module OpenGLDrv (9)
[2015.02.21-17.30.25:833][500]LogModuleManager: Shutting down and abandoning module D3D11RHI (8)
[2015.02.21-17.30.25:833][500]LogModuleManager: Shutting down and abandoning module Renderer (7)
[2015.02.21-17.30.25:833][500]LogModuleManager: Shutting down and abandoning module Engine (6)
[2015.02.21-17.30.25:833][500]LogModuleManager: Shutting down and abandoning module CoreUObject (5)
[2015.02.21-17.30.25:833][500]LogModuleManager: Shutting down and abandoning module NetworkFile (4)
[2015.02.21-17.30.25:833][500]LogModuleManager: Shutting down and abandoning module StreamingFile (3)
[2015.02.21-17.30.25:833][500]LogModuleManager: Shutting down and abandoning module SandboxFile (2)
[2015.02.21-17.30.25:833][500]LogModuleManager: Shutting down and abandoning module PakFile (1)
[2015.02.21-17.30.25:833][500]LogExit: Exiting.
[2015.02.21-17.30.25:854][500]Log file closed, 02/21/15 18:30:25
