Log file open, 02/27/15 00:20:13
LogInit:Display: Running engine for game: Blindness
LogInit: Version: 4.6.1-2386410+++depot+UE4-Releases+4.6
LogInit: API Version: 2369412
LogInit: Compiled (64-bit): Dec 11 2014 21:31:39
LogInit: Compiled with Visual C++: 18.00.21005.01
LogInit: Build Configuration: Development
LogInit: Branch Name: ++depot+UE4-Releases+4.6
LogInit: Command line:  
LogInit: Base directory: C:/Program Files/Epic Games/4.6/Engine/Binaries/Win64/
LogInit: Rocket: 1
[2015.02.26-23.20.13:176][  0]LogTaskGraph: Started task graph with 3 named threads and 6 total threads.
[2015.02.26-23.20.13:232][  0]LogOnline:Warning: No default platform service specified for OnlineSubsystem
[2015.02.26-23.20.13:355][  0]LogInit: Presizing for 0 objects not considered by GC, pre-allocating 0 bytes.
[2015.02.26-23.20.13:367][  0]LogInit: Object subsystem initialized
[2015.02.26-23.20.13:369][  0]LogConsoleResponse:Warning: Skipping Unknown console variable: 'UIScaleRule = ShortestSide'
[2015.02.26-23.20.13:369][  0]LogConsoleResponse:Warning:   Found in ini file 'C:/Users/Edi/Documents/Unreal Projects/Blindness-dev/Saved/Config/Windows/Engine.ini', in section '[/Script/Engine.RendererSettings]'
[2015.02.26-23.20.13:369][  0]LogConsoleResponse:Warning: Skipping Unknown console variable: 'UIScaleCurve = (EditorCurveData=(Keys=),ExternalCurve=None)'
[2015.02.26-23.20.13:369][  0]LogConsoleResponse:Warning:   Found in ini file 'C:/Users/Edi/Documents/Unreal Projects/Blindness-dev/Saved/Config/Windows/Engine.ini', in section '[/Script/Engine.RendererSettings]'
[2015.02.26-23.20.13:369][  0]LogConsoleManager:Warning: Console variable 'r.MSAA.CompositingSampleCount' wasn't set (Priority ProjectSetting < Scalability)
[2015.02.26-23.20.13:370][  0]LogInit: Selected Device Profile: [Windows]
[2015.02.26-23.20.13:370][  0]LogInit: Applying CVar settings loaded from the selected device profile: [Windows]
[2015.02.26-23.20.13:387][  0]LogInit: Computer: LETO
[2015.02.26-23.20.13:387][  0]LogInit: User: Edi
[2015.02.26-23.20.13:387][  0]LogInit: CPU Page size=4096, Cores=4
[2015.02.26-23.20.13:387][  0]LogInit: High frequency timer resolution =2.571679 MHz
[2015.02.26-23.20.13:388][  0]LogMemory: Memory total: Physical=12.0GB (12GB approx) Virtual=131072.0GB
[2015.02.26-23.20.13:388][  0]LogMemory: Platform Memory Stats for Windows
[2015.02.26-23.20.13:388][  0]LogMemory: Process Physical Memory: 48.89 MB used, 48.89 MB peak
[2015.02.26-23.20.13:388][  0]LogMemory: Process Virtual Memory: 24.14 MB used, 24.14 MB peak
[2015.02.26-23.20.13:388][  0]LogMemory: Physical Memory: 1957.34 MB used, 12279.11 MB total
[2015.02.26-23.20.13:388][  0]LogMemory: Virtual Memory: 273.70 MB used, 134217728.00 MB total
[2015.02.26-23.20.13:425][  0]LogD3D11RHI: Found D3D11 adapter 0: AMD Radeon HD 5800 Series (Feature Level 11_0)
[2015.02.26-23.20.13:425][  0]LogD3D11RHI: Adapter has 1010MB of dedicated video memory, 0MB of dedicated system memory, and 3840MB of shared system memory, 2 output[s]
[2015.02.26-23.20.13:426][  0]LogD3D11RHI: Found D3D11 adapter 1: Microsoft Basic Render Driver (Feature Level 11_0)
[2015.02.26-23.20.13:426][  0]LogD3D11RHI: Adapter has 0MB of dedicated video memory, 0MB of dedicated system memory, and 256MB of shared system memory, 0 output[s]
[2015.02.26-23.20.13:426][  0]LogD3D11RHI: Chosen D3D11 Adapter Id = 0
[2015.02.26-23.20.13:430][  0]LogRHI: Texture pool is 707 MB (70% of 1010 MB)
[2015.02.26-23.20.13:435][  0]LogD3D11RHI: Async texture creation disabled: no driver support
[2015.02.26-23.20.13:897][  0]LogTextLocalizationManager: The requested culture ('hr_HR') has no localization data; falling back to 'en' for localization and internationalization data.
[2015.02.26-23.20.14:134][  0]LogContentStreaming: Texture pool size is 0.000000MB
[2015.02.26-23.20.23:000][  0]LogTargetPlatformManager:Display: Building Assets For Windows
[2015.02.26-23.20.23:984][  0]LogTargetPlatformManager:Display: Building Assets For Windows
[2015.02.26-23.20.24:126][  0]LogDerivedDataCache:Display: Max Cache Size: 512 MB
[2015.02.26-23.20.24:562][  0]LogDerivedDataCache: Loaded boot cache 0.42s 39MB C:/Users/Edi/AppData/Local/UnrealEngine/4.6/DerivedDataCache/Boot.ddc.
[2015.02.26-23.20.24:562][  0]LogDerivedDataCache:Display: Loaded Boot cache: C:/Users/Edi/AppData/Local/UnrealEngine/4.6/DerivedDataCache/Boot.ddc
[2015.02.26-23.20.24:562][  0]LogDerivedDataCache: FDerivedDataBackendGraph:  Pak pak cache file ../../../../../../Users/Edi/Documents/Unreal Projects/Blindness-dev/DerivedDataCache/DDC.ddp not found, will not use a pak cache.
[2015.02.26-23.20.24:562][  0]LogDerivedDataCache: Unable to find inner node Pak for hierarchical cache Hierarchy.
[2015.02.26-23.20.24:700][  0]LogDerivedDataCache:Display: Pak cache opened for reading ../../../Engine/DerivedDataCache/DDC.ddp.
[2015.02.26-23.20.24:718][  0]LogDerivedDataCache: Using Local data cache path C:/Users/Edi/AppData/Local/UnrealEngine/Common/DerivedDataCache: Writable
[2015.02.26-23.20.30:399][  0]LogCollisionProfile:Warning: Profile (UI) - Custom Channel Name = 'Weapon' hasn't been found
[2015.02.26-23.20.31:516][  0]LogMeshUtilities: No automatic mesh reduction module available
[2015.02.26-23.20.31:516][  0]LogMeshUtilities: No automatic mesh merging module available
[2015.02.26-23.20.34:353][  0]LogInit: WinSock: version 1.1 (2.2), MaxSocks=32767, MaxUdp=65467
[2015.02.26-23.20.34:607][  0]LogSlate:Warning: Failed to load font data from '../../../Engine/Content/Slate/Fonts/Roboto-Italic.ttf'
[2015.02.26-23.20.41:450][  0]UdpMessaging: Initializing bridge on interface 0.0.0.0:0 to multicast group 230.0.0.1:6666.
[2015.02.26-23.20.41:987][  0]LogDirectoryWatcher:Warning: Failed to begin reading directory changes for C:/Users/Edi/Documents/Unreal Projects/Blindness-dev/Binaries/Win64. Error: 0
[2015.02.26-23.20.42:640][  0]SourceControl: Info Source control is disabled
[2015.02.26-23.20.42:640][  0]SourceControl: Info Source control is disabled
[2015.02.26-23.20.42:649][  0]SourceControl: Info Source control is disabled
[2015.02.26-23.20.43:146][  0]LogObj: 23754 objects as part of root set at end of initial load.
[2015.02.26-23.20.43:146][  0]LogUObjectAllocator: 5168136 out of 0 bytes used by permanent object pool.
[2015.02.26-23.20.43:550][  0]LogEngine: Initializing Engine...
[2015.02.26-23.20.44:075][  0]LogInit: XAudio2 using 'Speakers (Realtek High Definition Audio)' : 2 channels at 48 kHz using 32 bits per sample (channel mask 0x3)
[2015.02.26-23.20.44:116][  0]LogInit: FAudioDevice initialized.
[2015.02.26-23.20.44:380][  0]LogAIModule: Creating AISystem for world NewWorld
[2015.02.26-23.20.44:437][  0]LogDerivedDataCache: Saved boot cache 0.02s 39MB C:/Users/Edi/AppData/Local/UnrealEngine/4.6/DerivedDataCache/Boot.ddc.
[2015.02.26-23.20.44:446][  0]LogInit: Texture streaming: Enabled
[2015.02.26-23.20.44:492][  0]LogAnalytics: Creating configured Analytics provider AnalyticsET
[2015.02.26-23.20.44:492][  0]LogAnalytics: ET APIKey = Rocket.Release. APIServer = http://et2.epicgames.com/ET2/. AppVersion = 4.6.1-2386410+++depot+UE4-Releases+4.6
[2015.02.26-23.20.44:493][  0]LogAnalytics: SetUserId 88699552893175d1deffbf43a256080f
[2015.02.26-23.20.44:493][  0]LogAnalytics: AnalyticsET::StartSession [Rocket.Release]
[2015.02.26-23.20.44:673][  0]LogInit: Transaction tracking system initialized
[2015.02.26-23.20.45:032][  0]BlueprintLog: New page: Editor Load
[2015.02.26-23.20.45:180][  0]LogAssetRegistry: FAssetRegistry took 0.0281 seconds to start up
[2015.02.26-23.20.45:181][  0]LogDirectoryWatcher:Warning: Failed to begin reading directory changes for ../../../Engine/Plugins/Experimental/CharacterAI/Content/. Error: 0
[2015.02.26-23.20.46:653][  0]LogTargetPlatformManager:Display: Building Assets For Windows
[2015.02.26-23.20.47:116][  0]LogTargetPlatformManager:Display: Building Assets For Windows
[2015.02.26-23.20.48:018][  0]LogConsoleResponse:Display: 
[2015.02.26-23.20.48:384][  0]LogLinker:Warning: Asset '../../../Engine/Content/Functions/Engine_MaterialFunctions03/Procedurals/ComputeFilterWidth.uasset' has been saved with empty engine version. The asset will be loaded but may be incompatible.
[2015.02.26-23.20.49:284][  0]SourceControl: Info Source control is disabled
[2015.02.26-23.20.49:302][  0]Cmd: MAP LOAD FILE="../../../../../../Users/Edi/Documents/Unreal Projects/Blindness-dev/Content/Maps/Example_Map.umap" TEMPLATE=0 SHOWPROGRESS=1
[2015.02.26-23.20.49:303][  0]LightingResults: New page: Lighting Build
[2015.02.26-23.20.49:372][  0]MapCheck: New page: Map Check
[2015.02.26-23.20.49:372][  0]LightingResults: New page: Lighting Build
[2015.02.26-23.20.49:467][  0]LogParticles: Destroying 0 GPU particle simulations for FXSystem 0x00000023F45C3E20
[2015.02.26-23.20.51:164][  0]LogEditorServer: Finished looking for orphan Actors (0.000 secs)
[2015.02.26-23.20.51:169][  0]LogAIModule: Creating AISystem for world Example_Map
[2015.02.26-23.20.51:191][  0]Cmd: MAP CHECKDEP
[2015.02.26-23.20.51:202][  0]MapCheck: New page: Example_Map - Feb 27, 2015, 1:20:51 AM
[2015.02.26-23.20.51:326][  0]MapCheck: Info Map check complete: 0 Error(s), 0 Warning(s), took 135.13ms to complete.
[2015.02.26-23.20.51:326][  0]LogFileHelpers: Loading map 'Example_Map' took 2.042
[2015.02.26-23.20.52:224][  0]LogCollectionManager: Loaded 0 collections in 0.001414 seconds
[2015.02.26-23.20.52:713][  0]LogCrashTracker: Crashtracker disabled due to settings.
[2015.02.26-23.20.52:825][  0]LogUObjectGlobals:Warning: Failed to find object 'Class None.'
[2015.02.26-23.20.52:884][  0]LogLoad: Full Startup: 43.38 seconds (BP compile: 0.31 seconds)
[2015.02.26-23.20.53:228][  0]LogContentBrowser:Verbose: The content browser source was changed by the sources view to '/Game/Meshes'
[2015.02.26-23.20.53:787][  0]LogRenderer:Warning: Reallocating scene render targets to support 1520x1264.
[2015.02.26-23.20.55:167][  4]LogAssetRegistry: Asset discovery search completed in 10.0158 seconds
[2015.02.26-23.21.13:123][314]Cmd: OBJ SAVEPACKAGE PACKAGE="/Game/Maps/Example_Map" FILE="../../../../../../Users/Edi/Documents/Unreal Projects/Blindness-dev/Content/Maps/Example_Map.umap" SILENT=true AUTOSAVING=false KEEPDIRTY=false
[2015.02.26-23.21.13:518][314]LogSavePackage: Save=85.085655ms
[2015.02.26-23.21.13:518][314]LogSavePackage: Moving '../../../../../../Users/Edi/Documents/Unreal Projects/Blindness-dev/Saved/Example_MapD81226654F14899D7FC3008C077AB120.tmp' to '../../../../../../Users/Edi/Documents/Unreal Projects/Blindness-dev/Content/Maps/Example_Map.umap'
[2015.02.26-23.21.15:494][413]MapCheck: New page: Map Check
[2015.02.26-23.21.15:583][413]LightingResults: New page: Lighting Build - Feb 27, 2015, 1:21:15 AM
[2015.02.26-23.21.25:011][413]LogStaticLightingSystem:Warning: No importance volume found, so the scene bounding box was used.  You can optimize your scene's quality and lighting build times by adding importance volumes.
[2015.02.26-23.21.25:011][413]LogStaticLightingSystem: Running Lightmass w/ ImmediateImport mode ENABLED
[2015.02.26-23.21.25:011][413]LogStaticLightingSystem: Running Lightmass w/ ImmediateProcess mode ENABLED
[2015.02.26-23.21.25:011][413]LogStaticLightingSystem: Running Lightmass w/ Sorting mode ENABLED
[2015.02.26-23.21.25:011][413]LogStaticLightingSystem: Running Lightmass w/ Mapping paddings ENABLED
[2015.02.26-23.21.25:011][413]LogStaticLightingSystem: Running Lightmass w/ Mapping debug paddings DISABLED
[2015.02.26-23.21.25:302][413]LogEditorBuildUtils: Build time 0:00:09
[2015.02.26-23.21.25:330][413]LogMaterial: Missing cached shader map for material FLightmassMaterialRenderer Material_002, compiling.
[2015.02.26-23.21.25:369][413]LogMaterial: Missing cached shader map for material FLightmassMaterialRenderer Material_002, compiling.
[2015.02.26-23.21.25:445][414]LogMaterial: Missing cached shader map for material FLightmassMaterialRenderer Material_001, compiling.
[2015.02.26-23.21.25:448][414]LogMaterial: Missing cached shader map for material FLightmassMaterialRenderer Material_001, compiling.
[2015.02.26-23.21.30:342][424]Job is a success!
[2015.02.26-23.21.30:906][425]LogTexture:Display: Building textures: HQ_Lightmap0_1 (AutoDXT)
[2015.02.26-23.21.30:939][425]LogTexture:Display: Building textures: LQ_Lightmap_0_1 (DXT1)
[2015.02.26-23.21.31:201][425]Lightmass on LETO: 1.39 sec total, 178 ms importing, 15 ms setup, 111 ms photons, 1.04 sec processing, 0 ms extra exporting [60/60 mappings]. Threads: 4.14 sec total, 919 ms processing.
[2015.02.26-23.21.31:264][425]LogStaticLightingSystem:Warning: Illumination: 15.3 sec (75 ms encoding lightmaps)
[2015.02.26-23.21.31:264][425]LogStaticLightingSystem: Lightmap texture memory:  0.3 MB (0.0 MB streaming, 0.3 MB non-streaming), 2 textures
[2015.02.26-23.21.31:264][425]LogStaticLightingSystem: Shadowmap texture memory: 0.0 MB (0.0 MB streaming, 0.0 MB non-streaming), 0 textures
[2015.02.26-23.21.32:023][426]Cmd: MAP CHECK NOTIFYRESULTS
[2015.02.26-23.21.32:024][426]MapCheck: New page: Example_Map - Feb 27, 2015, 1:21:32 AM
[2015.02.26-23.21.32:135][426]MapCheck: Info Map check complete: 0 Error(s), 0 Warning(s), took 111.609ms to complete.
[2015.02.26-23.21.42:866][461]LogPlayLevel: PIE:  No blueprints needed recompiling
[2015.02.26-23.21.42:866][461]PIE: New page: PIE session: Example_Map (Feb 27, 2015, 1:21:42 AM)
[2015.02.26-23.21.42:887][461]LogPlayLevel: PIE: StaticDuplicateObject took: (0.006043s)
[2015.02.26-23.21.42:888][461]LogPlayLevel: PIE: World Init took: (0.000691s)
[2015.02.26-23.21.42:888][461]LogPlayLevel: PIE: Created PIE world by copying editor world from /Game/Maps/Example_Map.Example_Map to /Game/Maps/UEDPIE_0_Example_Map.Example_Map (0.012262s)
[2015.02.26-23.21.43:285][461]LogLinker:Warning: Asset '../../../../../../Users/Edi/Documents/Unreal Projects/Blindness-dev/Content/Blueprints/MyProjectile.uasset' has been saved with empty engine version. The asset will be loaded but may be incompatible.
[2015.02.26-23.21.43:708][461]LogAnimation:Warning: UAnimMontage::PostLoad: The actual sequence length for montage FPP_Fire_Montage does not match the length stored in the asset, please resave the montage asset.
[2015.02.26-23.21.43:768][461]BlueprintLog:Warning: Warning Blueprint MyHUD has been migrated and requires re-saving to avoid import errors
[2015.02.26-23.21.43:770][461]BlueprintLog:Warning: Warning Blueprint MyGame has been migrated and requires re-saving to avoid import errors
[2015.02.26-23.21.43:774][461]LogWorld: Game class is 'MyGame_C'
[2015.02.26-23.21.43:845][461]LogAIModule: Creating AISystem for world Example_Map
[2015.02.26-23.21.43:859][461]LogWorld: Bringing World /Game/Maps/UEDPIE_0_Example_Map.Example_Map up for play (max tick rate 0) at 2015.02.27-00.21.43
[2015.02.26-23.21.43:898][461]LogWorld: Bringing up level for play took: 0.052710
[2015.02.26-23.21.43:961][461]PIE: Info Play in editor start time for /Game/Maps/UEDPIE_0_Example_Map 1.252
[2015.02.26-23.21.48:418][679]LogParticles: Destroying 0 GPU particle simulations for FXSystem 0x00000023EEFDDD00
[2015.02.26-23.21.50:842][774]LogPlayLevel: PIE:  No blueprints needed recompiling
[2015.02.26-23.21.50:842][774]PIE: New page: PIE session: Example_Map (Feb 27, 2015, 1:21:50 AM)
[2015.02.26-23.21.50:849][774]LogPlayLevel: PIE: StaticDuplicateObject took: (0.005961s)
[2015.02.26-23.21.50:849][774]LogPlayLevel: PIE: World Init took: (0.000705s)
[2015.02.26-23.21.50:849][774]LogPlayLevel: PIE: Created PIE world by copying editor world from /Game/Maps/Example_Map.Example_Map to /Game/Maps/UEDPIE_0_Example_Map.Example_Map (0.006843s)
[2015.02.26-23.21.50:879][774]LogWorld: Game class is 'MyGame_C'
[2015.02.26-23.21.50:881][774]LogAIModule: Creating AISystem for world Example_Map
[2015.02.26-23.21.50:885][774]LogWorld: Bringing World /Game/Maps/UEDPIE_0_Example_Map.Example_Map up for play (max tick rate 0) at 2015.02.27-00.21.50
[2015.02.26-23.21.50:886][774]LogWorld: Bringing up level for play took: 0.004534
[2015.02.26-23.21.50:888][774]PIE: Info Play in editor start time for /Game/Maps/UEDPIE_0_Example_Map 0.179
[2015.02.26-23.22.17:715][ 89]LogCharacterMovement: MyCharacter_C_1 is stuck and failed to move!
[2015.02.26-23.22.17:737][ 90]LogCharacterMovement: MyCharacter_C_1 is stuck and failed to move!
[2015.02.26-23.22.17:760][ 91]LogCharacterMovement: MyCharacter_C_1 is stuck and failed to move!
[2015.02.26-23.22.17:782][ 92]LogCharacterMovement: MyCharacter_C_1 is stuck and failed to move!
[2015.02.26-23.22.17:805][ 93]LogCharacterMovement: MyCharacter_C_1 is stuck and failed to move!
[2015.02.26-23.22.17:828][ 94]LogCharacterMovement: MyCharacter_C_1 is stuck and failed to move!
[2015.02.26-23.22.17:850][ 95]LogCharacterMovement: MyCharacter_C_1 is stuck and failed to move!
[2015.02.26-23.22.17:872][ 96]LogCharacterMovement: MyCharacter_C_1 is stuck and failed to move!
[2015.02.26-23.22.17:895][ 97]LogCharacterMovement: MyCharacter_C_1 is stuck and failed to move!
[2015.02.26-23.22.17:917][ 98]LogCharacterMovement: MyCharacter_C_1 is stuck and failed to move!
[2015.02.26-23.22.17:939][ 99]LogCharacterMovement: MyCharacter_C_1 is stuck and failed to move!
[2015.02.26-23.22.17:961][100]LogCharacterMovement: MyCharacter_C_1 is stuck and failed to move!
[2015.02.26-23.22.17:983][101]LogCharacterMovement: MyCharacter_C_1 is stuck and failed to move!
[2015.02.26-23.22.18:005][102]LogCharacterMovement: MyCharacter_C_1 is stuck and failed to move!
[2015.02.26-23.22.18:026][103]LogCharacterMovement: MyCharacter_C_1 is stuck and failed to move!
[2015.02.26-23.22.18:048][104]LogCharacterMovement: MyCharacter_C_1 is stuck and failed to move!
[2015.02.26-23.22.18:070][105]LogCharacterMovement: MyCharacter_C_1 is stuck and failed to move!
[2015.02.26-23.22.18:092][106]LogCharacterMovement: MyCharacter_C_1 is stuck and failed to move!
[2015.02.26-23.22.18:114][107]LogCharacterMovement: MyCharacter_C_1 is stuck and failed to move!
[2015.02.26-23.22.18:136][108]LogCharacterMovement: MyCharacter_C_1 is stuck and failed to move!
[2015.02.26-23.22.18:158][109]LogCharacterMovement: MyCharacter_C_1 is stuck and failed to move!
[2015.02.26-23.22.18:180][110]LogCharacterMovement: MyCharacter_C_1 is stuck and failed to move!
[2015.02.26-23.22.18:202][111]LogCharacterMovement: MyCharacter_C_1 is stuck and failed to move!
[2015.02.26-23.22.18:223][112]LogCharacterMovement: MyCharacter_C_1 is stuck and failed to move!
[2015.02.26-23.22.18:246][113]LogCharacterMovement: MyCharacter_C_1 is stuck and failed to move!
[2015.02.26-23.22.18:399][120]LogCharacterMovement: MyCharacter_C_1 is stuck and failed to move!
[2015.02.26-23.22.18:421][121]LogCharacterMovement: MyCharacter_C_1 is stuck and failed to move!
[2015.02.26-23.22.18:443][122]LogCharacterMovement: MyCharacter_C_1 is stuck and failed to move!
[2015.02.26-23.22.18:509][125]LogCharacterMovement: MyCharacter_C_1 is stuck and failed to move!
[2015.02.26-23.22.18:532][126]LogCharacterMovement: MyCharacter_C_1 is stuck and failed to move!
[2015.02.26-23.22.18:554][127]LogCharacterMovement: MyCharacter_C_1 is stuck and failed to move!
[2015.02.26-23.22.18:577][128]LogCharacterMovement: MyCharacter_C_1 is stuck and failed to move!
[2015.02.26-23.22.18:599][129]LogCharacterMovement: MyCharacter_C_1 is stuck and failed to move!
[2015.02.26-23.22.18:621][130]LogCharacterMovement: MyCharacter_C_1 is stuck and failed to move!
[2015.02.26-23.22.18:644][131]LogCharacterMovement: MyCharacter_C_1 is stuck and failed to move!
[2015.02.26-23.22.18:666][132]LogCharacterMovement: MyCharacter_C_1 is stuck and failed to move!
[2015.02.26-23.22.18:844][140]LogCharacterMovement: MyCharacter_C_1 is stuck and failed to move!
[2015.02.26-23.22.18:866][141]LogCharacterMovement: MyCharacter_C_1 is stuck and failed to move!
[2015.02.26-23.22.18:888][142]LogCharacterMovement: MyCharacter_C_1 is stuck and failed to move!
[2015.02.26-23.22.18:910][143]LogCharacterMovement: MyCharacter_C_1 is stuck and failed to move!
[2015.02.26-23.22.18:933][144]LogCharacterMovement: MyCharacter_C_1 is stuck and failed to move!
[2015.02.26-23.22.38:897][136]LogParticles: Destroying 0 GPU particle simulations for FXSystem 0x000000239E571620
[2015.02.26-23.23.01:184][901]LogContentBrowser:Verbose: The content browser source was changed by the sources view to '/Game/Blueprints'
[2015.02.26-23.23.05:239][964]LogPropertyNode:Warning: UI Min (0.001) >= UI Max () for Ranged Numeric
[2015.02.26-23.23.05:262][964]LogPropertyNode:Warning: UI Min (0.001) >= UI Max () for Ranged Numeric
[2015.02.26-23.23.05:356][964]LogPropertyNode:Warning: UI Min (0.001) >= UI Max () for Ranged Numeric
[2015.02.26-23.23.05:357][964]LogPropertyNode:Warning: UI Min (0.001) >= UI Max () for Ranged Numeric
[2015.02.26-23.24.21:608][424]LogPropertyNode:Warning: UI Min (0.001) >= UI Max () for Ranged Numeric
[2015.02.26-23.25.13:881][743]BlueprintLog: New page: Compile MyCharacter
[2015.02.26-23.25.13:959][743]LogPropertyNode:Warning: UI Min (0.001) >= UI Max () for Ranged Numeric
[2015.02.26-23.25.13:960][743]LogPropertyNode:Warning: UI Min (0.001) >= UI Max () for Ranged Numeric
[2015.02.26-23.25.14:037][743]LogActorComponent: UnregisterComponent: (/Engine/Transient.ProjectileMovementComponent_0) Not registered. Aborting.
[2015.02.26-23.25.14:037][743]LogActorComponent: UnregisterComponent: (/Engine/Transient.CharacterMovementComponent_0) Not registered. Aborting.
[2015.02.26-23.25.14:106][743]LogPropertyNode:Warning: UI Min (0.001) >= UI Max () for Ranged Numeric
[2015.02.26-23.25.14:107][743]LogPropertyNode:Warning: UI Min (0.001) >= UI Max () for Ranged Numeric
[2015.02.26-23.25.14:139][743]BlueprintEditorCompileResults: Info [0304.64] Compile of MyCharacter successful! [in 233 ms]
[2015.02.26-23.25.14:796][759]Cmd: OBJ SAVEPACKAGE PACKAGE="/Game/Blueprints/MyCharacter" FILE="../../../../../../Users/Edi/Documents/Unreal Projects/Blindness-dev/Content/Blueprints/MyCharacter.uasset" SILENT=true
[2015.02.26-23.25.15:197][759]LogSavePackage: Save=385.054657ms
[2015.02.26-23.25.15:197][759]LogSavePackage: Moving '../../../../../../Users/Edi/Documents/Unreal Projects/Blindness-dev/Saved/MyCharacterF15A649B4C6456E12FD08BBB0510C52E.tmp' to '../../../../../../Users/Edi/Documents/Unreal Projects/Blindness-dev/Content/Blueprints/MyCharacter.uasset'
[2015.02.26-23.25.48:744][876]BlueprintLog: New page: Compile SoundSpotlight
[2015.02.26-23.25.48:752][876]LogBlueprint:Warning: [compiler] Warning CreatePinForVariable: 'SpotLight1' variable not found. Base class was probably changed.
[2015.02.26-23.25.48:753][876]LogBlueprint:Warning: [compiler] Warning Could not find a variable named "SpotLight1" in 'SoundSpotlight_C'.
Make sure 'SoundSpotlight_C' has been compiled for  Set Intensity 
[2015.02.26-23.25.48:753][876]LogBlueprint:Error: [compiler] Error This blueprint (self) is not a LightComponentBase, therefore ' Target ' must have a connection
[2015.02.26-23.25.48:754][876]LogBlueprint:Error: [compiler] Error This blueprint (self) is not a LightComponent, therefore ' Target ' must have a connection
[2015.02.26-23.25.48:754][876]LogBlueprint:Error: [compiler] Error Variable node  Get Intensity  uses an invalid target.  It may depend on a node that is not connected to the execution chain, and got purged.
[2015.02.26-23.25.48:864][876]LogActorComponent: UnregisterComponent: (/Engine/Transient.CharacterMovementComponent_1) Not registered. Aborting.
[2015.02.26-23.25.48:864][876]LogActorComponent: UnregisterComponent: (/Engine/Transient.ProjectileMovementComponent_1) Not registered. Aborting.
[2015.02.26-23.25.48:884][876]LogParticles: Destroying 0 GPU particle simulations for FXSystem 0x00000023A1773D80
[2015.02.26-23.25.48:900][876]LogBlueprint:Warning: [compiler] Warning [0339.40] Compile of SoundSpotlight failed. 3 Fatal Issue(s) 2 Warning(s) [in 151 ms]
[2015.02.26-23.25.48:900][876]BlueprintEditorCompileResults:Warning: Warning CreatePinForVariable: 'SpotLight1' variable not found. Base class was probably changed.
[2015.02.26-23.25.48:900][876]BlueprintEditorCompileResults:Warning: Warning Could not find a variable named "SpotLight1" in 'SoundSpotlight_C'.
Make sure 'SoundSpotlight_C' has been compiled for  Set Intensity 
[2015.02.26-23.25.48:901][876]BlueprintEditorCompileResults:Error: Error This blueprint (self) is not a LightComponentBase, therefore ' Target ' must have a connection
[2015.02.26-23.25.48:901][876]BlueprintEditorCompileResults:Error: Error This blueprint (self) is not a LightComponent, therefore ' Target ' must have a connection
[2015.02.26-23.25.48:901][876]BlueprintEditorCompileResults:Error: Error Variable node  Get Intensity  uses an invalid target.  It may depend on a node that is not connected to the execution chain, and got purged.
[2015.02.26-23.25.48:901][876]BlueprintEditorCompileResults:Warning: Warning [0339.40] Compile of SoundSpotlight failed. 3 Fatal Issue(s) 2 Warning(s) [in 151 ms]
[2015.02.26-23.26.50:684][ 19]LogActorComponent: UnregisterComponent: (/Engine/Transient.CharacterMovementComponent_2) Not registered. Aborting.
[2015.02.26-23.26.50:684][ 19]LogActorComponent: UnregisterComponent: (/Engine/Transient.ProjectileMovementComponent_2) Not registered. Aborting.
[2015.02.26-23.26.50:876][ 19]Cmd: OBJ SAVEPACKAGE PACKAGE="/Game/Maps/Example_Map" FILE="../../../../../../Users/Edi/Documents/Unreal Projects/Blindness-dev/Content/Maps/Example_Map.umap" SILENT=true AUTOSAVING=false KEEPDIRTY=false
[2015.02.26-23.26.50:988][ 19]LogSavePackage: Save=77.665215ms
[2015.02.26-23.26.50:988][ 19]LogSavePackage: Moving '../../../../../../Users/Edi/Documents/Unreal Projects/Blindness-dev/Saved/Example_MapF2ED02FF4D09AFFB5C2003958F8918C7.tmp' to '../../../../../../Users/Edi/Documents/Unreal Projects/Blindness-dev/Content/Maps/Example_Map.umap'
[2015.02.26-23.26.51:026][ 19]LogFileHelpers: Saving map 'Example_Map' took 0.276
[2015.02.26-23.26.51:029][ 19]Cmd: OBJ SAVEPACKAGE PACKAGE="/Game/Blueprints/SoundSpotlight" FILE="../../../../../../Users/Edi/Documents/Unreal Projects/Blindness-dev/Content/Blueprints/SoundSpotlight.uasset" SILENT=true
[2015.02.26-23.26.51:055][ 19]LogSavePackage: Save=12.638435ms
[2015.02.26-23.26.51:055][ 19]LogSavePackage: Moving '../../../../../../Users/Edi/Documents/Unreal Projects/Blindness-dev/Saved/SoundSpotlight6FECAB1543228318F4A0DBB7302613AA.tmp' to '../../../../../../Users/Edi/Documents/Unreal Projects/Blindness-dev/Content/Blueprints/SoundSpotlight.uasset'
[2015.02.26-23.26.52:019][ 56]BlueprintLog: New page: Compile SoundSpotlight
[2015.02.26-23.26.52:111][ 56]BlueprintEditorCompileResults: Info [0402.61] Compile of SoundSpotlight successful! [in 86 ms]
[2015.02.26-23.26.56:090][203]BlueprintLog: New page: Pre-PIE auto-recompile
[2015.02.26-23.26.56:095][203]LogPlayLevel: [PIE] Compiling MyCharacter before PIE...
[2015.02.26-23.26.56:200][203]LogPlayLevel: [PIE] Compiling Tutorial_BP_MacroLib before PIE...
[2015.02.26-23.26.56:262][203]LogActorComponent: UnregisterComponent: (/Engine/Transient.CharacterMovementComponent_3) Not registered. Aborting.
[2015.02.26-23.26.56:281][203]LogParticles: Destroying 0 GPU particle simulations for FXSystem 0x00000023A3F100E0
[2015.02.26-23.26.56:284][203]LogPlayLevel: PIE:  Blueprint regeneration took 193 ms (2 blueprints)
[2015.02.26-23.26.56:284][203]PIE: New page: PIE session: Example_Map (Feb 27, 2015, 1:26:56 AM)
[2015.02.26-23.26.56:290][203]LogPlayLevel: PIE: StaticDuplicateObject took: (0.005825s)
[2015.02.26-23.26.56:291][203]LogPlayLevel: PIE: World Init took: (0.000697s)
[2015.02.26-23.26.56:291][203]LogPlayLevel: PIE: Created PIE world by copying editor world from /Game/Maps/Example_Map.Example_Map to /Game/Maps/UEDPIE_0_Example_Map.Example_Map (0.006699s)
[2015.02.26-23.26.56:323][203]LogWorld: Game class is 'MyGame_C'
[2015.02.26-23.26.56:325][203]LogAIModule: Creating AISystem for world Example_Map
[2015.02.26-23.26.56:329][203]LogWorld: Bringing World /Game/Maps/UEDPIE_0_Example_Map.Example_Map up for play (max tick rate 0) at 2015.02.27-00.26.56
[2015.02.26-23.26.56:330][203]LogWorld: Bringing up level for play took: 0.004608
[2015.02.26-23.26.56:332][203]PIE: Info Play in editor start time for /Game/Maps/UEDPIE_0_Example_Map -0.377
[2015.02.26-23.27.00:898][435]LogActorComponent: UnregisterComponent: (/Engine/Transient.CharacterMovementComponent_4) Not registered. Aborting.
[2015.02.26-23.27.00:950][436]LogParticles: Destroying 0 GPU particle simulations for FXSystem 0x00000023A5A15260
[2015.02.26-23.27.15:068][975]BlueprintLog: New page: Compile SoundSpotlight
[2015.02.26-23.27.15:121][975]LogActorComponent: UnregisterComponent: (/Engine/Transient.ProjectileMovementComponent_3) Not registered. Aborting.
[2015.02.26-23.27.15:121][975]LogActorComponent: UnregisterComponent: (/Engine/Transient.CharacterMovementComponent_5) Not registered. Aborting.
[2015.02.26-23.27.15:157][975]BlueprintEditorCompileResults: Info [0425.65] Compile of SoundSpotlight successful! [in 83 ms]
[2015.02.26-23.27.15:642][994]Cmd: OBJ SAVEPACKAGE PACKAGE="/Game/Blueprints/SoundSpotlight" FILE="../../../../../../Users/Edi/Documents/Unreal Projects/Blindness-dev/Content/Blueprints/SoundSpotlight.uasset" SILENT=true
[2015.02.26-23.27.15:665][994]LogSavePackage: Save=12.665655ms
[2015.02.26-23.27.15:665][994]LogSavePackage: Moving '../../../../../../Users/Edi/Documents/Unreal Projects/Blindness-dev/Saved/SoundSpotlight0F43091E440BE3FDB6DEAA81B99044C5.tmp' to '../../../../../../Users/Edi/Documents/Unreal Projects/Blindness-dev/Content/Blueprints/SoundSpotlight.uasset'
[2015.02.26-23.27.17:558][ 73]BlueprintLog: New page: Pre-PIE auto-recompile
[2015.02.26-23.27.17:564][ 73]LogPlayLevel: [PIE] Compiling MyCharacter before PIE...
[2015.02.26-23.27.17:665][ 73]LogActorComponent: UnregisterComponent: (/Engine/Transient.CharacterMovementComponent_6) Not registered. Aborting.
[2015.02.26-23.27.17:688][ 73]LogParticles: Destroying 0 GPU particle simulations for FXSystem 0x00000023A11D4900
[2015.02.26-23.27.17:688][ 73]LogPlayLevel: PIE:  Blueprint regeneration took 130 ms (1 blueprints)
[2015.02.26-23.27.17:689][ 73]PIE: New page: PIE session: Example_Map (Feb 27, 2015, 1:27:17 AM)
[2015.02.26-23.27.17:695][ 73]LogPlayLevel: PIE: StaticDuplicateObject took: (0.005789s)
[2015.02.26-23.27.17:696][ 73]LogPlayLevel: PIE: World Init took: (0.000801s)
[2015.02.26-23.27.17:696][ 73]LogPlayLevel: PIE: Created PIE world by copying editor world from /Game/Maps/Example_Map.Example_Map to /Game/Maps/UEDPIE_0_Example_Map.Example_Map (0.006766s)
[2015.02.26-23.27.17:730][ 73]LogWorld: Game class is 'MyGame_C'
[2015.02.26-23.27.17:732][ 73]LogAIModule: Creating AISystem for world Example_Map
[2015.02.26-23.27.17:736][ 73]LogWorld: Bringing World /Game/Maps/UEDPIE_0_Example_Map.Example_Map up for play (max tick rate 0) at 2015.02.27-00.27.17
[2015.02.26-23.27.17:737][ 73]LogWorld: Bringing up level for play took: 0.004802
[2015.02.26-23.27.17:739][ 73]PIE: Info Play in editor start time for /Game/Maps/UEDPIE_0_Example_Map 1.03
[2015.02.26-23.27.47:949][124]LogCharacterMovement: MyCharacter_C_0 is stuck and failed to move!
[2015.02.26-23.27.47:982][125]LogCharacterMovement: MyCharacter_C_0 is stuck and failed to move!
[2015.02.26-23.27.48:015][126]LogCharacterMovement: MyCharacter_C_0 is stuck and failed to move!
[2015.02.26-23.27.48:047][127]LogCharacterMovement: MyCharacter_C_0 is stuck and failed to move!
[2015.02.26-23.27.48:079][128]LogCharacterMovement: MyCharacter_C_0 is stuck and failed to move!
[2015.02.26-23.27.56:935][465]LogActorComponent: UnregisterComponent: (/Engine/Transient.CharacterMovementComponent_7) Not registered. Aborting.
[2015.02.26-23.27.56:987][466]LogParticles: Destroying 0 GPU particle simulations for FXSystem 0x00000023A22D2C00
[2015.02.26-23.28.38:423][773]Cmd: SELECT NONE
[2015.02.26-23.31.49:510][659]LogContentBrowser:Verbose: The content browser source was changed by the sources view to '/Game/Audio'
[2015.02.26-23.33.18:267][589]LogFactory: FactoryCreateBinary: SoundWave with SoundFactory (0 0 ../../../../../../Users/Edi/Documents/Unreal Projects/Blindness-dev/Content/Audio/Click_Button_2-SoundBible.wav)
[2015.02.26-23.33.18:270][589]LogAudioDerivedData:Display: Building compressed audio format OGG wave Click_Button_2-SoundBible...
[2015.02.26-23.33.18:598][589]LogAudioDerivedData:Warning: Updated SoundWave->RawPCMDataSize during cooking SoundWave /Game/Audio/Click_Button_2-SoundBible.Click_Button_2-SoundBible.
[2015.02.26-23.33.18:605][589]LogContentBrowser:Verbose: The content browser source was changed by the sources view to 'None'
[2015.02.26-23.33.18:606][589]LogContentBrowser:Verbose: The content browser source was changed by the sources view to '/Game/Audio'
[2015.02.26-23.33.31:418][ 58]LogContentBrowser:Verbose: The content browser source was changed by the sources view to '/Game/Blueprints'
[2015.02.26-23.33.49:471][575]LogActorComponent: UnregisterComponent: (/Engine/Transient.ProjectileMovementComponent_4) Not registered. Aborting.
[2015.02.26-23.33.49:471][575]LogActorComponent: UnregisterComponent: (/Engine/Transient.CharacterMovementComponent_8) Not registered. Aborting.
[2015.02.26-23.33.49:508][575]LogMetaData: Removing '/Game/Blueprints/SoundPointLight.SoundPointLight:UserConstructionScript.K2Node_FunctionEntry_149' ref from Metadata '/Game/Blueprints/SoundSpotlight.PackageMetaData'
[2015.02.26-23.33.49:508][575]LogMetaData: Removing '/Game/Blueprints/SoundPointLight.SoundPointLight_C' ref from Metadata '/Game/Blueprints/SoundSpotlight.PackageMetaData'
[2015.02.26-23.33.49:508][575]LogMetaData: Removing '/Game/Blueprints/SoundPointLight.SoundPointLight:NewFunction_0.K2Node_FunctionEntry_201' ref from Metadata '/Game/Blueprints/SoundSpotlight.PackageMetaData'
[2015.02.26-23.33.49:509][575]LogMetaData: Removing '/Game/Blueprints/SoundPointLight.SKEL_SoundPointLight_C' ref from Metadata '/Game/Blueprints/SoundSpotlight.PackageMetaData'
[2015.02.26-23.33.49:556][575]Cmd: OBJ SAVEPACKAGE PACKAGE="/Game/Blueprints/SoundPointLight" FILE="../../../../../../Users/Edi/Documents/Unreal Projects/Blindness-dev/Content/Blueprints/SoundPointLight.uasset" SILENT=true
[2015.02.26-23.33.49:570][575]LogSavePackage: Save=12.664878ms
[2015.02.26-23.33.49:571][575]LogSavePackage: Moving '../../../../../../Users/Edi/Documents/Unreal Projects/Blindness-dev/Saved/SoundPointLight7B8FC4D745DDA54DAEFA97BFED0C3F59.tmp' to '../../../../../../Users/Edi/Documents/Unreal Projects/Blindness-dev/Content/Blueprints/SoundPointLight.uasset'
[2015.02.26-23.33.49:895][575]Cmd: OBJ SAVEPACKAGE PACKAGE="/Game/Blueprints/MyCharacter" FILE="../../../../../../Users/Edi/Documents/Unreal Projects/Blindness-dev/Content/Blueprints/MyCharacter.uasset" SILENT=true
[2015.02.26-23.33.50:290][575]LogSavePackage: Save=379.833557ms
[2015.02.26-23.33.50:290][575]LogSavePackage: Moving '../../../../../../Users/Edi/Documents/Unreal Projects/Blindness-dev/Saved/MyCharacterFE28C35C4A1DE2E88E4ED8891D510981.tmp' to '../../../../../../Users/Edi/Documents/Unreal Projects/Blindness-dev/Content/Blueprints/MyCharacter.uasset'
[2015.02.26-23.34.33:849][267]BlueprintLog: New page: Compile SoundPointLight
[2015.02.26-23.34.33:861][267]LogBlueprint:Warning: [compiler] Warning Function ' Play Sound at Location ' is unsafe to call in a construction script.
[2015.02.26-23.34.33:905][267]LogActorComponent: UnregisterComponent: (/Engine/Transient.CharacterMovementComponent_9) Not registered. Aborting.
[2015.02.26-23.34.33:905][267]LogActorComponent: UnregisterComponent: (/Engine/Transient.ProjectileMovementComponent_5) Not registered. Aborting.
[2015.02.26-23.34.33:942][267]LogBlueprint:Warning: [compiler] Warning [0864.44] Compile of SoundPointLight successful, but with 1 Warning(s) [in 86 ms]
[2015.02.26-23.34.33:942][267]BlueprintEditorCompileResults:Warning: Warning Function ' Play Sound at Location ' is unsafe to call in a construction script.
[2015.02.26-23.34.33:942][267]BlueprintEditorCompileResults:Warning: Warning [0864.44] Compile of SoundPointLight successful, but with 1 Warning(s) [in 86 ms]
[2015.02.26-23.34.34:499][286]Cmd: OBJ SAVEPACKAGE PACKAGE="/Game/Blueprints/SoundPointLight" FILE="../../../../../../Users/Edi/Documents/Unreal Projects/Blindness-dev/Content/Blueprints/SoundPointLight.uasset" SILENT=true
[2015.02.26-23.34.34:528][286]LogSavePackage: Save=14.634797ms
[2015.02.26-23.34.34:528][286]LogSavePackage: Moving '../../../../../../Users/Edi/Documents/Unreal Projects/Blindness-dev/Saved/SoundPointLightEBC154BD475CBEE05F864FBE441A746C.tmp' to '../../../../../../Users/Edi/Documents/Unreal Projects/Blindness-dev/Content/Blueprints/SoundPointLight.uasset'
[2015.02.26-23.34.39:333][457]LogActorComponent: UnregisterComponent: (/Engine/Transient.CharacterMovementComponent_10) Not registered. Aborting.
[2015.02.26-23.34.46:644][615]BlueprintLog: New page: Compile SoundPointLight
[2015.02.26-23.34.46:699][615]LogActorComponent: UnregisterComponent: (/Engine/Transient.CharacterMovementComponent_11) Not registered. Aborting.
[2015.02.26-23.34.46:699][615]LogActorComponent: UnregisterComponent: (/Engine/Transient.ProjectileMovementComponent_6) Not registered. Aborting.
[2015.02.26-23.34.46:733][615]BlueprintEditorCompileResults: Info [0877.23] Compile of SoundPointLight successful! [in 83 ms]
[2015.02.26-23.35.42:969][231]BlueprintLog: New page: Compile SoundPointLight
[2015.02.26-23.35.43:024][231]LogActorComponent: UnregisterComponent: (/Engine/Transient.CharacterMovementComponent_12) Not registered. Aborting.
[2015.02.26-23.35.43:025][231]LogActorComponent: UnregisterComponent: (/Engine/Transient.ProjectileMovementComponent_7) Not registered. Aborting.
[2015.02.26-23.35.43:060][231]BlueprintEditorCompileResults: Info [0933.56] Compile of SoundPointLight successful! [in 85 ms]
[2015.02.26-23.36.03:518][920]BlueprintLog: New page: Compile SoundPointLight
[2015.02.26-23.36.03:575][920]LogActorComponent: UnregisterComponent: (/Engine/Transient.CharacterMovementComponent_13) Not registered. Aborting.
[2015.02.26-23.36.03:615][920]BlueprintEditorCompileResults: Info [0954.11] Compile of SoundPointLight successful! [in 89 ms]
[2015.02.26-23.36.04:275][942]Cmd: OBJ SAVEPACKAGE PACKAGE="/Game/Blueprints/SoundPointLight" FILE="../../../../../../Users/Edi/Documents/Unreal Projects/Blindness-dev/Content/Blueprints/SoundPointLight.uasset" SILENT=true
[2015.02.26-23.36.04:301][942]LogSavePackage: Save=15.338228ms
[2015.02.26-23.36.04:301][942]LogSavePackage: Moving '../../../../../../Users/Edi/Documents/Unreal Projects/Blindness-dev/Saved/SoundPointLight3FAED8D34B87801AFF89F8BBD22BB7F8.tmp' to '../../../../../../Users/Edi/Documents/Unreal Projects/Blindness-dev/Content/Blueprints/SoundPointLight.uasset'
[2015.02.26-23.36.08:913][ 35]BlueprintLog: New page: Pre-PIE auto-recompile
[2015.02.26-23.36.08:918][ 35]LogPlayLevel: [PIE] Compiling MyCharacter before PIE...
[2015.02.26-23.36.09:022][ 35]LogActorComponent: UnregisterComponent: (/Engine/Transient.CharacterMovementComponent_14) Not registered. Aborting.
[2015.02.26-23.36.09:045][ 35]LogPlayLevel: PIE:  Blueprint regeneration took 132 ms (1 blueprints)
[2015.02.26-23.36.09:045][ 35]PIE: New page: PIE session: Example_Map (Feb 27, 2015, 1:36:09 AM)
[2015.02.26-23.36.09:051][ 35]LogPlayLevel: PIE: StaticDuplicateObject took: (0.005852s)
[2015.02.26-23.36.09:052][ 35]LogPlayLevel: PIE: World Init took: (0.000744s)
[2015.02.26-23.36.09:052][ 35]LogPlayLevel: PIE: Created PIE world by copying editor world from /Game/Maps/Example_Map.Example_Map to /Game/Maps/UEDPIE_0_Example_Map.Example_Map (0.006777s)
[2015.02.26-23.36.09:083][ 35]LogWorld: Game class is 'MyGame_C'
[2015.02.26-23.36.09:085][ 35]LogAIModule: Creating AISystem for world Example_Map
[2015.02.26-23.36.09:089][ 35]LogWorld: Bringing World /Game/Maps/UEDPIE_0_Example_Map.Example_Map up for play (max tick rate 0) at 2015.02.27-00.36.09
[2015.02.26-23.36.09:090][ 35]LogWorld: Bringing up level for play took: 0.004709
[2015.02.26-23.36.09:092][ 35]PIE: Info Play in editor start time for /Game/Maps/UEDPIE_0_Example_Map 0.383
[2015.02.26-23.36.19:074][398]LogCharacterMovement: MyCharacter_C_0 is stuck and failed to move!
[2015.02.26-23.36.19:118][399]LogCharacterMovement: MyCharacter_C_0 is stuck and failed to move!
[2015.02.26-23.36.21:350][453]LogCharacterMovement: MyCharacter_C_0 is stuck and failed to move!
[2015.02.26-23.36.21:386][454]LogCharacterMovement: MyCharacter_C_0 is stuck and failed to move!
[2015.02.26-23.36.21:419][455]LogCharacterMovement: MyCharacter_C_0 is stuck and failed to move!
[2015.02.26-23.36.21:452][456]LogCharacterMovement: MyCharacter_C_0 is stuck and failed to move!
[2015.02.26-23.36.21:489][457]LogCharacterMovement: MyCharacter_C_0 is stuck and failed to move!
[2015.02.26-23.36.21:520][458]LogCharacterMovement: MyCharacter_C_0 is stuck and failed to move!
[2015.02.26-23.36.21:552][459]LogCharacterMovement: MyCharacter_C_0 is stuck and failed to move!
[2015.02.26-23.36.21:585][460]LogCharacterMovement: MyCharacter_C_0 is stuck and failed to move!
[2015.02.26-23.36.21:618][461]LogCharacterMovement: MyCharacter_C_0 is stuck and failed to move!
[2015.02.26-23.37.08:917][211]LogActorComponent: UnregisterComponent: (/Engine/Transient.CharacterMovementComponent_15) Not registered. Aborting.
[2015.02.26-23.37.11:775][250]LogCharacterMovement: MyCharacter_C_0 is stuck and failed to move!
[2015.02.26-23.37.11:776][250]LogCharacterMovement: MyCharacter_C_0 is stuck and failed to move!
[2015.02.26-23.37.11:840][251]LogCharacterMovement: MyCharacter_C_0 is stuck and failed to move!
[2015.02.26-23.37.11:901][252]LogCharacterMovement: MyCharacter_C_0 is stuck and failed to move!
[2015.02.26-23.37.11:901][252]LogCharacterMovement: MyCharacter_C_0 is stuck and failed to move!
[2015.02.26-23.37.11:958][253]LogCharacterMovement: MyCharacter_C_0 is stuck and failed to move!
[2015.02.26-23.37.11:958][253]LogCharacterMovement: MyCharacter_C_0 is stuck and failed to move!
[2015.02.26-23.37.12:016][254]LogCharacterMovement: MyCharacter_C_0 is stuck and failed to move!
[2015.02.26-23.37.12:075][255]LogCharacterMovement: MyCharacter_C_0 is stuck and failed to move!
[2015.02.26-23.37.12:137][256]LogCharacterMovement: MyCharacter_C_0 is stuck and failed to move!
[2015.02.26-23.37.27:859][696]LogParticles: Destroying 0 GPU particle simulations for FXSystem 0x000000239EC9EB60
[2015.02.26-23.37.40:589][994]BlueprintLog: New page: Compile SoundPointLight
[2015.02.26-23.37.40:649][994]LogActorComponent: UnregisterComponent: (/Engine/Transient.ProjectileMovementComponent_8) Not registered. Aborting.
[2015.02.26-23.37.40:649][994]LogActorComponent: UnregisterComponent: (/Engine/Transient.CharacterMovementComponent_16) Not registered. Aborting.
[2015.02.26-23.37.40:693][994]BlueprintEditorCompileResults: Info [1051.19] Compile of SoundPointLight successful! [in 97 ms]
[2015.02.26-23.37.41:225][  7]Cmd: OBJ SAVEPACKAGE PACKAGE="/Game/Blueprints/SoundPointLight" FILE="../../../../../../Users/Edi/Documents/Unreal Projects/Blindness-dev/Content/Blueprints/SoundPointLight.uasset" SILENT=true
[2015.02.26-23.37.41:270][  7]LogSavePackage: Save=24.340519ms
[2015.02.26-23.37.41:270][  7]LogSavePackage: Moving '../../../../../../Users/Edi/Documents/Unreal Projects/Blindness-dev/Saved/SoundPointLight82C0D23F4235BF00C3EC928E3015DCE6.tmp' to '../../../../../../Users/Edi/Documents/Unreal Projects/Blindness-dev/Content/Blueprints/SoundPointLight.uasset'
[2015.02.26-23.37.42:673][ 43]BlueprintLog: New page: Pre-PIE auto-recompile
[2015.02.26-23.37.42:679][ 43]LogPlayLevel: [PIE] Compiling MyCharacter before PIE...
[2015.02.26-23.37.42:783][ 43]LogActorComponent: UnregisterComponent: (/Engine/Transient.CharacterMovementComponent_17) Not registered. Aborting.
[2015.02.26-23.37.42:783][ 43]LogActorComponent: UnregisterComponent: (/Engine/Transient.ProjectileMovementComponent_9) Not registered. Aborting.
[2015.02.26-23.37.42:806][ 43]LogPlayLevel: PIE:  Blueprint regeneration took 132 ms (1 blueprints)
[2015.02.26-23.37.42:806][ 43]PIE: New page: PIE session: Example_Map (Feb 27, 2015, 1:37:42 AM)
[2015.02.26-23.37.42:812][ 43]LogPlayLevel: PIE: StaticDuplicateObject took: (0.005785s)
[2015.02.26-23.37.42:813][ 43]LogPlayLevel: PIE: World Init took: (0.000707s)
[2015.02.26-23.37.42:813][ 43]LogPlayLevel: PIE: Created PIE world by copying editor world from /Game/Maps/Example_Map.Example_Map to /Game/Maps/UEDPIE_0_Example_Map.Example_Map (0.006675s)
[2015.02.26-23.37.42:849][ 43]LogWorld: Game class is 'MyGame_C'
[2015.02.26-23.37.42:851][ 43]LogAIModule: Creating AISystem for world Example_Map
[2015.02.26-23.37.42:855][ 43]LogWorld: Bringing World /Game/Maps/UEDPIE_0_Example_Map.Example_Map up for play (max tick rate 0) at 2015.02.27-00.37.42
[2015.02.26-23.37.42:856][ 43]LogWorld: Bringing up level for play took: 0.004625
[2015.02.26-23.37.42:858][ 43]PIE: Info Play in editor start time for /Game/Maps/UEDPIE_0_Example_Map 0.149
[2015.02.26-23.38.23:338][960]LogCharacterMovement: MyCharacter_C_0 is stuck and failed to move!
[2015.02.26-23.38.23:339][960]LogCharacterMovement: MyCharacter_C_0 is stuck and failed to move!
[2015.02.26-23.38.33:007][123]LogActorComponent: UnregisterComponent: (/Engine/Transient.CharacterMovementComponent_18) Not registered. Aborting.
[2015.02.26-23.38.33:067][124]LogParticles: Destroying 0 GPU particle simulations for FXSystem 0x00000023A4443F60
[2015.02.26-23.38.36:290][229]MapCheck: New page: Map Check
[2015.02.26-23.38.36:325][229]LightingResults: New page: Lighting Build - Feb 27, 2015, 1:38:36 AM
[2015.02.26-23.38.40:892][229]LogStaticLightingSystem:Warning: No importance volume found, so the scene bounding box was used.  You can optimize your scene's quality and lighting build times by adding importance volumes.
[2015.02.26-23.38.40:892][229]LogStaticLightingSystem: Running Lightmass w/ ImmediateImport mode ENABLED
[2015.02.26-23.38.40:892][229]LogStaticLightingSystem: Running Lightmass w/ ImmediateProcess mode ENABLED
[2015.02.26-23.38.40:892][229]LogStaticLightingSystem: Running Lightmass w/ Sorting mode ENABLED
[2015.02.26-23.38.40:892][229]LogStaticLightingSystem: Running Lightmass w/ Mapping paddings ENABLED
[2015.02.26-23.38.40:892][229]LogStaticLightingSystem: Running Lightmass w/ Mapping debug paddings DISABLED
[2015.02.26-23.38.40:930][229]LogEditorBuildUtils: Build time 0:00:04
[2015.02.26-23.38.40:984][230]LogActorComponent: UnregisterComponent: (/Engine/Transient.ProjectileMovementComponent_10) Not registered. Aborting.
[2015.02.26-23.38.40:984][230]LogActorComponent: UnregisterComponent: (/Engine/Transient.CharacterMovementComponent_19) Not registered. Aborting.
[2015.02.26-23.38.42:287][260]Job is a success!
[2015.02.26-23.38.42:565][261]LogTexture:Display: Building textures: HQ_Lightmap1_1 (AutoDXT)
[2015.02.26-23.38.42:586][261]LogTexture:Display: Building textures: LQ_Lightmap_1_1 (DXT1)
[2015.02.26-23.38.42:633][261]Lightmass on LETO: 1.13 sec total, 166 ms importing, 16 ms setup, 115 ms photons, 817 ms processing, 0 ms extra exporting [60/60 mappings]. Threads: 3.23 sec total, 1.19 sec processing.
[2015.02.26-23.38.42:720][261]LogStaticLightingSystem:Warning: Illumination: 6.27 sec (88 ms encoding lightmaps)
[2015.02.26-23.38.42:720][261]LogStaticLightingSystem: Lightmap texture memory:  0.3 MB (0.0 MB streaming, 0.3 MB non-streaming), 2 textures
[2015.02.26-23.38.42:720][261]LogStaticLightingSystem: Shadowmap texture memory: 0.0 MB (0.0 MB streaming, 0.0 MB non-streaming), 0 textures
[2015.02.26-23.38.42:938][262]Cmd: MAP CHECK NOTIFYRESULTS
[2015.02.26-23.38.42:938][262]MapCheck: New page: Example_Map - Feb 27, 2015, 1:38:42 AM
[2015.02.26-23.38.43:064][262]MapCheck: Info Map check complete: 0 Error(s), 0 Warning(s), took 126.164ms to complete.
[2015.02.26-23.38.44:587][300]LogPlayLevel: PIE:  No blueprints needed recompiling
[2015.02.26-23.38.44:587][300]PIE: New page: PIE session: Example_Map (Feb 27, 2015, 1:38:44 AM)
[2015.02.26-23.38.44:594][300]LogPlayLevel: PIE: StaticDuplicateObject took: (0.005897s)
[2015.02.26-23.38.44:594][300]LogPlayLevel: PIE: World Init took: (0.000680s)
[2015.02.26-23.38.44:595][300]LogPlayLevel: PIE: Created PIE world by copying editor world from /Game/Maps/Example_Map.Example_Map to /Game/Maps/UEDPIE_0_Example_Map.Example_Map (0.006771s)
[2015.02.26-23.38.44:626][300]LogWorld: Game class is 'MyGame_C'
[2015.02.26-23.38.44:628][300]LogAIModule: Creating AISystem for world Example_Map
[2015.02.26-23.38.44:632][300]LogWorld: Bringing World /Game/Maps/UEDPIE_0_Example_Map.Example_Map up for play (max tick rate 0) at 2015.02.27-00.38.44
[2015.02.26-23.38.44:633][300]LogWorld: Bringing up level for play took: 0.004412
[2015.02.26-23.38.44:635][300]PIE: Info Play in editor start time for /Game/Maps/UEDPIE_0_Example_Map -0.074
[2015.02.26-23.38.58:145][724]LogCharacterMovement: MyCharacter_C_1 is stuck and failed to move!
[2015.02.26-23.38.58:181][725]LogCharacterMovement: MyCharacter_C_1 is stuck and failed to move!
[2015.02.26-23.38.58:218][726]LogCharacterMovement: MyCharacter_C_1 is stuck and failed to move!
[2015.02.26-23.39.04:261][876]LogActorComponent: UnregisterComponent: (/Engine/Transient.ProjectileMovementComponent_11) Not registered. Aborting.
[2015.02.26-23.39.04:261][876]LogActorComponent: UnregisterComponent: (/Engine/Transient.CharacterMovementComponent_20) Not registered. Aborting.
[2015.02.26-23.39.04:281][876]LogParticles: Destroying 0 GPU particle simulations for FXSystem 0x00000023A5A158A0
[2015.02.26-23.39.07:995][968]Cmd: OBJ SAVEPACKAGE PACKAGE="/Game/Maps/Example_Map" FILE="../../../../../../Users/Edi/Documents/Unreal Projects/Blindness-dev/Content/Maps/Example_Map.umap" SILENT=true AUTOSAVING=false KEEPDIRTY=false
[2015.02.26-23.39.08:096][968]LogSavePackage: Save=62.658287ms
[2015.02.26-23.39.08:096][968]LogSavePackage: Moving '../../../../../../Users/Edi/Documents/Unreal Projects/Blindness-dev/Saved/Example_Map60B373D245BD7A2BBEF1F3A189AFBA4E.tmp' to '../../../../../../Users/Edi/Documents/Unreal Projects/Blindness-dev/Content/Maps/Example_Map.umap'
[2015.02.26-23.39.11:722][993]Cmd: OBJ SAVEPACKAGE PACKAGE="/Game/Audio/Click_Button_2-SoundBible" FILE="../../../../../../Users/Edi/Documents/Unreal Projects/Blindness-dev/Content/Audio/Click_Button_2-SoundBible.uasset" SILENT=true
[2015.02.26-23.39.11:740][993]LogSavePackage: Save=15.213408ms
[2015.02.26-23.39.11:740][993]LogSavePackage: Moving '../../../../../../Users/Edi/Documents/Unreal Projects/Blindness-dev/Saved/Click_Button_2-SoundBible1CC49E8F41DDCF106A9DA88BD1403E7A.tmp' to '../../../../../../Users/Edi/Documents/Unreal Projects/Blindness-dev/Content/Audio/Click_Button_2-SoundBible.uasset'
[2015.02.26-23.39.12:426][994]Cmd: QUIT_EDITOR
[2015.02.26-23.39.12:922][994]LogExit: Preparing to exit.
[2015.02.26-23.39.13:633][994]LogExit: Editor shut down
[2015.02.26-23.39.13:634][994]LogExit: Transaction tracking system shut down
[2015.02.26-23.39.13:636][994]LogParticles: Destroying 0 GPU particle simulations for FXSystem 0x00000023EF0EA700
[2015.02.26-23.39.13:637][994]LogParticles: Destroying 0 GPU particle simulations for FXSystem 0x00000023FC632FC0
[2015.02.26-23.39.13:637][994]LogParticles: Destroying 0 GPU particle simulations for FXSystem 0x00000023FE353600
[2015.02.26-23.39.13:637][994]LogParticles: Destroying 0 GPU particle simulations for FXSystem 0x00000023FE0E18A0
[2015.02.26-23.39.13:639][994]LogParticles: Destroying 0 GPU particle simulations for FXSystem 0x00000023A01FA520
[2015.02.26-23.39.13:700][994]LogExit: Object subsystem successfully closed.
[2015.02.26-23.39.13:762][994]LogModuleManager: Shutting down and abandoning module AndroidDeviceDetection (172)
[2015.02.26-23.39.13:762][994]LogModuleManager: Shutting down and abandoning module CrashTracker (171)
[2015.02.26-23.39.13:762][994]LogModuleManager: Shutting down and abandoning module SuperSearch (170)
[2015.02.26-23.39.13:762][994]LogModuleManager: Shutting down and abandoning module SceneOutliner (169)
[2015.02.26-23.39.13:762][994]LogModuleManager: Shutting down and abandoning module EditorWidgets (168)
[2015.02.26-23.39.13:762][994]LogModuleManager: Shutting down and abandoning module CollectionManager (167)
[2015.02.26-23.39.13:774][994]LogModuleManager: Shutting down and abandoning module StatsViewer (166)
[2015.02.26-23.39.13:774][994]LogModuleManager: Shutting down and abandoning module FoliageEdit (165)
[2015.02.26-23.39.13:774][994]LogModuleManager: Shutting down and abandoning module LandscapeEditor (164)
[2015.02.26-23.39.13:775][994]LogModuleManager: Shutting down and abandoning module MeshPaint (163)
[2015.02.26-23.39.13:775][994]LogModuleManager: Shutting down and abandoning module ActorPickerMode (162)
[2015.02.26-23.39.13:775][994]LogModuleManager: Shutting down and abandoning module GeometryMode (161)
[2015.02.26-23.39.13:775][994]LogModuleManager: Shutting down and abandoning module TextureAlignMode (160)
[2015.02.26-23.39.13:775][994]LogModuleManager: Shutting down and abandoning module BspMode (159)
[2015.02.26-23.39.13:775][994]LogModuleManager: Shutting down and abandoning module PlacementMode (158)
[2015.02.26-23.39.13:775][994]LogModuleManager: Shutting down and abandoning module AutomationWorker (157)
[2015.02.26-23.39.13:775][994]LogModuleManager: Shutting down and abandoning module CharacterAI (156)
[2015.02.26-23.39.13:775][994]LogModuleManager: Shutting down and abandoning module GameProjectGeneration (155)
[2015.02.26-23.39.13:775][994]LogModuleManager: Shutting down and abandoning module IntroTutorials (154)
[2015.02.26-23.39.13:775][994]LogModuleManager: Shutting down and abandoning module EditorLiveStreaming (153)
[2015.02.26-23.39.13:775][994]LogModuleManager: Shutting down and abandoning module HardwareTargeting (152)
[2015.02.26-23.39.13:775][994]LogModuleManager: Shutting down and abandoning module DeviceProfileEditor (151)
[2015.02.26-23.39.13:775][994]LogModuleManager: Shutting down and abandoning module UndoHistory (150)
[2015.02.26-23.39.13:775][994]LogModuleManager: Shutting down and abandoning module GameplayTagsEditor (149)
[2015.02.26-23.39.13:775][994]LogModuleManager: Shutting down and abandoning module UserFeedback (148)
[2015.02.26-23.39.13:775][994]LogModuleManager: Shutting down and abandoning module XmlParser (147)
[2015.02.26-23.39.13:775][994]LogModuleManager: Shutting down and abandoning module Blutility (146)
[2015.02.26-23.39.13:775][994]LogModuleManager: Shutting down and abandoning module IOSPlatformEditor (145)
[2015.02.26-23.39.13:775][994]LogModuleManager: Shutting down and abandoning module IOSRuntimeSettings (144)
[2015.02.26-23.39.13:775][994]LogModuleManager: Shutting down and abandoning module AndroidPlatformEditor (143)
[2015.02.26-23.39.13:775][994]LogModuleManager: Shutting down and abandoning module AndroidRuntimeSettings (142)
[2015.02.26-23.39.13:775][994]LogModuleManager: Shutting down and abandoning module ProjectTargetPlatformEditor (141)
[2015.02.26-23.39.13:775][994]LogModuleManager: Shutting down and abandoning module ProjectSettingsViewer (140)
[2015.02.26-23.39.13:775][994]LogModuleManager: Shutting down and abandoning module InputBindingEditor (139)
[2015.02.26-23.39.13:775][994]LogModuleManager: Shutting down and abandoning module EditorSettingsViewer (138)
[2015.02.26-23.39.13:776][994]LogModuleManager: Shutting down and abandoning module SettingsEditor (137)
[2015.02.26-23.39.13:776][994]LogModuleManager: Shutting down and abandoning module ProjectLauncher (136)
[2015.02.26-23.39.13:776][994]LogModuleManager: Shutting down and abandoning module SessionFrontend (135)
[2015.02.26-23.39.13:776][994]LogModuleManager: Shutting down and abandoning module ProfilerClient (134)
[2015.02.26-23.39.13:776][994]LogModuleManager: Shutting down and abandoning module TargetDeviceServices (133)
[2015.02.26-23.39.13:776][994]LogModuleManager: Shutting down and abandoning module DeviceManager (132)
[2015.02.26-23.39.13:776][994]LogModuleManager: Shutting down and abandoning module AutomationController (131)
[2015.02.26-23.39.13:776][994]LogModuleManager: Shutting down and abandoning module AutomationWindow (130)
[2015.02.26-23.39.13:776][994]LogModuleManager: Shutting down and abandoning module Layers (129)
[2015.02.26-23.39.13:776][994]LogModuleManager: Shutting down and abandoning module ComponentVisualizers (128)
[2015.02.26-23.39.13:776][994]LogModuleManager: Shutting down and abandoning module DetailCustomizations (127)
[2015.02.26-23.39.13:776][994]LogModuleManager: Shutting down and abandoning module PackagesDialog (126)
[2015.02.26-23.39.13:776][994]LogModuleManager: Shutting down and abandoning module AssetRegistry (125)
[2015.02.26-23.39.13:846][994]LogModuleManager: Shutting down and abandoning module Persona (124)
[2015.02.26-23.39.13:846][994]LogModuleManager: Shutting down and abandoning module Kismet (123)
[2015.02.26-23.39.13:846][994]LogModuleManager: Shutting down and abandoning module GraphEditor (122)
[2015.02.26-23.39.13:846][994]LogModuleManager: Shutting down and abandoning module ClassViewer (121)
[2015.02.26-23.39.13:846][994]LogModuleManager: Shutting down and abandoning module Toolbox (120)
[2015.02.26-23.39.13:846][994]LogModuleManager: Shutting down and abandoning module ModuleUI (119)
[2015.02.26-23.39.13:846][994]LogModuleManager: Shutting down and abandoning module MovieSceneTools (118)
[2015.02.26-23.39.13:846][994]LogModuleManager: Shutting down and abandoning module OutputLog (117)
[2015.02.26-23.39.13:846][994]LogModuleManager: Shutting down and abandoning module GammaUI (116)
[2015.02.26-23.39.13:846][994]LogModuleManager: Shutting down and abandoning module Documentation (115)
[2015.02.26-23.39.13:846][994]LogModuleManager: Shutting down and abandoning module GameLiveStreaming (114)
[2015.02.26-23.39.13:846][994]LogModuleManager: Shutting down and abandoning module StreamingPauseRendering (113)
[2015.02.26-23.39.13:846][994]LogModuleManager: Shutting down and abandoning module HTTP (112)
[2015.02.26-23.39.13:846][994]LogModuleManager: Shutting down and abandoning module AnalyticsET (111)
[2015.02.26-23.39.13:846][994]LogModuleManager: Shutting down and abandoning module Analytics (110)
[2015.02.26-23.39.13:846][994]LogModuleManager: Shutting down and abandoning module AITestSuite (109)
[2015.02.26-23.39.13:846][994]LogModuleManager: Shutting down and abandoning module AIModule (108)
[2015.02.26-23.39.13:846][994]LogModuleManager: Shutting down and abandoning module ProfilerService (107)
[2015.02.26-23.39.14:045][994]LogModuleManager: Shutting down and abandoning module TaskGraph (106)
[2015.02.26-23.39.14:045][994]LogModuleManager: Shutting down and abandoning module GameplayDebugger (105)
[2015.02.26-23.39.14:045][994]LogModuleManager: Shutting down and abandoning module SlateRemote (104)
[2015.02.26-23.39.14:045][994]LogModuleManager: Shutting down and abandoning module ScriptEditorPlugin (103)
[2015.02.26-23.39.14:045][994]LogModuleManager: Shutting down and abandoning module CustomMeshComponent (102)
[2015.02.26-23.39.14:045][994]LogModuleManager: Shutting down and abandoning module CableComponent (101)
[2015.02.26-23.39.14:045][994]LogModuleManager: Shutting down and abandoning module MessagingDebugger (100)
[2015.02.26-23.39.14:045][994]LogModuleManager: Shutting down and abandoning module MediaPlayerEditor (99)
[2015.02.26-23.39.14:045][994]LogModuleManager: Shutting down and abandoning module SpeedTreeImporter (98)
[2015.02.26-23.39.14:045][994]LogModuleManager: Shutting down and abandoning module PluginsEditor (97)
[2015.02.26-23.39.14:045][994]LogModuleManager: Shutting down and abandoning module EpicSurvey (96)
[2015.02.26-23.39.14:045][994]LogModuleManager: Shutting down and abandoning module DesktopPlatform (95)
[2015.02.26-23.39.14:045][994]LogModuleManager: Shutting down and abandoning module VisualStudioSourceCodeAccess (94)
[2015.02.26-23.39.14:045][994]LogModuleManager: Shutting down and abandoning module UObjectPlugin (93)
[2015.02.26-23.39.14:045][994]LogModuleManager: Shutting down and abandoning module SubversionSourceControl (92)
[2015.02.26-23.39.14:045][994]LogModuleManager: Shutting down and abandoning module SourceControl (91)
[2015.02.26-23.39.14:045][994]LogModuleManager: Shutting down and abandoning module PerforceSourceControl (90)
[2015.02.26-23.39.14:045][994]LogModuleManager: Shutting down and abandoning module BlankPlugin (89)
[2015.02.26-23.39.14:045][994]LogModuleManager: Shutting down and abandoning module SlateReflector (88)
[2015.02.26-23.39.14:045][994]LogModuleManager: Shutting down and abandoning module DirectoryWatcher (87)
[2015.02.26-23.39.14:046][994]LogModuleManager: Shutting down and abandoning module HotReload (86)
[2015.02.26-23.39.14:046][994]LogModuleManager: Shutting down and abandoning module MainFrame (85)
[2015.02.26-23.39.14:046][994]LogModuleManager: Shutting down and abandoning module LevelEditor (84)
[2015.02.26-23.39.14:047][994]LogModuleManager: Shutting down and abandoning module ViewportSnapping (83)
[2015.02.26-23.39.14:047][994]LogModuleManager: Shutting down and abandoning module SmartSnapping (82)
[2015.02.26-23.39.14:047][994]LogModuleManager: Shutting down and abandoning module PaperTiledImporter (81)
[2015.02.26-23.39.14:047][994]LogModuleManager: Shutting down and abandoning module PaperJsonImporter (80)
[2015.02.26-23.39.14:048][994]LogModuleManager: Shutting down and abandoning module ContentBrowser (79)
[2015.02.26-23.39.14:048][994]LogModuleManager: Shutting down and abandoning module Paper2DEditor (78)
[2015.02.26-23.39.14:048][994]LogModuleManager: Shutting down and abandoning module ScriptPlugin (77)
[2015.02.26-23.39.14:048][994]LogModuleManager: Shutting down and abandoning module UdpMessaging (76)
[2015.02.26-23.39.14:149][994]LogModuleManager: Shutting down and abandoning module Paper2D (75)
[2015.02.26-23.39.14:149][994]LogModuleManager: Shutting down and abandoning module UE4Game (74)
[2015.02.26-23.39.14:149][994]LogModuleManager: Shutting down and abandoning module WindowsMoviePlayer (73)
[2015.02.26-23.39.14:151][994]LogModuleManager: Shutting down and abandoning module Media (72)
[2015.02.26-23.39.14:151][994]LogModuleManager: Shutting down and abandoning module WmfMedia (71)
[2015.02.26-23.39.14:151][994]LogModuleManager: Shutting down and abandoning module OnlineBlueprintSupport (70)
[2015.02.26-23.39.14:151][994]LogModuleManager: Shutting down and abandoning module PropertyEditor (69)
[2015.02.26-23.39.14:151][994]LogModuleManager: Shutting down and abandoning module BehaviorTreeEditor (68)
[2015.02.26-23.39.14:152][994]LogModuleManager: Shutting down and abandoning module FunctionalTesting (67)
[2015.02.26-23.39.14:152][994]LogModuleManager: Shutting down and abandoning module CollisionAnalyzer (66)
[2015.02.26-23.39.14:152][994]LogModuleManager: Shutting down and abandoning module WorkspaceMenuStructure (65)
[2015.02.26-23.39.14:152][994]LogModuleManager: Shutting down and abandoning module MessageLog (64)
[2015.02.26-23.39.14:152][994]LogModuleManager: Shutting down and abandoning module Sequencer (63)
[2015.02.26-23.39.14:152][994]LogModuleManager: Shutting down and abandoning module AssetTools (62)
[2015.02.26-23.39.14:152][994]LogModuleManager: Shutting down and abandoning module UMGEditor (61)
[2015.02.26-23.39.14:152][994]LogModuleManager: Shutting down and abandoning module UMG (60)
[2015.02.26-23.39.14:152][994]LogModuleManager: Shutting down and abandoning module Slate (59)
[2015.02.26-23.39.14:152][994]LogModuleManager: Shutting down and abandoning module EditorStyle (58)
[2015.02.26-23.39.14:156][994]LogModuleManager: Shutting down and abandoning module SessionServices (57)
[2015.02.26-23.39.14:156][994]LogModuleManager: Shutting down and abandoning module SourceCodeAccess (56)
[2015.02.26-23.39.14:156][994]LogModuleManager: Shutting down and abandoning module HeadMountedDisplay (55)
[2015.02.26-23.39.14:157][994]LogModuleManager: Shutting down and abandoning module XAudio2 (54)
[2015.02.26-23.39.14:157][994]LogModuleManager: Shutting down and abandoning module Networking (52)
[2015.02.26-23.39.14:157][994]LogModuleManager: Shutting down and abandoning module Core (51)
[2015.02.26-23.39.14:157][994]LogModuleManager: Shutting down and abandoning module KismetCompiler (50)
[2015.02.26-23.39.14:157][994]LogModuleManager: Shutting down and abandoning module PhysXFormats (49)
[2015.02.26-23.39.14:157][994]LogModuleManager: Shutting down and abandoning module MeshUtilities (48)
[2015.02.26-23.39.14:157][994]LogModuleManager: Shutting down and abandoning module DerivedDataCache (47)
[2015.02.26-23.39.14:173][994]LogDerivedDataCache: Shutdown
[2015.02.26-23.39.14:173][994]LogModuleManager: Shutting down and abandoning module ShaderFormatOpenGL (46)
[2015.02.26-23.39.14:173][994]LogModuleManager: Shutting down and abandoning module ShaderFormatD3D (45)
[2015.02.26-23.39.14:173][994]LogModuleManager: Shutting down and abandoning module MetalShaderFormat (44)
[2015.02.26-23.39.14:173][994]LogModuleManager: Shutting down and abandoning module TextureFormatUncompressed (43)
[2015.02.26-23.39.14:173][994]LogModuleManager: Shutting down and abandoning module TextureFormatPVR (42)
[2015.02.26-23.39.14:173][994]LogModuleManager: Shutting down and abandoning module TextureFormatDXT (41)
[2015.02.26-23.39.14:173][994]LogModuleManager: Shutting down and abandoning module TextureFormatAndroid (40)
[2015.02.26-23.39.14:173][994]LogModuleManager: Shutting down and abandoning module AudioFormatOpus (39)
[2015.02.26-23.39.14:173][994]LogModuleManager: Shutting down and abandoning module AudioFormatOgg (38)
[2015.02.26-23.39.14:173][994]LogModuleManager: Shutting down and abandoning module AudioFormatADPCM (37)
[2015.02.26-23.39.14:173][994]LogModuleManager: Shutting down and abandoning module LinuxTargetPlatform (36)
[2015.02.26-23.39.14:173][994]LogModuleManager: Shutting down and abandoning module LinuxServerTargetPlatform (35)
[2015.02.26-23.39.14:173][994]LogModuleManager: Shutting down and abandoning module LinuxNoEditorTargetPlatform (34)
[2015.02.26-23.39.14:173][994]LogModuleManager: Shutting down and abandoning module Messaging (33)
[2015.02.26-23.39.14:173][994]LogModuleManager: Shutting down and abandoning module IOSTargetPlatform (32)
[2015.02.26-23.39.14:173][994]LogModuleManager: Shutting down and abandoning module Android_PVRTCTargetPlatform (31)
[2015.02.26-23.39.14:173][994]LogModuleManager: Shutting down and abandoning module Android_ETC2TargetPlatform (30)
[2015.02.26-23.39.14:173][994]LogModuleManager: Shutting down and abandoning module Android_ETC1TargetPlatform (29)
[2015.02.26-23.39.14:173][994]LogModuleManager: Shutting down and abandoning module Android_DXTTargetPlatform (28)
[2015.02.26-23.39.14:173][994]LogModuleManager: Shutting down and abandoning module Android_ATCTargetPlatform (27)
[2015.02.26-23.39.14:173][994]LogModuleManager: Shutting down and abandoning module AndroidTargetPlatform (26)
[2015.02.26-23.39.14:173][994]LogModuleManager: Shutting down and abandoning module WindowsTargetPlatform (25)
[2015.02.26-23.39.14:173][994]LogModuleManager: Shutting down and abandoning module WindowsServerTargetPlatform (24)
[2015.02.26-23.39.14:173][994]LogModuleManager: Shutting down and abandoning module WindowsNoEditorTargetPlatform (23)
[2015.02.26-23.39.14:173][994]LogModuleManager: Shutting down and abandoning module WindowsClientTargetPlatform (22)
[2015.02.26-23.39.14:173][994]LogModuleManager: Shutting down and abandoning module TargetPlatform (21)
[2015.02.26-23.39.14:173][994]LogModuleManager: Shutting down and abandoning module InputCore (20)
[2015.02.26-23.39.14:173][994]LogModuleManager: Shutting down and abandoning module Settings (19)
[2015.02.26-23.39.14:173][994]LogModuleManager: Shutting down and abandoning module ImageWrapper (18)
[2015.02.26-23.39.14:173][994]LogModuleManager: Shutting down and abandoning module OculusRift (15)
[2015.02.26-23.39.14:173][994]LogModuleManager: Shutting down and abandoning module ExampleDeviceProfileSelector (14)
[2015.02.26-23.39.14:173][994]LogModuleManager: Shutting down and abandoning module TextureCompressor (13)
[2015.02.26-23.39.14:173][994]LogModuleManager: Shutting down and abandoning module ShaderCore (12)
[2015.02.26-23.39.14:173][994]LogModuleManager: Shutting down and abandoning module Landscape (11)
[2015.02.26-23.39.14:173][994]LogModuleManager: Shutting down and abandoning module SlateRHIRenderer (10)
[2015.02.26-23.39.14:176][994]LogModuleManager: Shutting down and abandoning module OpenGLDrv (9)
[2015.02.26-23.39.14:176][994]LogModuleManager: Shutting down and abandoning module D3D11RHI (8)
[2015.02.26-23.39.14:176][994]LogModuleManager: Shutting down and abandoning module Renderer (7)
[2015.02.26-23.39.14:176][994]LogModuleManager: Shutting down and abandoning module Engine (6)
[2015.02.26-23.39.14:176][994]LogModuleManager: Shutting down and abandoning module CoreUObject (5)
[2015.02.26-23.39.14:176][994]LogModuleManager: Shutting down and abandoning module NetworkFile (4)
[2015.02.26-23.39.14:177][994]LogModuleManager: Shutting down and abandoning module StreamingFile (3)
[2015.02.26-23.39.14:177][994]LogModuleManager: Shutting down and abandoning module SandboxFile (2)
[2015.02.26-23.39.14:177][994]LogModuleManager: Shutting down and abandoning module PakFile (1)
[2015.02.26-23.39.14:177][994]LogExit: Exiting.
[2015.02.26-23.39.14:199][994]Log file closed, 02/27/15 00:39:14
