Log file open, 02/26/15 23:44:27
LogInit:Display: Running engine for game: Blindness
LogInit: Version: 4.6.1-2386410+++depot+UE4-Releases+4.6
LogInit: API Version: 2369412
LogInit: Compiled (64-bit): Dec 11 2014 21:31:39
LogInit: Compiled with Visual C++: 18.00.21005.01
LogInit: Build Configuration: Development
LogInit: Branch Name: ++depot+UE4-Releases+4.6
LogInit: Command line: 
LogInit: Base directory: C:/Program Files/Epic Games/4.6/Engine/Binaries/Win64/
LogInit: Rocket: 1
[2015.02.26-22.44.27:107][  0]LogTaskGraph: Started task graph with 3 named threads and 6 total threads.
[2015.02.26-22.44.27:162][  0]LogOnline:Warning: No default platform service specified for OnlineSubsystem
[2015.02.26-22.44.27:186][  0]LogInit: Presizing for 0 objects not considered by GC, pre-allocating 0 bytes.
[2015.02.26-22.44.27:199][  0]LogInit: Object subsystem initialized
[2015.02.26-22.44.27:202][  0]LogConsoleResponse:Warning: Skipping Unknown console variable: 'UIScaleRule = ShortestSide'
[2015.02.26-22.44.27:202][  0]LogConsoleResponse:Warning:   Found in ini file 'C:/Users/Edi/Documents/Unreal Projects/Blindness-dev/Saved/Config/Windows/Engine.ini', in section '[/Script/Engine.RendererSettings]'
[2015.02.26-22.44.27:202][  0]LogConsoleResponse:Warning: Skipping Unknown console variable: 'UIScaleCurve = (EditorCurveData=(Keys=),ExternalCurve=None)'
[2015.02.26-22.44.27:202][  0]LogConsoleResponse:Warning:   Found in ini file 'C:/Users/Edi/Documents/Unreal Projects/Blindness-dev/Saved/Config/Windows/Engine.ini', in section '[/Script/Engine.RendererSettings]'
[2015.02.26-22.44.27:202][  0]LogConsoleManager:Warning: Console variable 'r.MSAA.CompositingSampleCount' wasn't set (Priority ProjectSetting < Scalability)
[2015.02.26-22.44.27:202][  0]LogInit: Selected Device Profile: [Windows]
[2015.02.26-22.44.27:202][  0]LogInit: Applying CVar settings loaded from the selected device profile: [Windows]
[2015.02.26-22.44.27:221][  0]LogInit: Computer: LETO
[2015.02.26-22.44.27:221][  0]LogInit: User: Edi
[2015.02.26-22.44.27:221][  0]LogInit: CPU Page size=4096, Cores=4
[2015.02.26-22.44.27:221][  0]LogInit: High frequency timer resolution =2.571676 MHz
[2015.02.26-22.44.27:221][  0]LogMemory: Memory total: Physical=12.0GB (12GB approx) Virtual=131072.0GB
[2015.02.26-22.44.27:221][  0]LogMemory: Platform Memory Stats for Windows
[2015.02.26-22.44.27:221][  0]LogMemory: Process Physical Memory: 49.00 MB used, 49.00 MB peak
[2015.02.26-22.44.27:222][  0]LogMemory: Process Virtual Memory: 24.20 MB used, 24.20 MB peak
[2015.02.26-22.44.27:222][  0]LogMemory: Physical Memory: 4197.95 MB used, 12279.11 MB total
[2015.02.26-22.44.27:222][  0]LogMemory: Virtual Memory: 273.70 MB used, 134217728.00 MB total
[2015.02.26-22.44.27:235][  0]LogD3D11RHI: Found D3D11 adapter 0: AMD Radeon HD 5800 Series (Feature Level 11_0)
[2015.02.26-22.44.27:235][  0]LogD3D11RHI: Adapter has 1010MB of dedicated video memory, 0MB of dedicated system memory, and 3840MB of shared system memory, 2 output[s]
[2015.02.26-22.44.27:236][  0]LogD3D11RHI: Found D3D11 adapter 1: Microsoft Basic Render Driver (Feature Level 11_0)
[2015.02.26-22.44.27:236][  0]LogD3D11RHI: Adapter has 0MB of dedicated video memory, 0MB of dedicated system memory, and 256MB of shared system memory, 0 output[s]
[2015.02.26-22.44.27:236][  0]LogD3D11RHI: Chosen D3D11 Adapter Id = 0
[2015.02.26-22.44.27:240][  0]LogRHI: Texture pool is 707 MB (70% of 1010 MB)
[2015.02.26-22.44.27:246][  0]LogD3D11RHI: Async texture creation disabled: no driver support
[2015.02.26-22.44.27:300][  0]LogTextLocalizationManager: The requested culture ('hr_HR') has no localization data; falling back to 'en' for localization and internationalization data.
[2015.02.26-22.44.27:545][  0]LogContentStreaming: Texture pool size is 0.000000MB
[2015.02.26-22.44.35:898][  0]LogTargetPlatformManager:Display: Building Assets For Windows
[2015.02.26-22.44.36:503][  0]LogTargetPlatformManager:Display: Building Assets For Windows
[2015.02.26-22.44.36:576][  0]LogDerivedDataCache:Display: Max Cache Size: 512 MB
[2015.02.26-22.44.36:625][  0]LogDerivedDataCache: Loaded boot cache 0.05s 39MB C:/Users/Edi/AppData/Local/UnrealEngine/4.6/DerivedDataCache/Boot.ddc.
[2015.02.26-22.44.36:625][  0]LogDerivedDataCache:Display: Loaded Boot cache: C:/Users/Edi/AppData/Local/UnrealEngine/4.6/DerivedDataCache/Boot.ddc
[2015.02.26-22.44.36:625][  0]LogDerivedDataCache: FDerivedDataBackendGraph:  Pak pak cache file ../../../../../../Users/Edi/Documents/Unreal Projects/Blindness-dev/DerivedDataCache/DDC.ddp not found, will not use a pak cache.
[2015.02.26-22.44.36:625][  0]LogDerivedDataCache: Unable to find inner node Pak for hierarchical cache Hierarchy.
[2015.02.26-22.44.36:725][  0]LogDerivedDataCache:Display: Pak cache opened for reading ../../../Engine/DerivedDataCache/DDC.ddp.
[2015.02.26-22.44.36:738][  0]LogDerivedDataCache: Using Local data cache path C:/Users/Edi/AppData/Local/UnrealEngine/Common/DerivedDataCache: Writable
[2015.02.26-22.44.36:916][  0]LogCollisionProfile:Warning: Profile (UI) - Custom Channel Name = 'Weapon' hasn't been found
[2015.02.26-22.44.37:121][  0]LogMeshUtilities: No automatic mesh reduction module available
[2015.02.26-22.44.37:121][  0]LogMeshUtilities: No automatic mesh merging module available
[2015.02.26-22.44.37:586][  0]LogInit: WinSock: version 1.1 (2.2), MaxSocks=32767, MaxUdp=65467
[2015.02.26-22.44.37:664][  0]LogSlate:Warning: Failed to load font data from '../../../Engine/Content/Slate/Fonts/Roboto-Italic.ttf'
[2015.02.26-22.44.38:705][  0]UdpMessaging: Initializing bridge on interface 0.0.0.0:0 to multicast group 230.0.0.1:6666.
[2015.02.26-22.44.38:895][  0]LogDirectoryWatcher:Warning: Failed to begin reading directory changes for C:/Users/Edi/Documents/Unreal Projects/Blindness-dev/Binaries/Win64. Error: 0
[2015.02.26-22.44.39:090][  0]SourceControl: Info Source control is disabled
[2015.02.26-22.44.39:090][  0]SourceControl: Info Source control is disabled
[2015.02.26-22.44.39:100][  0]SourceControl: Info Source control is disabled
[2015.02.26-22.44.39:253][  0]LogObj: 23754 objects as part of root set at end of initial load.
[2015.02.26-22.44.39:253][  0]LogUObjectAllocator: 5168136 out of 0 bytes used by permanent object pool.
[2015.02.26-22.44.39:327][  0]LogEngine: Initializing Engine...
[2015.02.26-22.44.39:528][  0]LogInit: XAudio2 using 'Speakers (Realtek High Definition Audio)' : 2 channels at 48 kHz using 32 bits per sample (channel mask 0x3)
[2015.02.26-22.44.39:536][  0]LogInit: FAudioDevice initialized.
[2015.02.26-22.44.39:561][  0]LogAIModule: Creating AISystem for world NewWorld
[2015.02.26-22.44.39:585][  0]LogDerivedDataCache: Saved boot cache 0.02s 39MB C:/Users/Edi/AppData/Local/UnrealEngine/4.6/DerivedDataCache/Boot.ddc.
[2015.02.26-22.44.39:593][  0]LogInit: Texture streaming: Enabled
[2015.02.26-22.44.39:628][  0]LogAnalytics: Creating configured Analytics provider AnalyticsET
[2015.02.26-22.44.39:628][  0]LogAnalytics: ET APIKey = Rocket.Release. APIServer = http://et2.epicgames.com/ET2/. AppVersion = 4.6.1-2386410+++depot+UE4-Releases+4.6
[2015.02.26-22.44.39:628][  0]LogAnalytics: SetUserId 88699552893175d1deffbf43a256080f
[2015.02.26-22.44.39:628][  0]LogAnalytics: AnalyticsET::StartSession [Rocket.Release]
[2015.02.26-22.44.39:652][  0]LogInit: Transaction tracking system initialized
[2015.02.26-22.44.39:772][  0]BlueprintLog: New page: Editor Load
[2015.02.26-22.44.39:807][  0]LogAssetRegistry: FAssetRegistry took 0.0111 seconds to start up
[2015.02.26-22.44.39:807][  0]LogDirectoryWatcher:Warning: Failed to begin reading directory changes for ../../../Engine/Plugins/Experimental/CharacterAI/Content/. Error: 0
[2015.02.26-22.44.40:448][  0]LogTargetPlatformManager:Display: Building Assets For Windows
[2015.02.26-22.44.40:947][  0]LogTargetPlatformManager:Display: Building Assets For Windows
[2015.02.26-22.44.41:175][  0]LogConsoleResponse:Display: 
[2015.02.26-22.44.41:239][  0]LogLinker:Warning: Asset '../../../Engine/Content/Functions/Engine_MaterialFunctions03/Procedurals/ComputeFilterWidth.uasset' has been saved with empty engine version. The asset will be loaded but may be incompatible.
[2015.02.26-22.44.41:494][  0]SourceControl: Info Source control is disabled
[2015.02.26-22.45.47:438][  0]Cmd: MAP LOAD FILE="../../../../../../Users/Edi/Documents/Unreal Projects/Blindness-dev/Content/Maps/Example_Map.umap" TEMPLATE=0 SHOWPROGRESS=1
[2015.02.26-22.45.47:439][  0]LightingResults: New page: Lighting Build
[2015.02.26-22.45.47:453][  0]MapCheck: New page: Map Check
[2015.02.26-22.45.47:453][  0]LightingResults: New page: Lighting Build
[2015.02.26-22.45.47:467][  0]LogParticles: Destroying 0 GPU particle simulations for FXSystem 0x000000CB7356BE20
[2015.02.26-22.45.48:316][  0]LogEditorServer: Finished looking for orphan Actors (0.000 secs)
[2015.02.26-22.45.48:316][  0]LogAIModule: Creating AISystem for world Example_Map
[2015.02.26-22.45.48:316][  0]Cmd: MAP CHECKDEP
[2015.02.26-22.45.48:317][  0]MapCheck: New page: Example_Map - Feb 27, 2015, 12:45:48 AM
[2015.02.26-22.45.48:439][  0]MapCheck: Info Map check complete: 0 Error(s), 0 Warning(s), took 122.895ms to complete.
[2015.02.26-22.45.48:440][  0]LogFileHelpers: Loading map 'Example_Map' took 1.002
[2015.02.26-22.45.48:591][  0]LogStats:Warning: MetaData mismatch. Did you assign a stat to two groups? New //STATGROUP_Threads//SplashScreenThread///Thread_cc4_0///////STATCAT_Advanced//// old //STATGROUP_Threads//SplashScreenThread///Thread_1d84_0///////STATCAT_Advanced////
[2015.02.26-22.45.48:591][  0]LogCollectionManager: Loaded 0 collections in 0.001469 seconds
[2015.02.26-22.45.48:797][  0]LogCrashTracker: Crashtracker disabled due to settings.
[2015.02.26-22.45.48:804][  0]LogUObjectGlobals:Warning: Failed to find object 'Class None.'
[2015.02.26-22.45.48:837][  0]LogLoad: Full Startup: 84.29 seconds (BP compile: 0.06 seconds)
[2015.02.26-22.45.48:852][  0]LogContentBrowser:Verbose: The content browser source was changed by the sources view to '/Game/Meshes'
[2015.02.26-22.45.49:062][  0]LogRenderer:Warning: Reallocating scene render targets to support 1520x1264.
[2015.02.26-22.45.49:631][  4]LogAssetRegistry: Asset discovery search completed in 69.8355 seconds
[2015.02.26-22.45.55:889][240]LogLinker:Warning: Asset '../../../../../../Users/Edi/Documents/Unreal Projects/Blindness-dev/Content/Blueprints/MyProjectile.uasset' has been saved with empty engine version. The asset will be loaded but may be incompatible.
[2015.02.26-22.45.56:107][240]LogAnimation:Warning: UAnimMontage::PostLoad: The actual sequence length for montage FPP_Fire_Montage does not match the length stored in the asset, please resave the montage asset.
[2015.02.26-22.45.57:290][240]LogPropertyNode:Warning: UI Min (0.001) >= UI Max () for Ranged Numeric
[2015.02.26-22.45.57:294][240]LogPropertyNode:Warning: UI Min (0.001) >= UI Max () for Ranged Numeric
[2015.02.26-22.45.57:373][240]LogPropertyNode:Warning: UI Min (0.001) >= UI Max () for Ranged Numeric
[2015.02.26-22.45.57:374][240]LogPropertyNode:Warning: UI Min (0.001) >= UI Max () for Ranged Numeric
[2015.02.26-22.46.18:796][100]BlueprintLog: New page: Compile SoundSpotlight
[2015.02.26-22.46.18:891][100]BlueprintEditorCompileResults: Info [0114.34] Compile of SoundSpotlight successful! [in 92 ms]
[2015.02.26-22.48.06:510][684]BlueprintLog: New page: Compile SoundSpotlight
[2015.02.26-22.48.06:599][684]BlueprintEditorCompileResults: Info [0222.05] Compile of SoundSpotlight successful! [in 78 ms]
[2015.02.26-22.48.08:340][741]BlueprintLog: New page: Pre-PIE auto-recompile
[2015.02.26-22.48.08:344][741]LogPlayLevel: [PIE] Compiling Tutorial_BP_MacroLib before PIE...
[2015.02.26-22.48.08:416][741]LogPlayLevel: PIE:  Blueprint regeneration took 76 ms (1 blueprints)
[2015.02.26-22.48.08:416][741]PIE: New page: PIE session: Example_Map (Feb 27, 2015, 12:48:08 AM)
[2015.02.26-22.48.08:423][741]LogPlayLevel: PIE: StaticDuplicateObject took: (0.006173s)
[2015.02.26-22.48.08:424][741]LogPlayLevel: PIE: World Init took: (0.000812s)
[2015.02.26-22.48.08:424][741]LogPlayLevel: PIE: Created PIE world by copying editor world from /Game/Maps/Example_Map.Example_Map to /Game/Maps/UEDPIE_0_Example_Map.Example_Map (0.007183s)
[2015.02.26-22.48.08:532][741]BlueprintLog:Warning: Warning Blueprint MyHUD has been migrated and requires re-saving to avoid import errors
[2015.02.26-22.48.08:544][741]BlueprintLog:Warning: Warning Blueprint MyGame has been migrated and requires re-saving to avoid import errors
[2015.02.26-22.48.08:557][741]LogWorld: Game class is 'MyGame_C'
[2015.02.26-22.48.08:560][741]LogAIModule: Creating AISystem for world Example_Map
[2015.02.26-22.48.08:564][741]LogWorld: Bringing World /Game/Maps/UEDPIE_0_Example_Map.Example_Map up for play (max tick rate 0) at 2015.02.26-23.48.08
[2015.02.26-22.48.08:565][741]LogWorld: Bringing up level for play took: 0.005201
[2015.02.26-22.48.08:568][741]PIE: Info Play in editor start time for /Game/Maps/UEDPIE_0_Example_Map -0.748
[2015.02.26-22.48.16:068][ 39]LogParticles: Destroying 0 GPU particle simulations for FXSystem 0x000000CB003DCE00
[2015.02.26-22.48.19:482][145]Cmd: OBJ SAVEPACKAGE PACKAGE="/Game/Blueprints/SoundSpotlight" FILE="../../../../../../Users/Edi/Documents/Unreal Projects/Blindness-dev/Content/Blueprints/SoundSpotlight.uasset" SILENT=true
[2015.02.26-22.48.19:508][145]LogSavePackage: Save=13.160678ms
[2015.02.26-22.48.19:508][145]LogSavePackage: Moving '../../../../../../Users/Edi/Documents/Unreal Projects/Blindness-dev/Saved/SoundSpotlight86021047481DBDD38F235799F23067D4.tmp' to '../../../../../../Users/Edi/Documents/Unreal Projects/Blindness-dev/Content/Blueprints/SoundSpotlight.uasset'
[2015.02.26-22.50.00:549][902]BlueprintLog: New page: Compile MyCharacter
[2015.02.26-22.50.00:628][902]LogPropertyNode:Warning: UI Min (0.001) >= UI Max () for Ranged Numeric
[2015.02.26-22.50.00:629][902]LogPropertyNode:Warning: UI Min (0.001) >= UI Max () for Ranged Numeric
[2015.02.26-22.50.00:772][902]LogPropertyNode:Warning: UI Min (0.001) >= UI Max () for Ranged Numeric
[2015.02.26-22.50.00:773][902]LogPropertyNode:Warning: UI Min (0.001) >= UI Max () for Ranged Numeric
[2015.02.26-22.50.00:806][902]BlueprintEditorCompileResults: Info [0336.26] Compile of MyCharacter successful! [in 232 ms]
[2015.02.26-22.50.08:033][136]BlueprintLog: New page: Compile MyCharacter
[2015.02.26-22.50.08:110][136]LogPropertyNode:Warning: UI Min (0.001) >= UI Max () for Ranged Numeric
[2015.02.26-22.50.08:111][136]LogPropertyNode:Warning: UI Min (0.001) >= UI Max () for Ranged Numeric
[2015.02.26-22.50.08:256][136]LogPropertyNode:Warning: UI Min (0.001) >= UI Max () for Ranged Numeric
[2015.02.26-22.50.08:257][136]LogPropertyNode:Warning: UI Min (0.001) >= UI Max () for Ranged Numeric
[2015.02.26-22.50.08:291][136]BlueprintEditorCompileResults: Info [0343.74] Compile of MyCharacter successful! [in 234 ms]
[2015.02.26-22.50.08:886][154]Cmd: OBJ SAVEPACKAGE PACKAGE="/Game/Blueprints/MyCharacter" FILE="../../../../../../Users/Edi/Documents/Unreal Projects/Blindness-dev/Content/Blueprints/MyCharacter.uasset" SILENT=true
[2015.02.26-22.50.09:309][154]LogSavePackage: Save=410.149658ms
[2015.02.26-22.50.09:309][154]LogSavePackage: Moving '../../../../../../Users/Edi/Documents/Unreal Projects/Blindness-dev/Saved/MyCharacterC8DDEEFB4CF2CEE0F438E6BCE235FEFC.tmp' to '../../../../../../Users/Edi/Documents/Unreal Projects/Blindness-dev/Content/Blueprints/MyCharacter.uasset'
[2015.02.26-22.50.31:588][510]LogPlayLevel: PIE:  No blueprints needed recompiling
[2015.02.26-22.50.31:589][510]PIE: New page: PIE session: Example_Map (Feb 27, 2015, 12:50:31 AM)
[2015.02.26-22.50.31:595][510]LogPlayLevel: PIE: StaticDuplicateObject took: (0.006267s)
[2015.02.26-22.50.31:596][510]LogPlayLevel: PIE: World Init took: (0.000771s)
[2015.02.26-22.50.31:596][510]LogPlayLevel: PIE: Created PIE world by copying editor world from /Game/Maps/Example_Map.Example_Map to /Game/Maps/UEDPIE_0_Example_Map.Example_Map (0.007236s)
[2015.02.26-22.50.31:627][510]LogWorld: Game class is 'MyGame_C'
[2015.02.26-22.50.31:629][510]LogAIModule: Creating AISystem for world Example_Map
[2015.02.26-22.50.31:633][510]LogWorld: Bringing World /Game/Maps/UEDPIE_0_Example_Map.Example_Map up for play (max tick rate 0) at 2015.02.26-23.50.31
[2015.02.26-22.50.31:634][510]LogWorld: Bringing up level for play took: 0.004924
[2015.02.26-22.50.31:637][510]PIE: Info Play in editor start time for /Game/Maps/UEDPIE_0_Example_Map 0.321
[2015.02.26-22.50.43:398][ 85]LogActorComponent: UnregisterComponent: (/Engine/Transient.CharacterMovementComponent_0) Not registered. Aborting.
[2015.02.26-22.50.43:418][ 85]LogParticles: Destroying 0 GPU particle simulations for FXSystem 0x000000CB0A5498A0
[2015.02.26-22.50.58:669][650]BlueprintLog: New page: Compile SoundSpotlight
[2015.02.26-22.50.58:816][650]LogPropertyNode:Warning: UI Min (0.001) >= UI Max () for Ranged Numeric
[2015.02.26-22.50.58:817][650]LogPropertyNode:Warning: UI Min (0.001) >= UI Max () for Ranged Numeric
[2015.02.26-22.50.58:852][650]BlueprintEditorCompileResults: Info [0394.30] Compile of SoundSpotlight successful! [in 178 ms]
[2015.02.26-22.50.59:234][663]Cmd: OBJ SAVEPACKAGE PACKAGE="/Game/Blueprints/SoundSpotlight" FILE="../../../../../../Users/Edi/Documents/Unreal Projects/Blindness-dev/Content/Blueprints/SoundSpotlight.uasset" SILENT=true
[2015.02.26-22.50.59:256][663]LogSavePackage: Save=12.352256ms
[2015.02.26-22.50.59:256][663]LogSavePackage: Moving '../../../../../../Users/Edi/Documents/Unreal Projects/Blindness-dev/Saved/SoundSpotlightFD5297624AD4F6F580A2EFA3B97D986A.tmp' to '../../../../../../Users/Edi/Documents/Unreal Projects/Blindness-dev/Content/Blueprints/SoundSpotlight.uasset'
[2015.02.26-22.51.00:549][707]BlueprintLog: New page: Pre-PIE auto-recompile
[2015.02.26-22.51.00:611][707]LogPropertyNode:Warning: UI Min (0.001) >= UI Max () for Ranged Numeric
[2015.02.26-22.51.00:612][707]LogPropertyNode:Warning: UI Min (0.001) >= UI Max () for Ranged Numeric
[2015.02.26-22.51.00:647][707]LogPlayLevel: [PIE] Compiling MyCharacter before PIE...
[2015.02.26-22.51.00:725][707]LogPropertyNode:Warning: UI Min (0.001) >= UI Max () for Ranged Numeric
[2015.02.26-22.51.00:727][707]LogPropertyNode:Warning: UI Min (0.001) >= UI Max () for Ranged Numeric
[2015.02.26-22.51.00:884][707]LogPropertyNode:Warning: UI Min (0.001) >= UI Max () for Ranged Numeric
[2015.02.26-22.51.00:885][707]LogPropertyNode:Warning: UI Min (0.001) >= UI Max () for Ranged Numeric
[2015.02.26-22.51.00:947][707]LogPlayLevel: PIE:  Blueprint regeneration took 397 ms (1 blueprints)
[2015.02.26-22.51.00:947][707]PIE: New page: PIE session: Example_Map (Feb 27, 2015, 12:51:00 AM)
[2015.02.26-22.51.00:954][707]LogPlayLevel: PIE: StaticDuplicateObject took: (0.006629s)
[2015.02.26-22.51.00:955][707]LogPlayLevel: PIE: World Init took: (0.000781s)
[2015.02.26-22.51.00:955][707]LogPlayLevel: PIE: Created PIE world by copying editor world from /Game/Maps/Example_Map.Example_Map to /Game/Maps/UEDPIE_0_Example_Map.Example_Map (0.007613s)
[2015.02.26-22.51.00:990][707]LogWorld: Game class is 'MyGame_C'
[2015.02.26-22.51.00:992][707]LogAIModule: Creating AISystem for world Example_Map
[2015.02.26-22.51.00:996][707]LogWorld: Bringing World /Game/Maps/UEDPIE_0_Example_Map.Example_Map up for play (max tick rate 0) at 2015.02.26-23.51.00
[2015.02.26-22.51.00:997][707]LogWorld: Bringing up level for play took: 0.004934
[2015.02.26-22.51.01:000][707]PIE: Info Play in editor start time for /Game/Maps/UEDPIE_0_Example_Map -0.316
[2015.02.26-22.51.25:904][815]LogParticles: Destroying 0 GPU particle simulations for FXSystem 0x000000CB0D0CB2E0
[2015.02.26-22.53.41:210][508]BlueprintLog: New page: Compile SoundSpotlight
[2015.02.26-22.53.41:383][508]LogPropertyNode:Warning: UI Min (0.001) >= UI Max () for Ranged Numeric
[2015.02.26-22.53.41:384][508]LogPropertyNode:Warning: UI Min (0.001) >= UI Max () for Ranged Numeric
[2015.02.26-22.53.41:421][508]BlueprintEditorCompileResults: Info [0556.87] Compile of SoundSpotlight successful! [in 206 ms]
[2015.02.26-22.54.34:397][987]BlueprintLog: New page: Compile SoundSpotlight
[2015.02.26-22.54.34:589][987]LogPropertyNode:Warning: UI Min (0.001) >= UI Max () for Ranged Numeric
[2015.02.26-22.54.34:590][987]LogPropertyNode:Warning: UI Min (0.001) >= UI Max () for Ranged Numeric
[2015.02.26-22.54.34:625][987]BlueprintEditorCompileResults: Info [0610.08] Compile of SoundSpotlight successful! [in 224 ms]
[2015.02.26-22.54.36:368][ 57]BlueprintLog: New page: Pre-PIE auto-recompile
[2015.02.26-22.54.36:489][ 57]LogPropertyNode:Warning: UI Min (0.001) >= UI Max () for Ranged Numeric
[2015.02.26-22.54.36:491][ 57]LogPropertyNode:Warning: UI Min (0.001) >= UI Max () for Ranged Numeric
[2015.02.26-22.54.36:526][ 57]LogPlayLevel: [PIE] Compiling MyCharacter before PIE...
[2015.02.26-22.54.36:603][ 57]LogPropertyNode:Warning: UI Min (0.001) >= UI Max () for Ranged Numeric
[2015.02.26-22.54.36:605][ 57]LogPropertyNode:Warning: UI Min (0.001) >= UI Max () for Ranged Numeric
[2015.02.26-22.54.36:819][ 57]LogPropertyNode:Warning: UI Min (0.001) >= UI Max () for Ranged Numeric
[2015.02.26-22.54.36:820][ 57]LogPropertyNode:Warning: UI Min (0.001) >= UI Max () for Ranged Numeric
[2015.02.26-22.54.36:880][ 57]LogPlayLevel: PIE:  Blueprint regeneration took 511 ms (1 blueprints)
[2015.02.26-22.54.36:881][ 57]PIE: New page: PIE session: Example_Map (Feb 27, 2015, 12:54:36 AM)
[2015.02.26-22.54.36:887][ 57]LogPlayLevel: PIE: StaticDuplicateObject took: (0.006117s)
[2015.02.26-22.54.36:888][ 57]LogPlayLevel: PIE: World Init took: (0.000790s)
[2015.02.26-22.54.36:888][ 57]LogPlayLevel: PIE: Created PIE world by copying editor world from /Game/Maps/Example_Map.Example_Map to /Game/Maps/UEDPIE_0_Example_Map.Example_Map (0.007112s)
[2015.02.26-22.54.36:920][ 57]LogWorld: Game class is 'MyGame_C'
[2015.02.26-22.54.36:922][ 57]LogAIModule: Creating AISystem for world Example_Map
[2015.02.26-22.54.36:926][ 57]LogWorld: Bringing World /Game/Maps/UEDPIE_0_Example_Map.Example_Map up for play (max tick rate 0) at 2015.02.26-23.54.36
[2015.02.26-22.54.36:927][ 57]LogWorld: Bringing up level for play took: 0.004994
[2015.02.26-22.54.36:930][ 57]PIE: Info Play in editor start time for /Game/Maps/UEDPIE_0_Example_Map -0.387
[2015.02.26-22.55.25:448][427]LogParticles: Destroying 0 GPU particle simulations for FXSystem 0x000000CB10F43240
[2015.02.26-22.57.23:747][295]LogSavePackage: Save=41.164207ms
[2015.02.26-22.57.23:747][295]LogSavePackage: Moving '../../../../../../Users/Edi/Documents/Unreal Projects/Blindness-dev/Saved/Example_Map_Auto1586970E244D921AF517A25A4B258E107.tmp' to '../../../../../../Users/Edi/Documents/Unreal Projects/Blindness-dev/Saved/Autosaves/Game/Maps/Example_Map_Auto1.umap'
[2015.02.26-22.57.23:756][295]LogFileHelpers: Editor autosave (incl. sublevels) for '/Game/Maps/Example_Map' took 0.131
[2015.02.26-22.57.23:756][295]LogFileHelpers: Editor autosave (incl. sublevels) for all levels took 0.131
[2015.02.26-22.57.23:769][295]OBJ SavePackage: Generating thumbnails for [0] asset(s) in package [/Game/Blueprints/SoundSpotlight] ([1] browsable assets)...
[2015.02.26-22.57.23:769][295]OBJ SavePackage: Finished generating thumbnails for package [/Game/Blueprints/SoundSpotlight]
[2015.02.26-22.57.23:837][295]LogSavePackage: Save=52.582829ms
[2015.02.26-22.57.23:837][295]LogSavePackage: Moving '../../../../../../Users/Edi/Documents/Unreal Projects/Blindness-dev/Saved/SoundSpotlight_Auto152B255CA492E25CE6A04F781098ED049.tmp' to '../../../../../../Users/Edi/Documents/Unreal Projects/Blindness-dev/Saved/Autosaves/Game/Blueprints/SoundSpotlight_Auto1.uasset'
[2015.02.26-22.57.23:846][295]LogFileHelpers: Auto-saving content packages took 0.090
[2015.02.26-22.58.15:501][274]BlueprintLog: New page: Compile SoundSpotlight
[2015.02.26-22.58.15:733][274]LogPropertyNode:Warning: UI Min (0.001) >= UI Max () for Ranged Numeric
[2015.02.26-22.58.15:734][274]LogPropertyNode:Warning: UI Min (0.001) >= UI Max () for Ranged Numeric
[2015.02.26-22.58.15:769][274]BlueprintEditorCompileResults: Info [0831.22] Compile of SoundSpotlight successful! [in 262 ms]
[2015.02.26-22.58.16:846][320]BlueprintLog: New page: Pre-PIE auto-recompile
[2015.02.26-22.58.17:011][320]LogPropertyNode:Warning: UI Min (0.001) >= UI Max () for Ranged Numeric
[2015.02.26-22.58.17:012][320]LogPropertyNode:Warning: UI Min (0.001) >= UI Max () for Ranged Numeric
[2015.02.26-22.58.17:046][320]LogPlayLevel: [PIE] Compiling MyCharacter before PIE...
[2015.02.26-22.58.17:123][320]LogPropertyNode:Warning: UI Min (0.001) >= UI Max () for Ranged Numeric
[2015.02.26-22.58.17:124][320]LogPropertyNode:Warning: UI Min (0.001) >= UI Max () for Ranged Numeric
[2015.02.26-22.58.17:380][320]LogPropertyNode:Warning: UI Min (0.001) >= UI Max () for Ranged Numeric
[2015.02.26-22.58.17:381][320]LogPropertyNode:Warning: UI Min (0.001) >= UI Max () for Ranged Numeric
[2015.02.26-22.58.17:441][320]LogPlayLevel: PIE:  Blueprint regeneration took 595 ms (1 blueprints)
[2015.02.26-22.58.17:441][320]PIE: New page: PIE session: Example_Map (Feb 27, 2015, 12:58:17 AM)
[2015.02.26-22.58.17:448][320]LogPlayLevel: PIE: StaticDuplicateObject took: (0.006328s)
[2015.02.26-22.58.17:449][320]LogPlayLevel: PIE: World Init took: (0.000845s)
[2015.02.26-22.58.17:449][320]LogPlayLevel: PIE: Created PIE world by copying editor world from /Game/Maps/Example_Map.Example_Map to /Game/Maps/UEDPIE_0_Example_Map.Example_Map (0.007365s)
[2015.02.26-22.58.17:482][320]LogWorld: Game class is 'MyGame_C'
[2015.02.26-22.58.17:484][320]LogAIModule: Creating AISystem for world Example_Map
[2015.02.26-22.58.17:488][320]LogWorld: Bringing World /Game/Maps/UEDPIE_0_Example_Map.Example_Map up for play (max tick rate 0) at 2015.02.26-23.58.17
[2015.02.26-22.58.17:489][320]LogWorld: Bringing up level for play took: 0.004792
[2015.02.26-22.58.17:491][320]PIE: Info Play in editor start time for /Game/Maps/UEDPIE_0_Example_Map 0.175
[2015.02.26-22.58.42:670][457]LogParticles: Destroying 0 GPU particle simulations for FXSystem 0x000000CB0E9B6AC0
[2015.02.26-22.59.06:267][801]BlueprintLog: New page: Compile SoundSpotlight
[2015.02.26-22.59.06:548][801]LogPropertyNode:Warning: UI Min (0.001) >= UI Max () for Ranged Numeric
[2015.02.26-22.59.06:549][801]LogPropertyNode:Warning: UI Min (0.001) >= UI Max () for Ranged Numeric
[2015.02.26-22.59.06:583][801]BlueprintEditorCompileResults: Info [0882.04] Compile of SoundSpotlight successful! [in 311 ms]
[2015.02.26-22.59.17:186][160]BlueprintLog: New page: Compile SoundSpotlight
[2015.02.26-22.59.17:488][160]LogPropertyNode:Warning: UI Min (0.001) >= UI Max () for Ranged Numeric
[2015.02.26-22.59.17:489][160]LogPropertyNode:Warning: UI Min (0.001) >= UI Max () for Ranged Numeric
[2015.02.26-22.59.17:524][160]BlueprintEditorCompileResults: Info [0892.98] Compile of SoundSpotlight successful! [in 332 ms]
[2015.02.26-22.59.20:071][243]BlueprintLog: New page: Pre-PIE auto-recompile
[2015.02.26-22.59.20:292][243]LogPropertyNode:Warning: UI Min (0.001) >= UI Max () for Ranged Numeric
[2015.02.26-22.59.20:293][243]LogPropertyNode:Warning: UI Min (0.001) >= UI Max () for Ranged Numeric
[2015.02.26-22.59.20:327][243]LogPlayLevel: [PIE] Compiling MyCharacter before PIE...
[2015.02.26-22.59.20:405][243]LogPropertyNode:Warning: UI Min (0.001) >= UI Max () for Ranged Numeric
[2015.02.26-22.59.20:406][243]LogPropertyNode:Warning: UI Min (0.001) >= UI Max () for Ranged Numeric
[2015.02.26-22.59.20:721][243]LogPropertyNode:Warning: UI Min (0.001) >= UI Max () for Ranged Numeric
[2015.02.26-22.59.20:722][243]LogPropertyNode:Warning: UI Min (0.001) >= UI Max () for Ranged Numeric
[2015.02.26-22.59.20:781][243]LogPlayLevel: PIE:  Blueprint regeneration took 710 ms (1 blueprints)
[2015.02.26-22.59.20:782][243]PIE: New page: PIE session: Example_Map (Feb 27, 2015, 12:59:20 AM)
[2015.02.26-22.59.20:788][243]LogPlayLevel: PIE: StaticDuplicateObject took: (0.005965s)
[2015.02.26-22.59.20:789][243]LogPlayLevel: PIE: World Init took: (0.000724s)
[2015.02.26-22.59.20:789][243]LogPlayLevel: PIE: Created PIE world by copying editor world from /Game/Maps/Example_Map.Example_Map to /Game/Maps/UEDPIE_0_Example_Map.Example_Map (0.006875s)
[2015.02.26-22.59.20:820][243]LogWorld: Game class is 'MyGame_C'
[2015.02.26-22.59.20:822][243]LogAIModule: