Log file open, 02/22/15 14:50:42
LogInit:Display: Running engine for game: Blindness
LogInit: Version: 4.6.1-2386410+++depot+UE4-Releases+4.6
LogInit: API Version: 2369412
LogInit: Compiled (64-bit): Dec 11 2014 21:31:39
LogInit: Compiled with Visual C++: 18.00.21005.01
LogInit: Build Configuration: Development
LogInit: Branch Name: ++depot+UE4-Releases+4.6
LogInit: Command line: 
LogInit: Base directory: C:/Program Files/Epic Games/4.6/Engine/Binaries/Win64/
LogInit: Rocket: 1
[2015.02.22-13.50.42:038][  0]LogTaskGraph: Started task graph with 3 named threads and 6 total threads.
[2015.02.22-13.50.42:093][  0]LogOnline:Warning: No default platform service specified for OnlineSubsystem
[2015.02.22-13.50.42:117][  0]LogInit: Presizing for 0 objects not considered by GC, pre-allocating 0 bytes.
[2015.02.22-13.50.42:129][  0]LogInit: Object subsystem initialized
[2015.02.22-13.50.42:132][  0]LogConsoleResponse:Warning: Skipping Unknown console variable: 'UIScaleRule = ShortestSide'
[2015.02.22-13.50.42:132][  0]LogConsoleResponse:Warning:   Found in ini file 'C:/Users/Edi/Documents/Unreal Projects/Blindness-dev/Saved/Config/Windows/Engine.ini', in section '[/Script/Engine.RendererSettings]'
[2015.02.22-13.50.42:132][  0]LogConsoleResponse:Warning: Skipping Unknown console variable: 'UIScaleCurve = (EditorCurveData=(Keys=),ExternalCurve=None)'
[2015.02.22-13.50.42:132][  0]LogConsoleResponse:Warning:   Found in ini file 'C:/Users/Edi/Documents/Unreal Projects/Blindness-dev/Saved/Config/Windows/Engine.ini', in section '[/Script/Engine.RendererSettings]'
[2015.02.22-13.50.42:132][  0]LogConsoleManager:Warning: Console variable 'r.MSAA.CompositingSampleCount' wasn't set (Priority ProjectSetting < Scalability)
[2015.02.22-13.50.42:132][  0]LogInit: Selected Device Profile: [Windows]
[2015.02.22-13.50.42:132][  0]LogInit: Applying CVar settings loaded from the selected device profile: [Windows]
[2015.02.22-13.50.42:139][  0]LogInit: Computer: LETO
[2015.02.22-13.50.42:139][  0]LogInit: User: Edi
[2015.02.22-13.50.42:139][  0]LogInit: CPU Page size=4096, Cores=4
[2015.02.22-13.50.42:139][  0]LogInit: High frequency timer resolution =2.571681 MHz
[2015.02.22-13.50.42:139][  0]LogMemory: Memory total: Physical=12.0GB (12GB approx) Virtual=131072.0GB
[2015.02.22-13.50.42:139][  0]LogMemory: Platform Memory Stats for Windows
[2015.02.22-13.50.42:139][  0]LogMemory: Process Physical Memory: 48.94 MB used, 48.94 MB peak
[2015.02.22-13.50.42:139][  0]LogMemory: Process Virtual Memory: 24.20 MB used, 24.21 MB peak
[2015.02.22-13.50.42:139][  0]LogMemory: Physical Memory: 3300.35 MB used, 12279.11 MB total
[2015.02.22-13.50.42:139][  0]LogMemory: Virtual Memory: 273.70 MB used, 134217728.00 MB total
[2015.02.22-13.50.42:153][  0]LogD3D11RHI: Found D3D11 adapter 0: AMD Radeon HD 5800 Series (Feature Level 11_0)
[2015.02.22-13.50.42:153][  0]LogD3D11RHI: Adapter has 1010MB of dedicated video memory, 0MB of dedicated system memory, and 3840MB of shared system memory, 2 output[s]
[2015.02.22-13.50.42:154][  0]LogD3D11RHI: Found D3D11 adapter 1: Microsoft Basic Render Driver (Feature Level 11_0)
[2015.02.22-13.50.42:154][  0]LogD3D11RHI: Adapter has 0MB of dedicated video memory, 0MB of dedicated system memory, and 256MB of shared system memory, 0 output[s]
[2015.02.22-13.50.42:154][  0]LogD3D11RHI: Chosen D3D11 Adapter Id = 0
[2015.02.22-13.50.42:157][  0]LogRHI: Texture pool is 707 MB (70% of 1010 MB)
[2015.02.22-13.50.42:163][  0]LogD3D11RHI: Async texture creation disabled: no driver support
[2015.02.22-13.50.42:217][  0]LogTextLocalizationManager: The requested culture ('hr_HR') has no localization data; falling back to 'en' for localization and internationalization data.
[2015.02.22-13.50.42:444][  0]LogContentStreaming: Texture pool size is 0.000000MB
[2015.02.22-13.50.50:518][  0]LogTargetPlatformManager:Display: Building Assets For Windows
[2015.02.22-13.50.51:124][  0]LogTargetPlatformManager:Display: Building Assets For Windows
[2015.02.22-13.50.51:195][  0]LogDerivedDataCache:Display: Max Cache Size: 512 MB
[2015.02.22-13.50.51:244][  0]LogDerivedDataCache: Loaded boot cache 0.05s 39MB C:/Users/Edi/AppData/Local/UnrealEngine/4.6/DerivedDataCache/Boot.ddc.
[2015.02.22-13.50.51:244][  0]LogDerivedDataCache:Display: Loaded Boot cache: C:/Users/Edi/AppData/Local/UnrealEngine/4.6/DerivedDataCache/Boot.ddc
[2015.02.22-13.50.51:245][  0]LogDerivedDataCache: FDerivedDataBackendGraph:  Pak pak cache file ../../../../../../Users/Edi/Documents/Unreal Projects/Blindness-dev/DerivedDataCache/DDC.ddp not found, will not use a pak cache.
[2015.02.22-13.50.51:245][  0]LogDerivedDataCache: Unable to find inner node Pak for hierarchical cache Hierarchy.
[2015.02.22-13.50.51:335][  0]LogDerivedDataCache:Display: Pak cache opened for reading ../../../Engine/DerivedDataCache/DDC.ddp.
[2015.02.22-13.50.51:347][  0]LogDerivedDataCache: Using Local data cache path C:/Users/Edi/AppData/Local/UnrealEngine/Common/DerivedDataCache: Writable
[2015.02.22-13.50.51:522][  0]LogCollisionProfile:Warning: Profile (UI) - Custom Channel Name = 'Weapon' hasn't been found
[2015.02.22-13.50.51:723][  0]LogMeshUtilities: No automatic mesh reduction module available
[2015.02.22-13.50.51:723][  0]LogMeshUtilities: No automatic mesh merging module available
[2015.02.22-13.50.52:177][  0]LogInit: WinSock: version 1.1 (2.2), MaxSocks=32767, MaxUdp=65467
[2015.02.22-13.50.52:252][  0]LogSlate:Warning: Failed to load font data from '../../../Engine/Content/Slate/Fonts/Roboto-Italic.ttf'
[2015.02.22-13.50.53:289][  0]UdpMessaging: Initializing bridge on interface 0.0.0.0:0 to multicast group 230.0.0.1:6666.
[2015.02.22-13.50.53:480][  0]LogDirectoryWatcher:Warning: Failed to begin reading directory changes for C:/Users/Edi/Documents/Unreal Projects/Blindness-dev/Binaries/Win64. Error: 0
[2015.02.22-13.50.53:673][  0]SourceControl: Info Source control is disabled
[2015.02.22-13.50.53:673][  0]SourceControl: Info Source control is disabled
[2015.02.22-13.50.53:682][  0]SourceControl: Info Source control is disabled
[2015.02.22-13.50.53:836][  0]LogObj: 23754 objects as part of root set at end of initial load.
[2015.02.22-13.50.53:836][  0]LogUObjectAllocator: 5168136 out of 0 bytes used by permanent object pool.
[2015.02.22-13.50.53:910][  0]LogEngine: Initializing Engine...
[2015.02.22-13.50.54:104][  0]LogInit: XAudio2 using 'Speakers (Realtek High Definition Audio)' : 2 channels at 48 kHz using 32 bits per sample (channel mask 0x3)
[2015.02.22-13.50.54:123][  0]LogInit: FAudioDevice initialized.
[2015.02.22-13.50.54:148][  0]LogAIModule: Creating AISystem for world NewWorld
[2015.02.22-13.50.54:171][  0]LogDerivedDataCache: Saved boot cache 0.02s 39MB C:/Users/Edi/AppData/Local/UnrealEngine/4.6/DerivedDataCache/Boot.ddc.
[2015.02.22-13.50.54:179][  0]LogInit: Texture streaming: Enabled
[2015.02.22-13.50.54:213][  0]LogAnalytics: Creating configured Analytics provider AnalyticsET
[2015.02.22-13.50.54:213][  0]LogAnalytics: ET APIKey = Rocket.Release. APIServer = http://et2.epicgames.com/ET2/. AppVersion = 4.6.1-2386410+++depot+UE4-Releases+4.6
[2015.02.22-13.50.54:214][  0]LogAnalytics: SetUserId 88699552893175d1deffbf43a256080f
[2015.02.22-13.50.54:214][  0]LogAnalytics: AnalyticsET::StartSession [Rocket.Release]
[2015.02.22-13.50.54:234][  0]LogInit: Transaction tracking system initialized
[2015.02.22-13.50.54:350][  0]BlueprintLog: New page: Editor Load
[2015.02.22-13.50.54:385][  0]LogAssetRegistry: FAssetRegistry took 0.0108 seconds to start up
[2015.02.22-13.50.54:385][  0]LogDirectoryWatcher:Warning: Failed to begin reading directory changes for ../../../Engine/Plugins/Experimental/CharacterAI/Content/. Error: 0
[2015.02.22-13.50.55:024][  0]LogTargetPlatformManager:Display: Building Assets For Windows
[2015.02.22-13.50.55:511][  0]LogTargetPlatformManager:Display: Building Assets For Windows
[2015.02.22-13.50.55:737][  0]LogConsoleResponse:Display: 
[2015.02.22-13.50.55:810][  0]LogLinker:Warning: Asset '../../../Engine/Content/Functions/Engine_MaterialFunctions03/Procedurals/ComputeFilterWidth.uasset' has been saved with empty engine version. The asset will be loaded but may be incompatible.
[2015.02.22-13.50.56:056][  0]SourceControl: Info Source control is disabled
[2015.02.22-13.50.56:056][  0]Cmd: MAP LOAD FILE="../../../../../../Users/Edi/Documents/Unreal Projects/Blindness-dev/Content/Maps/Example_Map.umap" TEMPLATE=0 SHOWPROGRESS=1
[2015.02.22-13.50.56:105][  0]LightingResults: New page: Lighting Build
[2015.02.22-13.50.56:117][  0]MapCheck: New page: Map Check
[2015.02.22-13.50.56:117][  0]LightingResults: New page: Lighting Build
[2015.02.22-13.50.56:126][  0]LogParticles: Destroying 0 GPU particle simulations for FXSystem 0x00000068FB5D3E20
[2015.02.22-13.50.56:779][  0]LogEditorServer: Finished looking for orphan Actors (0.000 secs)
[2015.02.22-13.50.56:779][  0]LogAIModule: Creating AISystem for world Example_Map
[2015.02.22-13.50.56:779][  0]Cmd: MAP CHECKDEP
[2015.02.22-13.50.56:779][  0]MapCheck: New page: Example_Map - Feb 22, 2015, 3:50:56 PM
[2015.02.22-13.50.56:900][  0]MapCheck: Info Map check complete: 0 Error(s), 0 Warning(s), took 120.546ms to complete.
[2015.02.22-13.50.56:900][  0]LogFileHelpers: Loading map 'Example_Map' took 0.844
[2015.02.22-13.50.57:018][  0]LogCollectionManager: Loaded 0 collections in 0.001287 seconds
[2015.02.22-13.50.57:205][  0]LogCrashTracker: Crashtracker disabled due to settings.
[2015.02.22-13.50.57:212][  0]LogUObjectGlobals:Warning: Failed to find object 'Class None.'
[2015.02.22-13.50.57:241][  0]LogLoad: Full Startup: 17.50 seconds (BP compile: 0.05 seconds)
[2015.02.22-13.50.57:254][  0]LogContentBrowser:Verbose: The content browser source was changed by the sources view to '/Game/Meshes'
[2015.02.22-13.50.57:451][  0]LogRenderer:Warning: Reallocating scene render targets to support 1520x1264.
[2015.02.22-13.50.58:203][  4]LogAssetRegistry: Asset discovery search completed in 3.8293 seconds
[2015.02.22-13.52.15:990][109]LogContentBrowser:Verbose: The content browser source was changed by the sources view to '/Game/Audio'
[2015.02.22-13.56.15:237][228]LogHttp:Warning: Timeout processing Http request. 000000688A98EB00 url=http://et2.epicgames.com/ET2/CollectData.1?SessionID=%7BBCC4F547-4624-8517-E634-A2945A954662%7D&AppID=Rocket.Release&AppVersion=4.6.1-2386410%2B%2B%2Bdepot%2BUE4-Releases%2B4.6&UserID=88699552893175d1deffbf43a256080f&IsEditor=1
[2015.02.22-13.56.15:237][228]LogHttp:Warning: InternetStatusCallbackWinInet: on invalid request 000000688A98EB00. 
[2015.02.22-13.56.15:237][228]LogHttp:Warning: InternetStatusCallbackWinInet: on invalid request 000000688A98EB00. 
[2015.02.22-13.56.15:254][229]LogHttp:Warning: InternetStatusCallbackWinInet: on invalid request 000000688A98EB00. 
[2015.02.22-13.56.15:254][229]LogHttp:Warning: InternetStatusCallbackWinInet: on invalid request 000000688A98EB00. 
[2015.02.22-13.57.40:583][263]LogFactory: FactoryCreateBinary: MediaPlayer with MediaPlayerFactory (0 0 ../../../../../../Users/Edi/Documents/Unreal Projects/Blindness-dev/Content/Audio/Machine_sound-Marianne_Gagnon-88253407.aac)
[2015.02.22-13.57.40:635][263]LogWmfMedia:Error: Failed to set topology in media session
[2015.02.22-13.57.40:638][263]LogWmfMedia:Error: Failed to set topology in media session
[2015.02.22-13.57.40:645][263]LogContentBrowser:Verbose: The content browser source was changed by the sources view to 'None'
[2015.02.22-13.57.40:645][263]LogContentBrowser:Verbose: The content browser source was changed by the sources view to '/Game/Audio'
[2015.02.22-13.57.47:050][365]BlueprintLog: New page: Compile Rotator
[2015.02.22-13.57.47:139][365]BlueprintEditorCompileResults: Info [0427.40] Compile of Rotator successful! [in 86 ms]
[2015.02.22-13.58.29:032][509]LogContentBrowser:Verbose: The content browser source was changed by the sources view to 'None'
[2015.02.22-13.58.29:032][509]LogContentBrowser:Verbose: The content browser source was changed by the sources view to '/Game/Meshes'
[2015.02.22-13.58.30:765][536]LogContentBrowser:Verbose: The content browser source was changed by the sources view to '/Game/Audio'
[2015.02.22-13.59.25:924][ 97]LogContentBrowser:Verbose: The content browser source was changed by the sources view to 'None'
[2015.02.22-13.59.25:924][ 97]LogContentBrowser:Verbose: The content browser source was changed by the sources view to '/Game/Meshes'
[2015.02.22-13.59.27:458][116]LogContentBrowser:Verbose: The content browser source was changed by the sources view to '/Game/Audio'
[2015.02.22-14.00.57:874][449]LogSavePackage: Save=40.848377ms
[2015.02.22-14.00.57:874][449]LogSavePackage: Moving '../../../../../../Users/Edi/Documents/Unreal Projects/Blindness-dev/Saved/Example_Map_Auto15EBA3453473F9059CB2B29AB7DB78BEE.tmp' to '../../../../../../Users/Edi/Documents/Unreal Projects/Blindness-dev/Saved/Autosaves/Game/Maps/Example_Map_Auto1.umap'
[2015.02.22-14.00.57:883][449]LogFileHelpers: Editor autosave (incl. sublevels) for '/Game/Maps/Example_Map' took 0.124
[2015.02.22-14.00.57:883][449]LogFileHelpers: Editor autosave (incl. sublevels) for all levels took 0.124
[2015.02.22-14.00.57:895][449]OBJ SavePackage: Generating thumbnails for [1] asset(s) in package [/Game/Meshes/Rotator] ([1] browsable assets)...
[2015.02.22-14.00.57:924][449]OBJ SavePackage:     Rendered thumbnail for [Blueprint /Game/Meshes/Rotator.Rotator]
[2015.02.22-14.00.57:924][449]OBJ SavePackage: Finished generating thumbnails for package [/Game/Meshes/Rotator]
[2015.02.22-14.00.57:926][449]Cmd: OBJ SAVEPACKAGE PACKAGE="/Game/Meshes/Rotator" FILE="../../../../../../Users/Edi/Documents/Unreal Projects/Blindness-dev/Saved/Autosaves/Game/Meshes/Rotator_Auto1.uasset" SILENT=false AUTOSAVING=true
[2015.02.22-14.00.58:260][449]LogSavePackage: Save=324.543365ms
[2015.02.22-14.00.58:260][449]LogSavePackage: Moving '../../../../../../Users/Edi/Documents/Unreal Projects/Blindness-dev/Saved/Rotator_Auto1AFEF59244729BA56545D9CBE502869EE.tmp' to '../../../../../../Users/Edi/Documents/Unreal Projects/Blindness-dev/Saved/Autosaves/Game/Meshes/Rotator_Auto1.uasset'
[2015.02.22-14.00.58:276][449]OBJ SavePackage: Generating thumbnails for [0] asset(s) in package [/Game/Audio/Machine_sound-Marianne_Gagnon-88253407] ([1] browsable assets)...
[2015.02.22-14.00.58:276][449]OBJ SavePackage: Finished generating thumbnails for package [/Game/Audio/Machine_sound-Marianne_Gagnon-88253407]
[2015.02.22-14.00.58:291][449]LogSavePackage: Save=11.819118ms
[2015.02.22-14.00.58:291][449]LogSavePackage: Moving '../../../../../../Users/Edi/Documents/Unreal Projects/Blindness-dev/Saved/Machine_sound-Marianne_Gagnon-88253407_Auto12E1B50A448E882E9E0454095603F2C53.tmp' to '../../../../../../Users/Edi/Documents/Unreal Projects/Blindness-dev/Saved/Autosaves/Game/Audio/Machine_sound-Marianne_Gagnon-88253407_Auto1.uasset'
[2015.02.22-14.00.58:295][449]LogFileHelpers: Auto-saving content packages took 0.412
[2015.02.22-14.02.17:231][969]LogFactory: FactoryCreateBinary: SoundWave with SoundFactory (0 0 ../../../../../../Users/Edi/Documents/Unreal Projects/Blindness-dev/Content/Audio/Machine_sound-Marianne_Gagnon-88253407.wav)
[2015.02.22-14.02.17:234][969]LogAudioDerivedData:Display: Building compressed audio format OGG wave Machine_sound-Marianne_Gagnon-88253407...
[2015.02.22-14.02.17:413][969]LogAudioDerivedData:Warning: Updated SoundWave->RawPCMDataSize during cooking SoundWave /Game/Audio/Machine_sound-Marianne_Gagnon-88253407.Machine_sound-Marianne_Gagnon-88253407.
[2015.02.22-14.02.17:420][969]LogContentBrowser:Verbose: The content browser source was changed by the sources view to 'None'
[2015.02.22-14.02.17:421][969]LogContentBrowser:Verbose: The content browser source was changed by the sources view to '/Game/Audio'
[2015.02.22-14.02.32:903][320]LogContentBrowser:Verbose: The content browser source was changed by the sources view to '/Game/Blueprints'
[2015.02.22-14.02.36:061][371]LogContentBrowser:Verbose: The content browser source was changed by the sources view to '/Game/Meshes'
[2015.02.22-14.03.18:733][253]LogPropertyNode:Warning: UI Min (0.001) >= UI Max () for Ranged Numeric
[2015.02.22-14.03.22:153][306]LogPropertyNode:Warning: UI Min (0.001) >= UI Max () for Ranged Numeric
[2015.02.22-14.03.59:770][926]LogWindows:Error: Windows GetLastError: The operation completed successfully. (0)
[2015.02.22-14.03.59:770][926]LogCrashTracker: 


[2015.02.22-14.04.01:855][926]LogCrashTracker: 


[2015.02.22-14.04.01:855][926]LogWindows: === Critical error: ===
Assertion failed: (Index >= 0) & (Index < ArrayNum) [File:D:\BuildFarm\buildmachine_++depot+UE4-Releases+4.6\Engine\Source\Runtime\Core\Public\Containers\Array.h] [Line: 679] 
Array index out of bounds: 9 from an array of size 5


KERNELBASE.dll!UnknownFunction (0x00007ff92b7a8384) + 0 bytes [UnknownFile:0]
UE4Editor-Core.dll!UnknownFunction (0x00007ff902c72f7d) + 0 bytes [UnknownFile:0]
UE4Editor-Core.dll!UnknownFunction (0x00007ff902b060f8) + 0 bytes [UnknownFile:0]
UE4Editor-Core.dll!UnknownFunction (0x00007ff902ae9192) + 0 bytes [UnknownFile:0]
UE4Editor-Slate.dll!UnknownFunction (0x00007ff8ffcbf09f) + 0 bytes [UnknownFile:0]
UE4Editor-Slate.dll!UnknownFunction (0x00007ff8ffca4534) + 0 bytes [UnknownFile:0]
UE4Editor-Slate.dll!UnknownFunction (0x00007ff8ffbfa993) + 0 bytes [UnknownFile:0]
UE4Editor-Slate.dll!UnknownFunction (0x00007ff8ffcad0cc) + 0 bytes [UnknownFile:0]
UE4Editor-Slate.dll!UnknownFunction (0x00007ff8ffae8be2) + 0 bytes [UnknownFile:0]
UE4Editor-Slate.dll!UnknownFunction (0x00007ff8ffaa5f4d) + 0 bytes [UnknownFile:0]
UE4Editor-Slate.dll!UnknownFunction (0x00007ff8ffaa788a) + 0 bytes [UnknownFile:0]
UE4Editor-Slate.dll!UnknownFunction (0x00007ff8ffb4a209) + 0 bytes [UnknownFile:0]
UE4Editor-Slate.dll!UnknownFunction (0x00007ff8ffb3b0c8) + 0 bytes [UnknownFile:0]
UE4Editor-Core.dll!UnknownFunction (0x00007ff902bde6c4) + 0 bytes [UnknownFile:0]
UE4Editor-Core.dll!UnknownFunction (0x00007ff902bca1fb) + 0 bytes [UnknownFile:0]
UE4Editor-Core.dll!UnknownFunction (0x00007ff902bdfbbb) + 0 bytes [UnknownFile:0]
UE4Editor-Core.dll!UnknownFunction (0x00007ff902bc6cf2) + 0 bytes [UnknownFile:0]
USER32.dll!UnknownFunction (0x00007ff92c112524) + 0 bytes [UnknownFile:0]
USER32.dll!UnknownFunction (0x00007ff92c112387) + 0 bytes [UnknownFile:0]
UE4Editor-Core.dll!UnknownFunction (0x00007ff902be0076) + 0 bytes [UnknownFile:0]
UE4Editor.exe!FEngineLoop::Tick() (0x00007ff68894cbda) + 8 bytes [d:\buildfarm\buildmachine_++depot+ue4-releases+4.6\engine\source\runtime\launch\private\launchengineloop.cpp:2193]
UE4Editor.exe!GuardedMain() (0x00007ff68894089f) + 0 bytes [d:\buildfarm\buildmachine_++depot+ue4-releases+4.6\engine\source\runtime\launch\private\launch.cpp:131]
UE4Editor.exe!GuardedMainWrapper() (0x00007ff68894090a) + 5 bytes [d:\buildfarm\buildmachine_++depot+ue4-releases+4.6\engine\source\runtime\launch\private\windows\launchwindows.cpp:126]
UE4Editor.exe!WinMain() (0x00007ff68894e3d9) + 17 bytes [d:\buildfarm\buildmachine_++depot+ue4-releases+4.6\engine\source\runtime\launch\private\windows\launchwindows.cpp:202]
UE4Editor.exe!__tmainCRTStartup() (0x00007ff68894f319) + 21 bytes [f:\dd\vctools\crt\crtw32\dllstuff\crtexe.c:618]
KERNEL32.DLL!UnknownFunction (0x00007ff92c4a1611) + 0 bytes [UnknownFile:0]
ntdll.dll!UnknownFunction (0x00007ff92e1464ad) + 0 bytes [UnknownFile:0]
ntdll.dll!UnknownFunction (0x00007ff92e1464ad) + 0 bytes [UnknownFile:0]


[2015.02.22-14.04.02:095][926]LogExit: Executing StaticShutdownAfterError
[2015.02.22-14.04.02:133][926]LogWindows: FPlatformMisc::RequestExit(1)
[2015.02.22-14.04.02:133][926]Log file closed, 02/22/15 15:04:02
